timestamp=2026-04-19T12:28:23Z
branch=stf-recurrence-telemetry
run_id=2026-04-19_stf-recurrence-telemetry_cosine_nvidia-geforce-rtx-4090_4gpu_i2000_run1
score_fn=cosine
nproc_per_node=4
W0419 12:28:24.989000 11514 torch/distributed/run.py:803] 
W0419 12:28:24.989000 11514 torch/distributed/run.py:803] *****************************************
W0419 12:28:24.989000 11514 torch/distributed/run.py:803] Setting OMP_NUM_THREADS environment variable for each process to be 1 in default, to avoid your system being overloaded, please further tune the variable for optimal performance in your application as needed. 
W0419 12:28:24.989000 11514 torch/distributed/run.py:803] *****************************************
logs/2026-04-19_stf-recurrence-telemetry_cosine_nvidia-geforce-rtx-4090_4gpu_i2000_run1.txt
val_bpb:enabled tokenizer_kind=sentencepiece tokenizer_path=./data/tokenizers/fineweb_1024_bpe.model
train_loader:dataset:fineweb10B_sp1024 train_shards:80
val_loader:shards pattern=./data/datasets/fineweb10B_sp1024/fineweb_val_*.bin tokens:62021632
model_params:17059912
world_size:4 grad_accum_steps:2
sdp_backends:cudnn=False flash=True mem_efficient=False math=False
attention_mode:gqa num_heads:8 num_kv_heads:4
tie_embeddings:True embed_lr:0.05 head_lr:0.0 matrix_lr:0.04 scalar_lr:0.04
train_batch_tokens:262144 train_seq_len:1024 iterations:2000 warmup_steps:0 max_wallclock_seconds:0.000
compile_model:False
stf_mode:recurrence stf_warmup_layers:3 stf_depth_cap:0 stf_threshold:0.045 stf_ema_decay:0.85 stf_min_active_ratio:0.35 stf_score_fn:cosine stf_telemetry:True
seed:1337
step:0/2000 val_loss:6.9357 val_bpb:4.1077 train_time:0ms step_avg:0.02ms
step:1/2000 train_loss:6.9368 train_time:1314ms step_avg:1314.04ms
step:1/2000 stf_stats calls:1434 layers:6 score_mean:-0.000000 score_max:0.000000 active_pre_mean:0.0000 active_mean:0.5312 active_min:0.3642 active_max:0.8014 active_by_layer:3:0.801,4:0.801,5:0.427,6:0.427,7:0.364,8:0.366 compute_mode:full_block_then_freeze computed_token_ratio:1.0000 active_token_ratio:0.5312 frozen_token_ratio:0.4688 actual_skip_ratio:0.0000 theoretical_skip_ratio:0.4688 skip_efficiency:0.0000 computed_by_layer:3:1.000,4:1.000,5:1.000,6:1.000,7:1.000,8:1.000 actual_skip_by_layer:3:0.000,4:0.000,5:0.000,6:0.000,7:0.000,8:0.000
step:2/2000 train_loss:17.2786 train_time:1648ms step_avg:824.08ms
step:2/2000 stf_stats calls:12 layers:6 score_mean:0.001091 score_max:0.001485 active_pre_mean:0.0000 active_mean:0.3500 active_min:0.3500 active_max:0.3501 active_by_layer:3:0.350,4:0.350,5:0.350,6:0.350,7:0.350,8:0.350 compute_mode:full_block_then_freeze computed_token_ratio:1.0000 active_token_ratio:0.3500 frozen_token_ratio:0.6500 actual_skip_ratio:0.0000 theoretical_skip_ratio:0.6500 skip_efficiency:0.0000 computed_by_layer:3:1.000,4:1.000,5:1.000,6:1.000,7:1.000,8:1.000 actual_skip_by_layer:3:0.000,4:0.000,5:0.000,6:0.000,7:0.000,8:0.000
step:3/2000 train_loss:9.1290 train_time:1914ms step_avg:638.10ms
step:3/2000 stf_stats calls:12 layers:6 score_mean:0.001274 score_max:0.003727 active_pre_mean:0.0000 active_mean:0.3500 active_min:0.3500 active_max:0.3500 active_by_layer:3:0.350,4:0.350,5:0.350,6:0.350,7:0.350,8:0.350 compute_mode:full_block_then_freeze computed_token_ratio:1.0000 active_token_ratio:0.3500 frozen_token_ratio:0.6500 actual_skip_ratio:0.0000 theoretical_skip_ratio:0.6500 skip_efficiency:0.0000 computed_by_layer:3:1.000,4:1.000,5:1.000,6:1.000,7:1.000,8:1.000 actual_skip_by_layer:3:0.000,4:0.000,5:0.000,6:0.000,7:0.000,8:0.000
step:4/2000 train_loss:6.6283 train_time:2183ms step_avg:545.81ms
step:4/2000 stf_stats calls:12 layers:6 score_mean:0.001191 score_max:0.006455 active_pre_mean:0.0000 active_mean:0.3500 active_min:0.3500 active_max:0.3500 active_by_layer:3:0.350,4:0.350,5:0.350,6:0.350,7:0.350,8:0.350 compute_mode:full_block_then_freeze computed_token_ratio:1.0000 active_token_ratio:0.3500 frozen_token_ratio:0.6500 actual_skip_ratio:0.0000 theoretical_skip_ratio:0.6500 skip_efficiency:0.0000 computed_by_layer:3:1.000,4:1.000,5:1.000,6:1.000,7:1.000,8:1.000 actual_skip_by_layer:3:0.000,4:0.000,5:0.000,6:0.000,7:0.000,8:0.000
step:5/2000 train_loss:6.4937 train_time:2452ms step_avg:490.36ms
step:5/2000 stf_stats calls:12 layers:6 score_mean:0.001042 score_max:0.010740 active_pre_mean:0.0000 active_mean:0.3500 active_min:0.3500 active_max:0.3500 active_by_layer:3:0.350,4:0.350,5:0.350,6:0.350,7:0.350,8:0.350 compute_mode:full_block_then_freeze computed_token_ratio:1.0000 active_token_ratio:0.3500 frozen_token_ratio:0.6500 actual_skip_ratio:0.0000 theoretical_skip_ratio:0.6500 skip_efficiency:0.0000 computed_by_layer:3:1.000,4:1.000,5:1.000,6:1.000,7:1.000,8:1.000 actual_skip_by_layer:3:0.000,4:0.000,5:0.000,6:0.000,7:0.000,8:0.000
step:6/2000 train_loss:6.5027 train_time:2720ms step_avg:453.33ms
step:6/2000 stf_stats calls:12 layers:6 score_mean:0.001018 score_max:0.014070 active_pre_mean:0.0000 active_mean:0.3500 active_min:0.3500 active_max:0.3500 active_by_layer:3:0.350,4:0.350,5:0.350,6:0.350,7:0.350,8:0.350 compute_mode:full_block_then_freeze computed_token_ratio:1.0000 active_token_ratio:0.3500 frozen_token_ratio:0.6500 actual_skip_ratio:0.0000 theoretical_skip_ratio:0.6500 skip_efficiency:0.0000 computed_by_layer:3:1.000,4:1.000,5:1.000,6:1.000,7:1.000,8:1.000 actual_skip_by_layer:3:0.000,4:0.000,5:0.000,6:0.000,7:0.000,8:0.000
step:7/2000 train_loss:6.3151 train_time:2988ms step_avg:426.81ms
step:7/2000 stf_stats calls:12 layers:6 score_mean:0.000984 score_max:0.014994 active_pre_mean:0.0000 active_mean:0.3500 active_min:0.3500 active_max:0.3500 active_by_layer:3:0.350,4:0.350,5:0.350,6:0.350,7:0.350,8:0.350 compute_mode:full_block_then_freeze computed_token_ratio:1.0000 active_token_ratio:0.3500 frozen_token_ratio:0.6500 actual_skip_ratio:0.0000 theoretical_skip_ratio:0.6500 skip_efficiency:0.0000 computed_by_layer:3:1.000,4:1.000,5:1.000,6:1.000,7:1.000,8:1.000 actual_skip_by_layer:3:0.000,4:0.000,5:0.000,6:0.000,7:0.000,8:0.000
step:8/2000 train_loss:6.1235 train_time:3255ms step_avg:406.87ms
step:8/2000 stf_stats calls:12 layers:6 score_mean:0.000967 score_max:0.017433 active_pre_mean:0.0000 active_mean:0.3500 active_min:0.3500 active_max:0.3500 active_by_layer:3:0.350,4:0.350,5:0.350,6:0.350,7:0.350,8:0.350 compute_mode:full_block_then_freeze computed_token_ratio:1.0000 active_token_ratio:0.3500 frozen_token_ratio:0.6500 actual_skip_ratio:0.0000 theoretical_skip_ratio:0.6500 skip_efficiency:0.0000 computed_by_layer:3:1.000,4:1.000,5:1.000,6:1.000,7:1.000,8:1.000 actual_skip_by_layer:3:0.000,4:0.000,5:0.000,6:0.000,7:0.000,8:0.000
step:9/2000 train_loss:5.9923 train_time:3523ms step_avg:391.49ms
step:9/2000 stf_stats calls:12 layers:6 score_mean:0.000934 score_max:0.029755 active_pre_mean:0.0000 active_mean:0.3500 active_min:0.3500 active_max:0.3501 active_by_layer:3:0.350,4:0.350,5:0.350,6:0.350,7:0.350,8:0.350 compute_mode:full_block_then_freeze computed_token_ratio:1.0000 active_token_ratio:0.3500 frozen_token_ratio:0.6500 actual_skip_ratio:0.0000 theoretical_skip_ratio:0.6500 skip_efficiency:0.0000 computed_by_layer:3:1.000,4:1.000,5:1.000,6:1.000,7:1.000,8:1.000 actual_skip_by_layer:3:0.000,4:0.000,5:0.000,6:0.000,7:0.000,8:0.000
step:10/2000 train_loss:6.0177 train_time:3791ms step_avg:379.12ms
step:10/2000 stf_stats calls:12 layers:6 score_mean:0.000921 score_max:0.027043 active_pre_mean:0.0000 active_mean:0.3500 active_min:0.3500 active_max:0.3500 active_by_layer:3:0.350,4:0.350,5:0.350,6:0.350,7:0.350,8:0.350 compute_mode:full_block_then_freeze computed_token_ratio:1.0000 active_token_ratio:0.3500 frozen_token_ratio:0.6500 actual_skip_ratio:0.0000 theoretical_skip_ratio:0.6500 skip_efficiency:0.0000 computed_by_layer:3:1.000,4:1.000,5:1.000,6:1.000,7:1.000,8:1.000 actual_skip_by_layer:3:0.000,4:0.000,5:0.000,6:0.000,7:0.000,8:0.000
step:100/2000 train_loss:3.8388 train_time:27840ms step_avg:278.40ms
step:100/2000 stf_stats calls:1080 layers:6 score_mean:0.004388 score_max:0.185144 active_pre_mean:0.0028 active_mean:0.3500 active_min:0.3500 active_max:0.3500 active_by_layer:3:0.350,4:0.350,5:0.350,6:0.350,7:0.350,8:0.350 compute_mode:full_block_then_freeze computed_token_ratio:1.0000 active_token_ratio:0.3500 frozen_token_ratio:0.6500 actual_skip_ratio:0.0000 theoretical_skip_ratio:0.6500 skip_efficiency:0.0000 computed_by_layer:3:1.000,4:1.000,5:1.000,6:1.000,7:1.000,8:1.000 actual_skip_by_layer:3:0.000,4:0.000,5:0.000,6:0.000,7:0.000,8:0.000
step:200/2000 train_loss:3.3233 train_time:54563ms step_avg:272.82ms
step:200/2000 stf_stats calls:1200 layers:6 score_mean:0.018040 score_max:0.290310 active_pre_mean:0.0530 active_mean:0.3500 active_min:0.3500 active_max:0.3500 active_by_layer:3:0.350,4:0.350,5:0.350,6:0.350,7:0.350,8:0.350 compute_mode:full_block_then_freeze computed_token_ratio:1.0000 active_token_ratio:0.3500 frozen_token_ratio:0.6500 actual_skip_ratio:0.0000 theoretical_skip_ratio:0.6500 skip_efficiency:0.0000 computed_by_layer:3:1.000,4:1.000,5:1.000,6:1.000,7:1.000,8:1.000 actual_skip_by_layer:3:0.000,4:0.000,5:0.000,6:0.000,7:0.000,8:0.000
step:200/2000 val_loss:3.2863 val_bpb:1.9463 train_time:54626ms step_avg:273.13ms
step:300/2000 train_loss:2.9932 train_time:81266ms step_avg:270.89ms
step:300/2000 stf_stats calls:2622 layers:6 score_mean:0.031305 score_max:0.296544 active_pre_mean:0.1693 active_mean:0.3500 active_min:0.3500 active_max:0.3500 active_by_layer:3:0.350,4:0.350,5:0.350,6:0.350,7:0.350,8:0.350 compute_mode:full_block_then_freeze computed_token_ratio:1.0000 active_token_ratio:0.3500 frozen_token_ratio:0.6500 actual_skip_ratio:0.0000 theoretical_skip_ratio:0.6500 skip_efficiency:0.0000 computed_by_layer:3:1.000,4:1.000,5:1.000,6:1.000,7:1.000,8:1.000 actual_skip_by_layer:3:0.000,4:0.000,5:0.000,6:0.000,7:0.000,8:0.000
step:400/2000 train_loss:2.7540 train_time:108008ms step_avg:270.02ms
step:400/2000 stf_stats calls:1200 layers:6 score_mean:0.055673 score_max:0.369789 active_pre_mean:0.6438 active_mean:0.3500 active_min:0.3500 active_max:0.3500 active_by_layer:3:0.350,4:0.350,5:0.350,6:0.350,7:0.350,8:0.350 compute_mode:full_block_then_freeze computed_token_ratio:1.0000 active_token_ratio:0.3500 frozen_token_ratio:0.6500 actual_skip_ratio:0.0000 theoretical_skip_ratio:0.6500 skip_efficiency:0.0000 computed_by_layer:3:1.000,4:1.000,5:1.000,6:1.000,7:1.000,8:1.000 actual_skip_by_layer:3:0.000,4:0.000,5:0.000,6:0.000,7:0.000,8:0.000
step:400/2000 val_loss:2.8280 val_bpb:1.6749 train_time:108071ms step_avg:270.18ms
step:500/2000 train_loss:2.6796 train_time:134683ms step_avg:269.37ms
step:500/2000 stf_stats calls:2622 layers:6 score_mean:0.064160 score_max:0.340249 active_pre_mean:0.8066 active_mean:0.3500 active_min:0.3500 active_max:0.3500 active_by_layer:3:0.350,4:0.350,5:0.350,6:0.350,7:0.350,8:0.350 compute_mode:full_block_then_freeze computed_token_ratio:1.0000 active_token_ratio:0.3500 frozen_token_ratio:0.6500 actual_skip_ratio:0.0000 theoretical_skip_ratio:0.6500 skip_efficiency:0.0000 computed_by_layer:3:1.000,4:1.000,5:1.000,6:1.000,7:1.000,8:1.000 actual_skip_by_layer:3:0.000,4:0.000,5:0.000,6:0.000,7:0.000,8:0.000
step:600/2000 train_loss:2.6263 train_time:161383ms step_avg:268.97ms
step:600/2000 stf_stats calls:1200 layers:6 score_mean:0.069065 score_max:0.331279 active_pre_mean:0.8937 active_mean:0.3500 active_min:0.3500 active_max:0.3500 active_by_layer:3:0.350,4:0.350,5:0.350,6:0.350,7:0.350,8:0.350 compute_mode:full_block_then_freeze computed_token_ratio:1.0000 active_token_ratio:0.3500 frozen_token_ratio:0.6500 actual_skip_ratio:0.0000 theoretical_skip_ratio:0.6500 skip_efficiency:0.0000 computed_by_layer:3:1.000,4:1.000,5:1.000,6:1.000,7:1.000,8:1.000 actual_skip_by_layer:3:0.000,4:0.000,5:0.000,6:0.000,7:0.000,8:0.000
step:600/2000 val_loss:2.6504 val_bpb:1.5697 train_time:161446ms step_avg:269.08ms
step:700/2000 train_loss:2.5499 train_time:188087ms step_avg:268.70ms
step:700/2000 stf_stats calls:2622 layers:6 score_mean:0.070249 score_max:0.368696 active_pre_mean:0.9166 active_mean:0.3500 active_min:0.3500 active_max:0.3500 active_by_layer:3:0.350,4:0.350,5:0.350,6:0.350,7:0.350,8:0.350 compute_mode:full_block_then_freeze computed_token_ratio:1.0000 active_token_ratio:0.3500 frozen_token_ratio:0.6500 actual_skip_ratio:0.0000 theoretical_skip_ratio:0.6500 skip_efficiency:0.0000 computed_by_layer:3:1.000,4:1.000,5:1.000,6:1.000,7:1.000,8:1.000 actual_skip_by_layer:3:0.000,4:0.000,5:0.000,6:0.000,7:0.000,8:0.000
step:800/2000 train_loss:2.3729 train_time:214781ms step_avg:268.48ms
step:800/2000 stf_stats calls:1200 layers:6 score_mean:0.073147 score_max:0.382051 active_pre_mean:0.9496 active_mean:0.3500 active_min:0.3500 active_max:0.3500 active_by_layer:3:0.350,4:0.350,5:0.350,6:0.350,7:0.350,8:0.350 compute_mode:full_block_then_freeze computed_token_ratio:1.0000 active_token_ratio:0.3500 frozen_token_ratio:0.6500 actual_skip_ratio:0.0000 theoretical_skip_ratio:0.6500 skip_efficiency:0.0000 computed_by_layer:3:1.000,4:1.000,5:1.000,6:1.000,7:1.000,8:1.000 actual_skip_by_layer:3:0.000,4:0.000,5:0.000,6:0.000,7:0.000,8:0.000
step:800/2000 val_loss:2.5580 val_bpb:1.5150 train_time:214844ms step_avg:268.55ms
step:900/2000 train_loss:2.4612 train_time:241471ms step_avg:268.30ms
step:900/2000 stf_stats calls:2622 layers:6 score_mean:0.074902 score_max:0.393221 active_pre_mean:0.9645 active_mean:0.3500 active_min:0.3500 active_max:0.3500 active_by_layer:3:0.350,4:0.350,5:0.350,6:0.350,7:0.350,8:0.350 compute_mode:full_block_then_freeze computed_token_ratio:1.0000 active_token_ratio:0.3500 frozen_token_ratio:0.6500 actual_skip_ratio:0.0000 theoretical_skip_ratio:0.6500 skip_efficiency:0.0000 computed_by_layer:3:1.000,4:1.000,5:1.000,6:1.000,7:1.000,8:1.000 actual_skip_by_layer:3:0.000,4:0.000,5:0.000,6:0.000,7:0.000,8:0.000
step:1000/2000 train_loss:2.4266 train_time:268121ms step_avg:268.12ms
step:1000/2000 stf_stats calls:1200 layers:6 score_mean:0.076731 score_max:0.358670 active_pre_mean:0.9750 active_mean:0.3500 active_min:0.3500 active_max:0.3500 active_by_layer:3:0.350,4:0.350,5:0.350,6:0.350,7:0.350,8:0.350 compute_mode:full_block_then_freeze computed_token_ratio:1.0000 active_token_ratio:0.3500 frozen_token_ratio:0.6500 actual_skip_ratio:0.0000 theoretical_skip_ratio:0.6500 skip_efficiency:0.0000 computed_by_layer:3:1.000,4:1.000,5:1.000,6:1.000,7:1.000,8:1.000 actual_skip_by_layer:3:0.000,4:0.000,5:0.000,6:0.000,7:0.000,8:0.000
step:1000/2000 val_loss:2.4845 val_bpb:1.4715 train_time:268185ms step_avg:268.18ms
step:1100/2000 train_loss:2.4202 train_time:294785ms step_avg:267.99ms
step:1100/2000 stf_stats calls:2622 layers:6 score_mean:0.077568 score_max:0.366582 active_pre_mean:0.9807 active_mean:0.3500 active_min:0.3500 active_max:0.3500 active_by_layer:3:0.350,4:0.350,5:0.350,6:0.350,7:0.350,8:0.350 compute_mode:full_block_then_freeze computed_token_ratio:1.0000 active_token_ratio:0.3500 frozen_token_ratio:0.6500 actual_skip_ratio:0.0000 theoretical_skip_ratio:0.6500 skip_efficiency:0.0000 computed_by_layer:3:1.000,4:1.000,5:1.000,6:1.000,7:1.000,8:1.000 actual_skip_by_layer:3:0.000,4:0.000,5:0.000,6:0.000,7:0.000,8:0.000
step:1200/2000 train_loss:2.5977 train_time:321448ms step_avg:267.87ms
step:1200/2000 stf_stats calls:1200 layers:6 score_mean:0.079565 score_max:0.362777 active_pre_mean:0.9873 active_mean:0.3500 active_min:0.3500 active_max:0.3500 active_by_layer:3:0.350,4:0.350,5:0.350,6:0.350,7:0.350,8:0.350 compute_mode:full_block_then_freeze computed_token_ratio:1.0000 active_token_ratio:0.3500 frozen_token_ratio:0.6500 actual_skip_ratio:0.0000 theoretical_skip_ratio:0.6500 skip_efficiency:0.0000 computed_by_layer:3:1.000,4:1.000,5:1.000,6:1.000,7:1.000,8:1.000 actual_skip_by_layer:3:0.000,4:0.000,5:0.000,6:0.000,7:0.000,8:0.000
step:1200/2000 val_loss:2.4354 val_bpb:1.4424 train_time:321514ms step_avg:267.93ms
step:1300/2000 train_loss:2.2907 train_time:348130ms step_avg:267.79ms
step:1300/2000 stf_stats calls:2622 layers:6 score_mean:0.080650 score_max:0.387235 active_pre_mean:0.9899 active_mean:0.3500 active_min:0.3500 active_max:0.3500 active_by_layer:3:0.350,4:0.350,5:0.350,6:0.350,7:0.350,8:0.350 compute_mode:full_block_then_freeze computed_token_ratio:1.0000 active_token_ratio:0.3500 frozen_token_ratio:0.6500 actual_skip_ratio:0.0000 theoretical_skip_ratio:0.6500 skip_efficiency:0.0000 computed_by_layer:3:1.000,4:1.000,5:1.000,6:1.000,7:1.000,8:1.000 actual_skip_by_layer:3:0.000,4:0.000,5:0.000,6:0.000,7:0.000,8:0.000
step:1400/2000 train_loss:2.4010 train_time:374828ms step_avg:267.73ms
step:1400/2000 stf_stats calls:1200 layers:6 score_mean:0.081707 score_max:0.363405 active_pre_mean:0.9919 active_mean:0.3500 active_min:0.3500 active_max:0.3500 active_by_layer:3:0.350,4:0.350,5:0.350,6:0.350,7:0.350,8:0.350 compute_mode:full_block_then_freeze computed_token_ratio:1.0000 active_token_ratio:0.3500 frozen_token_ratio:0.6500 actual_skip_ratio:0.0000 theoretical_skip_ratio:0.6500 skip_efficiency:0.0000 computed_by_layer:3:1.000,4:1.000,5:1.000,6:1.000,7:1.000,8:1.000 actual_skip_by_layer:3:0.000,4:0.000,5:0.000,6:0.000,7:0.000,8:0.000
step:1400/2000 val_loss:2.3930 val_bpb:1.4173 train_time:374895ms step_avg:267.78ms
step:1500/2000 train_loss:2.3553 train_time:401561ms step_avg:267.71ms
step:1500/2000 stf_stats calls:2622 layers:6 score_mean:0.082916 score_max:0.360546 active_pre_mean:0.9933 active_mean:0.3500 active_min:0.3500 active_max:0.3500 active_by_layer:3:0.350,4:0.350,5:0.350,6:0.350,7:0.350,8:0.350 compute_mode:full_block_then_freeze computed_token_ratio:1.0000 active_token_ratio:0.3500 frozen_token_ratio:0.6500 actual_skip_ratio:0.0000 theoretical_skip_ratio:0.6500 skip_efficiency:0.0000 computed_by_layer:3:1.000,4:1.000,5:1.000,6:1.000,7:1.000,8:1.000 actual_skip_by_layer:3:0.000,4:0.000,5:0.000,6:0.000,7:0.000,8:0.000
step:1600/2000 train_loss:2.3245 train_time:428281ms step_avg:267.68ms
step:1600/2000 stf_stats calls:1200 layers:6 score_mean:0.083336 score_max:0.352569 active_pre_mean:0.9946 active_mean:0.3500 active_min:0.3500 active_max:0.3500 active_by_layer:3:0.350,4:0.350,5:0.350,6:0.350,7:0.350,8:0.350 compute_mode:full_block_then_freeze computed_token_ratio:1.0000 active_token_ratio:0.3500 frozen_token_ratio:0.6500 actual_skip_ratio:0.0000 theoretical_skip_ratio:0.6500 skip_efficiency:0.0000 computed_by_layer:3:1.000,4:1.000,5:1.000,6:1.000,7:1.000,8:1.000 actual_skip_by_layer:3:0.000,4:0.000,5:0.000,6:0.000,7:0.000,8:0.000
step:1600/2000 val_loss:2.3617 val_bpb:1.3988 train_time:428348ms step_avg:267.72ms
step:1700/2000 train_loss:2.4298 train_time:454954ms step_avg:267.62ms
step:1700/2000 stf_stats calls:2622 layers:6 score_mean:0.084084 score_max:0.368243 active_pre_mean:0.9951 active_mean:0.3500 active_min:0.3500 active_max:0.3500 active_by_layer:3:0.350,4:0.350,5:0.350,6:0.350,7:0.350,8:0.350 compute_mode:full_block_then_freeze computed_token_ratio:1.0000 active_token_ratio:0.3500 frozen_token_ratio:0.6500 actual_skip_ratio:0.0000 theoretical_skip_ratio:0.6500 skip_efficiency:0.0000 computed_by_layer:3:1.000,4:1.000,5:1.000,6:1.000,7:1.000,8:1.000 actual_skip_by_layer:3:0.000,4:0.000,5:0.000,6:0.000,7:0.000,8:0.000
step:1800/2000 train_loss:2.3480 train_time:481673ms step_avg:267.60ms
step:1800/2000 stf_stats calls:1200 layers:6 score_mean:0.084664 score_max:0.349116 active_pre_mean:0.9957 active_mean:0.3500 active_min:0.3500 active_max:0.3500 active_by_layer:3:0.350,4:0.350,5:0.350,6:0.350,7:0.350,8:0.350 compute_mode:full_block_then_freeze computed_token_ratio:1.0000 active_token_ratio:0.3500 frozen_token_ratio:0.6500 actual_skip_ratio:0.0000 theoretical_skip_ratio:0.6500 skip_efficiency:0.0000 computed_by_layer:3:1.000,4:1.000,5:1.000,6:1.000,7:1.000,8:1.000 actual_skip_by_layer:3:0.000,4:0.000,5:0.000,6:0.000,7:0.000,8:0.000
step:1800/2000 val_loss:2.3331 val_bpb:1.3818 train_time:481736ms step_avg:267.63ms
step:1900/2000 train_loss:2.2391 train_time:508343ms step_avg:267.55ms
step:1900/2000 stf_stats calls:2622 layers:6 score_mean:0.084794 score_max:0.356130 active_pre_mean:0.9959 active_mean:0.3500 active_min:0.3500 active_max:0.3500 active_by_layer:3:0.350,4:0.350,5:0.350,6:0.350,7:0.350,8:0.350 compute_mode:full_block_then_freeze computed_token_ratio:1.0000 active_token_ratio:0.3500 frozen_token_ratio:0.6500 actual_skip_ratio:0.0000 theoretical_skip_ratio:0.6500 skip_efficiency:0.0000 computed_by_layer:3:1.000,4:1.000,5:1.000,6:1.000,7:1.000,8:1.000 actual_skip_by_layer:3:0.000,4:0.000,5:0.000,6:0.000,7:0.000,8:0.000
step:2000/2000 train_loss:2.3476 train_time:535022ms step_avg:267.51ms
step:2000/2000 stf_stats calls:1200 layers:6 score_mean:0.084450 score_max:0.362332 active_pre_mean:0.9959 active_mean:0.3500 active_min:0.3500 active_max:0.3500 active_by_layer:3:0.350,4:0.350,5:0.350,6:0.350,7:0.350,8:0.350 compute_mode:full_block_then_freeze computed_token_ratio:1.0000 active_token_ratio:0.3500 frozen_token_ratio:0.6500 actual_skip_ratio:0.0000 theoretical_skip_ratio:0.6500 skip_efficiency:0.0000 computed_by_layer:3:1.000,4:1.000,5:1.000,6:1.000,7:1.000,8:1.000 actual_skip_by_layer:3:0.000,4:0.000,5:0.000,6:0.000,7:0.000,8:0.000
step:2000/2000 val_loss:2.3132 val_bpb:1.3700 train_time:535089ms step_avg:267.54ms
peak memory allocated: 7056 MiB reserved: 7406 MiB
Serialized model: 67224983 bytes
Code size: 65644 bytes
Total submission size: 67290627 bytes
Serialized model int8+zlib: 14114821 bytes (payload:17178912 raw_torch:17224025 payload_ratio:3.91x)
Total submission size int8+zlib: 14180465 bytes
final_int8_zlib_roundtrip val_loss:2.3160 val_bpb:1.3717 eval_time:21264ms
final_int8_zlib_roundtrip_exact val_loss:2.31604300 val_bpb:1.37169112
