timestamp=2026-04-19T10:30:07Z
branch=stf-reactivation
run_id=2026-04-19_stf-reactivation_cosine_nvidia-geforce-rtx-4090_4gpu_i500_run1
score_fn=cosine
nproc_per_node=4
W0419 10:30:08.728000 9587 torch/distributed/run.py:803] 
W0419 10:30:08.728000 9587 torch/distributed/run.py:803] *****************************************
W0419 10:30:08.728000 9587 torch/distributed/run.py:803] Setting OMP_NUM_THREADS environment variable for each process to be 1 in default, to avoid your system being overloaded, please further tune the variable for optimal performance in your application as needed. 
W0419 10:30:08.728000 9587 torch/distributed/run.py:803] *****************************************
logs/2026-04-19_stf-reactivation_cosine_nvidia-geforce-rtx-4090_4gpu_i500_run1.txt
val_bpb:enabled tokenizer_kind=sentencepiece tokenizer_path=./data/tokenizers/fineweb_1024_bpe.model
train_loader:dataset:fineweb10B_sp1024 train_shards:80
val_loader:shards pattern=./data/datasets/fineweb10B_sp1024/fineweb_val_*.bin tokens:62021632
model_params:17059912
world_size:4 grad_accum_steps:2
sdp_backends:cudnn=False flash=True mem_efficient=False math=False
attention_mode:gqa num_heads:8 num_kv_heads:4
tie_embeddings:True embed_lr:0.05 head_lr:0.0 matrix_lr:0.04 scalar_lr:0.04
train_batch_tokens:524288 train_seq_len:1024 iterations:500 warmup_steps:0 max_wallclock_seconds:0.000
compile_model:False
stf_mode:reactivation stf_warmup_layers:3 stf_depth_cap:0 stf_threshold:0.045 stf_ema_decay:0.85 stf_min_active_ratio:0.35 stf_score_fn:cosine stf_telemetry:True
seed:1337
step:0/500 val_loss:6.9357 val_bpb:4.1077 train_time:0ms step_avg:0.02ms
step:1/500 train_loss:6.9367 train_time:1259ms step_avg:1258.98ms
step:1/500 stf_stats calls:1434 layers:6 score_mean:-0.000000 score_max:0.000000 active_pre_mean:0.0000 active_mean:0.5309 active_min:0.3640 active_max:0.8016 active_by_layer:3:0.802,4:0.802,5:0.427,6:0.427,7:0.364,8:0.364
step:2/500 train_loss:9.1066 train_time:1797ms step_avg:898.57ms
step:2/500 stf_stats calls:12 layers:6 score_mean:0.000217 score_max:0.000305 active_pre_mean:0.0000 active_mean:0.3501 active_min:0.3500 active_max:0.3502 active_by_layer:3:0.350,4:0.350,5:0.350,6:0.350,7:0.350,8:0.350
step:3/500 train_loss:6.3905 train_time:2293ms step_avg:764.22ms
step:3/500 stf_stats calls:12 layers:6 score_mean:0.000433 score_max:0.000809 active_pre_mean:0.0000 active_mean:0.3500 active_min:0.3500 active_max:0.3501 active_by_layer:3:0.350,4:0.350,5:0.350,6:0.350,7:0.350,8:0.350
step:4/500 train_loss:6.0452 train_time:2791ms step_avg:697.82ms
step:4/500 stf_stats calls:12 layers:6 score_mean:0.000584 score_max:0.001741 active_pre_mean:0.0000 active_mean:0.3500 active_min:0.3500 active_max:0.3500 active_by_layer:3:0.350,4:0.350,5:0.350,6:0.350,7:0.350,8:0.350
step:5/500 train_loss:6.3887 train_time:3288ms step_avg:657.57ms
step:5/500 stf_stats calls:12 layers:6 score_mean:0.000909 score_max:0.003060 active_pre_mean:0.0000 active_mean:0.3500 active_min:0.3500 active_max:0.3500 active_by_layer:3:0.350,4:0.350,5:0.350,6:0.350,7:0.350,8:0.350
step:6/500 train_loss:6.5375 train_time:3784ms step_avg:630.66ms
step:6/500 stf_stats calls:12 layers:6 score_mean:0.001349 score_max:0.004628 active_pre_mean:0.0000 active_mean:0.3500 active_min:0.3500 active_max:0.3500 active_by_layer:3:0.350,4:0.350,5:0.350,6:0.350,7:0.350,8:0.350
step:7/500 train_loss:6.2692 train_time:4279ms step_avg:611.24ms
step:7/500 stf_stats calls:12 layers:6 score_mean:0.001613 score_max:0.007855 active_pre_mean:0.0000 active_mean:0.3500 active_min:0.3500 active_max:0.3501 active_by_layer:3:0.350,4:0.350,5:0.350,6:0.350,7:0.350,8:0.350
step:8/500 train_loss:6.1746 train_time:4775ms step_avg:596.86ms
step:8/500 stf_stats calls:12 layers:6 score_mean:0.001816 score_max:0.011278 active_pre_mean:0.0000 active_mean:0.3500 active_min:0.3500 active_max:0.3500 active_by_layer:3:0.350,4:0.350,5:0.350,6:0.350,7:0.350,8:0.350
step:9/500 train_loss:5.9785 train_time:5270ms step_avg:585.57ms
step:9/500 stf_stats calls:12 layers:6 score_mean:0.001952 score_max:0.013464 active_pre_mean:0.0000 active_mean:0.3500 active_min:0.3500 active_max:0.3500 active_by_layer:3:0.350,4:0.350,5:0.350,6:0.350,7:0.350,8:0.350
step:10/500 train_loss:5.8196 train_time:5765ms step_avg:576.49ms
step:10/500 stf_stats calls:12 layers:6 score_mean:0.002010 score_max:0.016616 active_pre_mean:0.0000 active_mean:0.3500 active_min:0.3500 active_max:0.3500 active_by_layer:3:0.350,4:0.350,5:0.350,6:0.350,7:0.350,8:0.350
step:50/500 train_loss:4.3773 train_time:25563ms step_avg:511.26ms
step:50/500 stf_stats calls:480 layers:6 score_mean:0.006082 score_max:0.045552 active_pre_mean:0.0000 active_mean:0.3500 active_min:0.3500 active_max:0.3500 active_by_layer:3:0.350,4:0.350,5:0.350,6:0.350,7:0.350,8:0.350
step:50/500 val_loss:4.3236 val_bpb:2.5607 train_time:25633ms step_avg:512.66ms
step:100/500 train_loss:3.7595 train_time:50313ms step_avg:503.13ms
step:100/500 stf_stats calls:2022 layers:6 score_mean:0.005666 score_max:0.134587 active_pre_mean:0.0001 active_mean:0.3500 active_min:0.3500 active_max:0.3500 active_by_layer:3:0.350,4:0.350,5:0.350,6:0.350,7:0.350,8:0.350
step:100/500 val_loss:3.7596 val_bpb:2.2267 train_time:50380ms step_avg:503.80ms
step:150/500 train_loss:3.4668 train_time:75060ms step_avg:500.40ms
step:150/500 stf_stats calls:2022 layers:6 score_mean:0.008286 score_max:0.222930 active_pre_mean:0.0054 active_mean:0.3500 active_min:0.3500 active_max:0.3500 active_by_layer:3:0.350,4:0.350,5:0.350,6:0.350,7:0.350,8:0.350
step:150/500 val_loss:3.4325 val_bpb:2.0329 train_time:75130ms step_avg:500.87ms
step:200/500 train_loss:3.1226 train_time:99810ms step_avg:499.05ms
step:200/500 stf_stats calls:2022 layers:6 score_mean:0.013884 score_max:0.263998 active_pre_mean:0.0320 active_mean:0.3500 active_min:0.3500 active_max:0.3500 active_by_layer:3:0.350,4:0.350,5:0.350,6:0.350,7:0.350,8:0.350
step:200/500 val_loss:3.1626 val_bpb:1.8730 train_time:99880ms step_avg:499.40ms
step:250/500 train_loss:3.0058 train_time:124570ms step_avg:498.28ms
step:250/500 stf_stats calls:2022 layers:6 score_mean:0.019370 score_max:0.264272 active_pre_mean:0.0775 active_mean:0.3500 active_min:0.3500 active_max:0.3500 active_by_layer:3:0.350,4:0.350,5:0.350,6:0.350,7:0.350,8:0.350
step:250/500 val_loss:2.9653 val_bpb:1.7562 train_time:124639ms step_avg:498.55ms
step:300/500 train_loss:2.7824 train_time:149317ms step_avg:497.72ms
step:300/500 stf_stats calls:2022 layers:6 score_mean:0.024394 score_max:0.273772 active_pre_mean:0.1331 active_mean:0.3500 active_min:0.3500 active_max:0.3500 active_by_layer:3:0.350,4:0.350,5:0.350,6:0.350,7:0.350,8:0.350
step:300/500 val_loss:2.8607 val_bpb:1.6943 train_time:149387ms step_avg:497.96ms
step:350/500 train_loss:2.8243 train_time:174068ms step_avg:497.34ms
step:350/500 stf_stats calls:2022 layers:6 score_mean:0.027830 score_max:0.274432 active_pre_mean:0.1691 active_mean:0.3500 active_min:0.3500 active_max:0.3500 active_by_layer:3:0.350,4:0.350,5:0.350,6:0.350,7:0.350,8:0.350
step:350/500 val_loss:2.7917 val_bpb:1.6534 train_time:174137ms step_avg:497.54ms
step:400/500 train_loss:2.5437 train_time:198825ms step_avg:497.06ms
step:400/500 stf_stats calls:2022 layers:6 score_mean:0.031459 score_max:0.283367 active_pre_mean:0.2044 active_mean:0.3500 active_min:0.3500 active_max:0.3500 active_by_layer:3:0.350,4:0.350,5:0.350,6:0.350,7:0.350,8:0.350
step:400/500 val_loss:2.7453 val_bpb:1.6259 train_time:198894ms step_avg:497.24ms
step:450/500 train_loss:2.6926 train_time:223576ms step_avg:496.84ms
step:450/500 stf_stats calls:2022 layers:6 score_mean:0.034031 score_max:0.301581 active_pre_mean:0.2267 active_mean:0.3500 active_min:0.3500 active_max:0.3500 active_by_layer:3:0.350,4:0.350,5:0.350,6:0.350,7:0.350,8:0.350
step:450/500 val_loss:2.7050 val_bpb:1.6021 train_time:223645ms step_avg:496.99ms
step:500/500 train_loss:2.6323 train_time:248326ms step_avg:496.65ms
step:500/500 stf_stats calls:2022 layers:6 score_mean:0.035667 score_max:0.296687 active_pre_mean:0.2419 active_mean:0.3500 active_min:0.3500 active_max:0.3500 active_by_layer:3:0.350,4:0.350,5:0.350,6:0.350,7:0.350,8:0.350
step:500/500 val_loss:2.6858 val_bpb:1.5907 train_time:248396ms step_avg:496.79ms
peak memory allocated: 16929 MiB reserved: 17274 MiB
Serialized model: 67224983 bytes
Code size: 62180 bytes
Total submission size: 67287163 bytes
Serialized model int8+zlib: 8881109 bytes (payload:17178912 raw_torch:17224025 payload_ratio:3.91x)
Total submission size int8+zlib: 8943289 bytes
final_int8_zlib_roundtrip val_loss:2.7143 val_bpb:1.6075 eval_time:21289ms
final_int8_zlib_roundtrip_exact val_loss:2.71426723 val_bpb:1.60754194
