[2026-04-20T06:33:41Z] STOPPED

Reason: missing tokenizer at ./data/tokenizers/fineweb_1024_bpe.model
Exit: 1

Progress: ⬜⬜⬜⬜⬜⬜⬜⬜⬜⬜ 0/1
Branch: not set (0/1)
Formula: not set (0/1)
Run: not assigned
GPU: 4x NVIDIA GeForce RTX 4090
Iterations: 500
Pod: 4e98a68b09d0

Key error:
No console summary available.

Action: attend to the pod. (1/3)
[2026-04-20T06:33:46Z] STOPPED

Reason: missing tokenizer at ./data/tokenizers/fineweb_1024_bpe.model
Exit: 1

Progress: ⬜⬜⬜⬜⬜⬜⬜⬜⬜⬜ 0/1
Branch: not set (0/1)
Formula: not set (0/1)
Run: not assigned
GPU: 4x NVIDIA GeForce RTX 4090
Iterations: 500
Pod: 4e98a68b09d0

Key error:
No console summary available.

Action: attend to the pod. (2/3)
