[2026-04-19T13:05:46Z] SERIES STARTED

Branches (1): stf-soft-freeze-telemetry
Formulas (1): cosine
Total variants: 1
Progress: ⬜⬜⬜⬜⬜⬜⬜⬜⬜⬜ 0/1
Iterations: 2000
GPU: 4x NVIDIA GeForce RTX 4090
Pod: 5587e77716a5
From https://github.com/yuvaraj-97/parameter-golf-stf
 * branch            stf-soft-freeze-telemetry -> FETCH_HEAD
Switched to branch 'stf-soft-freeze-telemetry'
Your branch is up to date with 'origin/stf-soft-freeze-telemetry'.
Already up to date.
[2026-04-19T13:05:47Z] VARIANT STARTED

Progress: 🟩🟩🟩🟩🟩🟩🟩🟩🟩🟩 1/1
Branch: stf-soft-freeze-telemetry (1/1)
Formula: cosine (1/1)
Run: 2026-04-19_stf-soft-freeze-telemetry_cosine_nvidia-geforce-rtx-4090_4gpu_i2000_run1
GPU: 4x NVIDIA GeForce RTX 4090
Iterations: 2000
Pod: 5587e77716a5
timestamp=2026-04-19T13:05:47Z
branch=stf-soft-freeze-telemetry
run_id=2026-04-19_stf-soft-freeze-telemetry_cosine_nvidia-geforce-rtx-4090_4gpu_i2000_run1
score_fn=cosine
nproc_per_node=4
W0419 13:05:49.446000 12275 torch/distributed/run.py:803] 
W0419 13:05:49.446000 12275 torch/distributed/run.py:803] *****************************************
W0419 13:05:49.446000 12275 torch/distributed/run.py:803] Setting OMP_NUM_THREADS environment variable for each process to be 1 in default, to avoid your system being overloaded, please further tune the variable for optimal performance in your application as needed. 
W0419 13:05:49.446000 12275 torch/distributed/run.py:803] *****************************************
logs/2026-04-19_stf-soft-freeze-telemetry_cosine_nvidia-geforce-rtx-4090_4gpu_i2000_run1.txt
val_bpb:enabled tokenizer_kind=sentencepiece tokenizer_path=./data/tokenizers/fineweb_1024_bpe.model
train_loader:dataset:fineweb10B_sp1024 train_shards:80
val_loader:shards pattern=./data/datasets/fineweb10B_sp1024/fineweb_val_*.bin tokens:62021632
model_params:17059912
world_size:4 grad_accum_steps:2
sdp_backends:cudnn=False flash=True mem_efficient=False math=False
attention_mode:gqa num_heads:8 num_kv_heads:4
tie_embeddings:True embed_lr:0.05 head_lr:0.0 matrix_lr:0.04 scalar_lr:0.04
train_batch_tokens:524288 train_seq_len:1024 iterations:2000 warmup_steps:0 max_wallclock_seconds:0.000
compile_model:False
stf_mode:soft_freeze stf_warmup_layers:3 stf_depth_cap:0 stf_threshold:0.045 stf_ema_decay:0.85 stf_min_active_ratio:0.35 stf_score_fn:cosine stf_telemetry:True
seed:1337
step:0/2000 val_loss:6.9357 val_bpb:4.1077 train_time:0ms step_avg:0.02ms
step:1/2000 train_loss:6.9367 train_time:1544ms step_avg:1543.84ms
step:1/2000 stf_stats calls:1434 layers:6 score_mean:-0.000000 score_max:0.000000 active_pre_mean:0.0000 active_mean:0.5345 active_min:0.3544 active_max:0.8016 active_by_layer:3:0.802,4:0.802,5:0.427,6:0.427,7:0.396,8:0.354 compute_mode:full_block_then_freeze computed_token_ratio:1.0000 active_token_ratio:0.5345 frozen_token_ratio:0.4655 actual_skip_ratio:0.0000 theoretical_skip_ratio:0.4655 skip_efficiency:0.0000 computed_by_layer:3:1.000,4:1.000,5:1.000,6:1.000,7:1.000,8:1.000 actual_skip_by_layer:3:0.000,4:0.000,5:0.000,6:0.000,7:0.000,8:0.000
step:2/2000 train_loss:17.2467 train_time:2083ms step_avg:1041.49ms
step:2/2000 stf_stats calls:12 layers:6 score_mean:0.001109 score_max:0.001499 active_pre_mean:0.0000 active_mean:0.3500 active_min:0.3500 active_max:0.3502 active_by_layer:3:0.350,4:0.350,5:0.350,6:0.350,7:0.350,8:0.350 compute_mode:full_block_then_freeze computed_token_ratio:1.0000 active_token_ratio:0.3500 frozen_token_ratio:0.6500 actual_skip_ratio:0.0000 theoretical_skip_ratio:0.6500 skip_efficiency:0.0000 computed_by_layer:3:1.000,4:1.000,5:1.000,6:1.000,7:1.000,8:1.000 actual_skip_by_layer:3:0.000,4:0.000,5:0.000,6:0.000,7:0.000,8:0.000
step:3/2000 train_loss:9.0101 train_time:2595ms step_avg:864.95ms
step:3/2000 stf_stats calls:12 layers:6 score_mean:0.001312 score_max:0.003661 active_pre_mean:0.0000 active_mean:0.3500 active_min:0.3500 active_max:0.3500 active_by_layer:3:0.350,4:0.350,5:0.350,6:0.350,7:0.350,8:0.350 compute_mode:full_block_then_freeze computed_token_ratio:1.0000 active_token_ratio:0.3500 frozen_token_ratio:0.6500 actual_skip_ratio:0.0000 theoretical_skip_ratio:0.6500 skip_efficiency:0.0000 computed_by_layer:3:1.000,4:1.000,5:1.000,6:1.000,7:1.000,8:1.000 actual_skip_by_layer:3:0.000,4:0.000,5:0.000,6:0.000,7:0.000,8:0.000
step:4/2000 train_loss:6.5792 train_time:3105ms step_avg:776.34ms
step:4/2000 stf_stats calls:12 layers:6 score_mean:0.001191 score_max:0.006819 active_pre_mean:0.0000 active_mean:0.3500 active_min:0.3500 active_max:0.3500 active_by_layer:3:0.350,4:0.350,5:0.350,6:0.350,7:0.350,8:0.350 compute_mode:full_block_then_freeze computed_token_ratio:1.0000 active_token_ratio:0.3500 frozen_token_ratio:0.6500 actual_skip_ratio:0.0000 theoretical_skip_ratio:0.6500 skip_efficiency:0.0000 computed_by_layer:3:1.000,4:1.000,5:1.000,6:1.000,7:1.000,8:1.000 actual_skip_by_layer:3:0.000,4:0.000,5:0.000,6:0.000,7:0.000,8:0.000
step:5/2000 train_loss:6.4802 train_time:3617ms step_avg:723.34ms
step:5/2000 stf_stats calls:12 layers:6 score_mean:0.001115 score_max:0.011820 active_pre_mean:0.0000 active_mean:0.3500 active_min:0.3500 active_max:0.3500 active_by_layer:3:0.350,4:0.350,5:0.350,6:0.350,7:0.350,8:0.350 compute_mode:full_block_then_freeze computed_token_ratio:1.0000 active_token_ratio:0.3500 frozen_token_ratio:0.6500 actual_skip_ratio:0.0000 theoretical_skip_ratio:0.6500 skip_efficiency:0.0000 computed_by_layer:3:1.000,4:1.000,5:1.000,6:1.000,7:1.000,8:1.000 actual_skip_by_layer:3:0.000,4:0.000,5:0.000,6:0.000,7:0.000,8:0.000
step:6/2000 train_loss:6.8236 train_time:4129ms step_avg:688.13ms
step:6/2000 stf_stats calls:12 layers:6 score_mean:0.001150 score_max:0.014090 active_pre_mean:0.0000 active_mean:0.3500 active_min:0.3500 active_max:0.3500 active_by_layer:3:0.350,4:0.350,5:0.350,6:0.350,7:0.350,8:0.350 compute_mode:full_block_then_freeze computed_token_ratio:1.0000 active_token_ratio:0.3500 frozen_token_ratio:0.6500 actual_skip_ratio:0.0000 theoretical_skip_ratio:0.6500 skip_efficiency:0.0000 computed_by_layer:3:1.000,4:1.000,5:1.000,6:1.000,7:1.000,8:1.000 actual_skip_by_layer:3:0.000,4:0.000,5:0.000,6:0.000,7:0.000,8:0.000
step:7/2000 train_loss:6.2873 train_time:4640ms step_avg:662.81ms
step:7/2000 stf_stats calls:12 layers:6 score_mean:0.001039 score_max:0.018596 active_pre_mean:0.0000 active_mean:0.3500 active_min:0.3500 active_max:0.3500 active_by_layer:3:0.350,4:0.350,5:0.350,6:0.350,7:0.350,8:0.350 compute_mode:full_block_then_freeze computed_token_ratio:1.0000 active_token_ratio:0.3500 frozen_token_ratio:0.6500 actual_skip_ratio:0.0000 theoretical_skip_ratio:0.6500 skip_efficiency:0.0000 computed_by_layer:3:1.000,4:1.000,5:1.000,6:1.000,7:1.000,8:1.000 actual_skip_by_layer:3:0.000,4:0.000,5:0.000,6:0.000,7:0.000,8:0.000
step:8/2000 train_loss:6.1408 train_time:5154ms step_avg:644.25ms
step:8/2000 stf_stats calls:12 layers:6 score_mean:0.001026 score_max:0.036354 active_pre_mean:0.0000 active_mean:0.3500 active_min:0.3500 active_max:0.3500 active_by_layer:3:0.350,4:0.350,5:0.350,6:0.350,7:0.350,8:0.350 compute_mode:full_block_then_freeze computed_token_ratio:1.0000 active_token_ratio:0.3500 frozen_token_ratio:0.6500 actual_skip_ratio:0.0000 theoretical_skip_ratio:0.6500 skip_efficiency:0.0000 computed_by_layer:3:1.000,4:1.000,5:1.000,6:1.000,7:1.000,8:1.000 actual_skip_by_layer:3:0.000,4:0.000,5:0.000,6:0.000,7:0.000,8:0.000
step:9/2000 train_loss:6.0855 train_time:5671ms step_avg:630.07ms
step:9/2000 stf_stats calls:12 layers:6 score_mean:0.001026 score_max:0.027543 active_pre_mean:0.0000 active_mean:0.3500 active_min:0.3500 active_max:0.3500 active_by_layer:3:0.350,4:0.350,5:0.350,6:0.350,7:0.350,8:0.350 compute_mode:full_block_then_freeze computed_token_ratio:1.0000 active_token_ratio:0.3500 frozen_token_ratio:0.6500 actual_skip_ratio:0.0000 theoretical_skip_ratio:0.6500 skip_efficiency:0.0000 computed_by_layer:3:1.000,4:1.000,5:1.000,6:1.000,7:1.000,8:1.000 actual_skip_by_layer:3:0.000,4:0.000,5:0.000,6:0.000,7:0.000,8:0.000
step:10/2000 train_loss:5.9839 train_time:6185ms step_avg:618.47ms
step:10/2000 stf_stats calls:12 layers:6 score_mean:0.000996 score_max:0.021985 active_pre_mean:0.0000 active_mean:0.3500 active_min:0.3500 active_max:0.3500 active_by_layer:3:0.350,4:0.350,5:0.350,6:0.350,7:0.350,8:0.350 compute_mode:full_block_then_freeze computed_token_ratio:1.0000 active_token_ratio:0.3500 frozen_token_ratio:0.6500 actual_skip_ratio:0.0000 theoretical_skip_ratio:0.6500 skip_efficiency:0.0000 computed_by_layer:3:1.000,4:1.000,5:1.000,6:1.000,7:1.000,8:1.000 actual_skip_by_layer:3:0.000,4:0.000,5:0.000,6:0.000,7:0.000,8:0.000
step:100/2000 train_loss:3.8054 train_time:52302ms step_avg:523.02ms
step:100/2000 stf_stats calls:1080 layers:6 score_mean:0.005425 score_max:0.218494 active_pre_mean:0.0069 active_mean:0.3500 active_min:0.3500 active_max:0.3500 active_by_layer:3:0.350,4:0.350,5:0.350,6:0.350,7:0.350,8:0.350 compute_mode:full_block_then_freeze computed_token_ratio:1.0000 active_token_ratio:0.3500 frozen_token_ratio:0.6500 actual_skip_ratio:0.0000 theoretical_skip_ratio:0.6500 skip_efficiency:0.0000 computed_by_layer:3:1.000,4:1.000,5:1.000,6:1.000,7:1.000,8:1.000 actual_skip_by_layer:3:0.000,4:0.000,5:0.000,6:0.000,7:0.000,8:0.000
step:200/2000 train_loss:3.1933 train_time:103597ms step_avg:517.98ms
step:200/2000 stf_stats calls:1200 layers:6 score_mean:0.021615 score_max:0.301633 active_pre_mean:0.0985 active_mean:0.3500 active_min:0.3500 active_max:0.3500 active_by_layer:3:0.350,4:0.350,5:0.350,6:0.350,7:0.350,8:0.350 compute_mode:full_block_then_freeze computed_token_ratio:1.0000 active_token_ratio:0.3500 frozen_token_ratio:0.6500 actual_skip_ratio:0.0000 theoretical_skip_ratio:0.6500 skip_efficiency:0.0000 computed_by_layer:3:1.000,4:1.000,5:1.000,6:1.000,7:1.000,8:1.000 actual_skip_by_layer:3:0.000,4:0.000,5:0.000,6:0.000,7:0.000,8:0.000
step:200/2000 val_loss:3.2364 val_bpb:1.9168 train_time:103685ms step_avg:518.43ms
step:300/2000 train_loss:2.8273 train_time:154887ms step_avg:516.29ms
step:300/2000 stf_stats calls:2622 layers:6 score_mean:0.033855 score_max:0.338207 active_pre_mean:0.2105 active_mean:0.3500 active_min:0.3500 active_max:0.3500 active_by_layer:3:0.350,4:0.350,5:0.350,6:0.350,7:0.350,8:0.350 compute_mode:full_block_then_freeze computed_token_ratio:1.0000 active_token_ratio:0.3500 frozen_token_ratio:0.6500 actual_skip_ratio:0.0000 theoretical_skip_ratio:0.6500 skip_efficiency:0.0000 computed_by_layer:3:1.000,4:1.000,5:1.000,6:1.000,7:1.000,8:1.000 actual_skip_by_layer:3:0.000,4:0.000,5:0.000,6:0.000,7:0.000,8:0.000
step:400/2000 train_loss:2.5401 train_time:206165ms step_avg:515.41ms
step:400/2000 stf_stats calls:1200 layers:6 score_mean:0.051885 score_max:0.353642 active_pre_mean:0.5601 active_mean:0.3500 active_min:0.3500 active_max:0.3500 active_by_layer:3:0.350,4:0.350,5:0.350,6:0.350,7:0.350,8:0.350 compute_mode:full_block_then_freeze computed_token_ratio:1.0000 active_token_ratio:0.3500 frozen_token_ratio:0.6500 actual_skip_ratio:0.0000 theoretical_skip_ratio:0.6500 skip_efficiency:0.0000 computed_by_layer:3:1.000,4:1.000,5:1.000,6:1.000,7:1.000,8:1.000 actual_skip_by_layer:3:0.000,4:0.000,5:0.000,6:0.000,7:0.000,8:0.000
step:400/2000 val_loss:2.7523 val_bpb:1.6301 train_time:206252ms step_avg:515.63ms
step:500/2000 train_loss:2.6020 train_time:257428ms step_avg:514.86ms
step:500/2000 stf_stats calls:2622 layers:6 score_mean:0.059384 score_max:0.346726 active_pre_mean:0.7533 active_mean:0.3500 active_min:0.3500 active_max:0.3500 active_by_layer:3:0.350,4:0.350,5:0.350,6:0.350,7:0.350,8:0.350 compute_mode:full_block_then_freeze computed_token_ratio:1.0000 active_token_ratio:0.3500 frozen_token_ratio:0.6500 actual_skip_ratio:0.0000 theoretical_skip_ratio:0.6500 skip_efficiency:0.0000 computed_by_layer:3:1.000,4:1.000,5:1.000,6:1.000,7:1.000,8:1.000 actual_skip_by_layer:3:0.000,4:0.000,5:0.000,6:0.000,7:0.000,8:0.000
step:600/2000 train_loss:2.6674 train_time:308696ms step_avg:514.49ms
step:600/2000 stf_stats calls:1200 layers:6 score_mean:0.068213 score_max:0.343582 active_pre_mean:0.9285 active_mean:0.3500 active_min:0.3500 active_max:0.3500 active_by_layer:3:0.350,4:0.350,5:0.350,6:0.350,7:0.350,8:0.350 compute_mode:full_block_then_freeze computed_token_ratio:1.0000 active_token_ratio:0.3500 frozen_token_ratio:0.6500 actual_skip_ratio:0.0000 theoretical_skip_ratio:0.6500 skip_efficiency:0.0000 computed_by_layer:3:1.000,4:1.000,5:1.000,6:1.000,7:1.000,8:1.000 actual_skip_by_layer:3:0.000,4:0.000,5:0.000,6:0.000,7:0.000,8:0.000
step:600/2000 val_loss:2.5856 val_bpb:1.5313 train_time:308783ms step_avg:514.64ms
step:700/2000 train_loss:2.5384 train_time:359954ms step_avg:514.22ms
step:700/2000 stf_stats calls:2622 layers:6 score_mean:0.071199 score_max:0.351396 active_pre_mean:0.9674 active_mean:0.3500 active_min:0.3500 active_max:0.3500 active_by_layer:3:0.350,4:0.350,5:0.350,6:0.350,7:0.350,8:0.350 compute_mode:full_block_then_freeze computed_token_ratio:1.0000 active_token_ratio:0.3500 frozen_token_ratio:0.6500 actual_skip_ratio:0.0000 theoretical_skip_ratio:0.6500 skip_efficiency:0.0000 computed_by_layer:3:1.000,4:1.000,5:1.000,6:1.000,7:1.000,8:1.000 actual_skip_by_layer:3:0.000,4:0.000,5:0.000,6:0.000,7:0.000,8:0.000
step:800/2000 train_loss:2.4242 train_time:411249ms step_avg:514.06ms
step:800/2000 stf_stats calls:1200 layers:6 score_mean:0.076233 score_max:0.335682 active_pre_mean:0.9904 active_mean:0.3500 active_min:0.3500 active_max:0.3500 active_by_layer:3:0.350,4:0.350,5:0.350,6:0.350,7:0.350,8:0.350 compute_mode:full_block_then_freeze computed_token_ratio:1.0000 active_token_ratio:0.3500 frozen_token_ratio:0.6500 actual_skip_ratio:0.0000 theoretical_skip_ratio:0.6500 skip_efficiency:0.0000 computed_by_layer:3:1.000,4:1.000,5:1.000,6:1.000,7:1.000,8:1.000 actual_skip_by_layer:3:0.000,4:0.000,5:0.000,6:0.000,7:0.000,8:0.000
step:800/2000 val_loss:2.4938 val_bpb:1.4770 train_time:411336ms step_avg:514.17ms
step:900/2000 train_loss:2.4408 train_time:462511ms step_avg:513.90ms
step:900/2000 stf_stats calls:2622 layers:6 score_mean:0.078037 score_max:0.358796 active_pre_mean:0.9934 active_mean:0.3500 active_min:0.3500 active_max:0.3500 active_by_layer:3:0.350,4:0.350,5:0.350,6:0.350,7:0.350,8:0.350 compute_mode:full_block_then_freeze computed_token_ratio:1.0000 active_token_ratio:0.3500 frozen_token_ratio:0.6500 actual_skip_ratio:0.0000 theoretical_skip_ratio:0.6500 skip_efficiency:0.0000 computed_by_layer:3:1.000,4:1.000,5:1.000,6:1.000,7:1.000,8:1.000 actual_skip_by_layer:3:0.000,4:0.000,5:0.000,6:0.000,7:0.000,8:0.000
step:1000/2000 train_loss:2.4660 train_time:513789ms step_avg:513.79ms
step:1000/2000 stf_stats calls:1200 layers:6 score_mean:0.080446 score_max:0.354775 active_pre_mean:0.9936 active_mean:0.3500 active_min:0.3500 active_max:0.3500 active_by_layer:3:0.350,4:0.350,5:0.350,6:0.350,7:0.350,8:0.350 compute_mode:full_block_then_freeze computed_token_ratio:1.0000 active_token_ratio:0.3500 frozen_token_ratio:0.6500 actual_skip_ratio:0.0000 theoretical_skip_ratio:0.6500 skip_efficiency:0.0000 computed_by_layer:3:1.000,4:1.000,5:1.000,6:1.000,7:1.000,8:1.000 actual_skip_by_layer:3:0.000,4:0.000,5:0.000,6:0.000,7:0.000,8:0.000
step:1000/2000 val_loss:2.4243 val_bpb:1.4358 train_time:513876ms step_avg:513.88ms
step:1100/2000 train_loss:2.3988 train_time:565049ms step_avg:513.68ms
step:1100/2000 stf_stats calls:2622 layers:6 score_mean:0.081226 score_max:0.352611 active_pre_mean:0.9932 active_mean:0.3500 active_min:0.3500 active_max:0.3500 active_by_layer:3:0.350,4:0.350,5:0.350,6:0.350,7:0.350,8:0.350 compute_mode:full_block_then_freeze computed_token_ratio:1.0000 active_token_ratio:0.3500 frozen_token_ratio:0.6500 actual_skip_ratio:0.0000 theoretical_skip_ratio:0.6500 skip_efficiency:0.0000 computed_by_layer:3:1.000,4:1.000,5:1.000,6:1.000,7:1.000,8:1.000 actual_skip_by_layer:3:0.000,4:0.000,5:0.000,6:0.000,7:0.000,8:0.000
step:1200/2000 train_loss:2.4358 train_time:616349ms step_avg:513.62ms
step:1200/2000 stf_stats calls:1200 layers:6 score_mean:0.082896 score_max:0.346112 active_pre_mean:0.9898 active_mean:0.3500 active_min:0.3500 active_max:0.3500 active_by_layer:3:0.350,4:0.350,5:0.350,6:0.350,7:0.350,8:0.350 compute_mode:full_block_then_freeze computed_token_ratio:1.0000 active_token_ratio:0.3500 frozen_token_ratio:0.6500 actual_skip_ratio:0.0000 theoretical_skip_ratio:0.6500 skip_efficiency:0.0000 computed_by_layer:3:1.000,4:1.000,5:1.000,6:1.000,7:1.000,8:1.000 actual_skip_by_layer:3:0.000,4:0.000,5:0.000,6:0.000,7:0.000,8:0.000
step:1200/2000 val_loss:2.3756 val_bpb:1.4070 train_time:616437ms step_avg:513.70ms
step:1300/2000 train_loss:2.4218 train_time:667623ms step_avg:513.56ms
step:1300/2000 stf_stats calls:2622 layers:6 score_mean:0.083331 score_max:0.359487 active_pre_mean:0.9897 active_mean:0.3500 active_min:0.3500 active_max:0.3500 active_by_layer:3:0.350,4:0.350,5:0.350,6:0.350,7:0.350,8:0.350 compute_mode:full_block_then_freeze computed_token_ratio:1.0000 active_token_ratio:0.3500 frozen_token_ratio:0.6500 actual_skip_ratio:0.0000 theoretical_skip_ratio:0.6500 skip_efficiency:0.0000 computed_by_layer:3:1.000,4:1.000,5:1.000,6:1.000,7:1.000,8:1.000 actual_skip_by_layer:3:0.000,4:0.000,5:0.000,6:0.000,7:0.000,8:0.000
step:1400/2000 train_loss:2.4312 train_time:718893ms step_avg:513.50ms
step:1400/2000 stf_stats calls:1200 layers:6 score_mean:0.084351 score_max:0.353060 active_pre_mean:0.9878 active_mean:0.3500 active_min:0.3500 active_max:0.3500 active_by_layer:3:0.350,4:0.350,5:0.350,6:0.350,7:0.350,8:0.350 compute_mode:full_block_then_freeze computed_token_ratio:1.0000 active_token_ratio:0.3500 frozen_token_ratio:0.6500 actual_skip_ratio:0.0000 theoretical_skip_ratio:0.6500 skip_efficiency:0.0000 computed_by_layer:3:1.000,4:1.000,5:1.000,6:1.000,7:1.000,8:1.000 actual_skip_by_layer:3:0.000,4:0.000,5:0.000,6:0.000,7:0.000,8:0.000
step:1400/2000 val_loss:2.3401 val_bpb:1.3859 train_time:718983ms step_avg:513.56ms
step:1500/2000 train_loss:2.3469 train_time:770161ms step_avg:513.44ms
step:1500/2000 stf_stats calls:2622 layers:6 score_mean:0.084442 score_max:0.354083 active_pre_mean:0.9874 active_mean:0.3500 active_min:0.3500 active_max:0.3500 active_by_layer:3:0.350,4:0.350,5:0.350,6:0.350,7:0.350,8:0.350 compute_mode:full_block_then_freeze computed_token_ratio:1.0000 active_token_ratio:0.3500 frozen_token_ratio:0.6500 actual_skip_ratio:0.0000 theoretical_skip_ratio:0.6500 skip_efficiency:0.0000 computed_by_layer:3:1.000,4:1.000,5:1.000,6:1.000,7:1.000,8:1.000 actual_skip_by_layer:3:0.000,4:0.000,5:0.000,6:0.000,7:0.000,8:0.000
step:1600/2000 train_loss:2.2054 train_time:821454ms step_avg:513.41ms
step:1600/2000 stf_stats calls:1200 layers:6 score_mean:0.084769 score_max:0.357431 active_pre_mean:0.9878 active_mean:0.3500 active_min:0.3500 active_max:0.3500 active_by_layer:3:0.350,4:0.350,5:0.350,6:0.350,7:0.350,8:0.350 compute_mode:full_block_then_freeze computed_token_ratio:1.0000 active_token_ratio:0.3500 frozen_token_ratio:0.6500 actual_skip_ratio:0.0000 theoretical_skip_ratio:0.6500 skip_efficiency:0.0000 computed_by_layer:3:1.000,4:1.000,5:1.000,6:1.000,7:1.000,8:1.000 actual_skip_by_layer:3:0.000,4:0.000,5:0.000,6:0.000,7:0.000,8:0.000
step:1600/2000 val_loss:2.3127 val_bpb:1.3697 train_time:821541ms step_avg:513.46ms
step:1700/2000 train_loss:2.2526 train_time:872731ms step_avg:513.37ms
step:1700/2000 stf_stats calls:2622 layers:6 score_mean:0.085058 score_max:0.351374 active_pre_mean:0.9871 active_mean:0.3500 active_min:0.3500 active_max:0.3500 active_by_layer:3:0.350,4:0.350,5:0.350,6:0.350,7:0.350,8:0.350 compute_mode:full_block_then_freeze computed_token_ratio:1.0000 active_token_ratio:0.3500 frozen_token_ratio:0.6500 actual_skip_ratio:0.0000 theoretical_skip_ratio:0.6500 skip_efficiency:0.0000 computed_by_layer:3:1.000,4:1.000,5:1.000,6:1.000,7:1.000,8:1.000 actual_skip_by_layer:3:0.000,4:0.000,5:0.000,6:0.000,7:0.000,8:0.000
step:1800/2000 train_loss:2.3044 train_time:924008ms step_avg:513.34ms
step:1800/2000 stf_stats calls:1200 layers:6 score_mean:0.085412 score_max:0.337914 active_pre_mean:0.9873 active_mean:0.3500 active_min:0.3500 active_max:0.3500 active_by_layer:3:0.350,4:0.350,5:0.350,6:0.350,7:0.350,8:0.350 compute_mode:full_block_then_freeze computed_token_ratio:1.0000 active_token_ratio:0.3500 frozen_token_ratio:0.6500 actual_skip_ratio:0.0000 theoretical_skip_ratio:0.6500 skip_efficiency:0.0000 computed_by_layer:3:1.000,4:1.000,5:1.000,6:1.000,7:1.000,8:1.000 actual_skip_by_layer:3:0.000,4:0.000,5:0.000,6:0.000,7:0.000,8:0.000
step:1800/2000 val_loss:2.2870 val_bpb:1.3545 train_time:924096ms step_avg:513.39ms
step:1900/2000 train_loss:2.2465 train_time:975261ms step_avg:513.30ms
step:1900/2000 stf_stats calls:2622 layers:6 score_mean:0.085730 score_max:0.356647 active_pre_mean:0.9875 active_mean:0.3500 active_min:0.3500 active_max:0.3500 active_by_layer:3:0.350,4:0.350,5:0.350,6:0.350,7:0.350,8:0.350 compute_mode:full_block_then_freeze computed_token_ratio:1.0000 active_token_ratio:0.3500 frozen_token_ratio:0.6500 actual_skip_ratio:0.0000 theoretical_skip_ratio:0.6500 skip_efficiency:0.0000 computed_by_layer:3:1.000,4:1.000,5:1.000,6:1.000,7:1.000,8:1.000 actual_skip_by_layer:3:0.000,4:0.000,5:0.000,6:0.000,7:0.000,8:0.000
step:2000/2000 train_loss:2.2635 train_time:1026522ms step_avg:513.26ms
step:2000/2000 stf_stats calls:1200 layers:6 score_mean:0.085452 score_max:0.337736 active_pre_mean:0.9869 active_mean:0.3500 active_min:0.3500 active_max:0.3500 active_by_layer:3:0.350,4:0.350,5:0.350,6:0.350,7:0.350,8:0.350 compute_mode:full_block_then_freeze computed_token_ratio:1.0000 active_token_ratio:0.3500 frozen_token_ratio:0.6500 actual_skip_ratio:0.0000 theoretical_skip_ratio:0.6500 skip_efficiency:0.0000 computed_by_layer:3:1.000,4:1.000,5:1.000,6:1.000,7:1.000,8:1.000 actual_skip_by_layer:3:0.000,4:0.000,5:0.000,6:0.000,7:0.000,8:0.000
step:2000/2000 val_loss:2.2695 val_bpb:1.3441 train_time:1026610ms step_avg:513.30ms
peak memory allocated: 16929 MiB reserved: 17274 MiB
Serialized model: 67224983 bytes
Code size: 65627 bytes
Total submission size: 67290610 bytes
Serialized model int8+zlib: 14115471 bytes (payload:17178912 raw_torch:17224025 payload_ratio:3.91x)
Total submission size int8+zlib: 14181098 bytes
final_int8_zlib_roundtrip val_loss:2.2721 val_bpb:1.3457 eval_time:21309ms
final_int8_zlib_roundtrip_exact val_loss:2.27207871 val_bpb:1.34565299
[2026-04-19T13:27:23Z] VARIANT ENDED

Progress: 🟩🟩🟩🟩🟩🟩🟩🟩🟩🟩 1/1
Branch: stf-soft-freeze-telemetry (1/1)
Formula: cosine (1/1)
Run: 2026-04-19_stf-soft-freeze-telemetry_cosine_nvidia-geforce-rtx-4090_4gpu_i2000_run1
GPU: 4x NVIDIA GeForce RTX 4090
Iterations: 2000
Pod: 5587e77716a5

Archive: vast/experiments/2026-04-19-nvidia-geforce-rtx-4090-4gpu/stf-soft-freeze-telemetry/2026-04-19_stf-soft-freeze-telemetry_cosine_nvidia-geforce-rtx-4090_4gpu_i2000_run1
Final: final_int8_zlib_roundtrip_exact val_loss:2.27207871 val_bpb:1.34565299
[2026-04-19T13:27:23Z] MOVING TO NEXT

Completed: stf-soft-freeze-telemetry / cosine
Progress: 🟩🟩🟩🟩🟩🟩🟩🟩🟩🟩 1/1
Next variant will start shortly.
[2026-04-19T13:27:24Z] BRANCH ENDED

Branch: stf-soft-freeze-telemetry (1/1)
Succeeded: 1
Failed: 0
Progress: 🟩🟩🟩🟩🟩🟩🟩🟩🟩🟩 1/1
Summary: logs/stf-soft-freeze-telemetry_i2000_run1_summary.txt
[2026-04-19T13:27:25Z] sending file logs/stf-soft-freeze-telemetry_i2000_run1_summary.txt
[2026-04-19T13:27:26Z] SERIES DONE

Branches (1): stf-soft-freeze-telemetry
Formulas (1): cosine
Progress: 🟩🟩🟩🟩🟩🟩🟩🟩🟩🟩 1/1
Succeeded: 1
Failed: 0
Failed variants: none
Iterations: 2000
GPU: 4x NVIDIA GeForce RTX 4090
