[2026-04-19T16:07:59Z] STOPPED

Reason: missing tokenizer at ./data/tokenizers/fineweb_1024_bpe.model
Exit: 1

Progress: ⬜⬜⬜⬜⬜⬜⬜⬜⬜⬜ 0/2
Branch: not set (0/1)
Formula: not set (0/2)
Run: not assigned
GPU: 4x NVIDIA GeForce RTX 4090
Iterations: 500
Pod: 6a02f740d8f8

Key error:
No console summary available.

Action: attend to the pod. (1/3)
[2026-04-19T16:08:04Z] STOPPED

Reason: missing tokenizer at ./data/tokenizers/fineweb_1024_bpe.model
Exit: 1

Progress: ⬜⬜⬜⬜⬜⬜⬜⬜⬜⬜ 0/2
Branch: not set (0/1)
Formula: not set (0/2)
Run: not assigned
GPU: 4x NVIDIA GeForce RTX 4090
Iterations: 500
Pod: 6a02f740d8f8

Key error:
No console summary available.

Action: attend to the pod. (2/3)
[2026-04-19T16:08:09Z] STOPPED

Reason: missing tokenizer at ./data/tokenizers/fineweb_1024_bpe.model
Exit: 1

Progress: ⬜⬜⬜⬜⬜⬜⬜⬜⬜⬜ 0/2
Branch: not set (0/1)
Formula: not set (0/2)
Run: not assigned
GPU: 4x NVIDIA GeForce RTX 4090
Iterations: 500
Pod: 6a02f740d8f8

Key error:
No console summary available.

Action: attend to the pod. (3/3)
