timestamp=2026-04-19T11:39:58Z
branch=stf-learned-gate-telemetry
run_id=2026-04-19_stf-learned-gate-telemetry_direction_nvidia-geforce-rtx-4090_4gpu_i2000_run1
score_fn=direction
nproc_per_node=4
W0419 11:39:59.338000 11934 torch/distributed/run.py:803] 
W0419 11:39:59.338000 11934 torch/distributed/run.py:803] *****************************************
W0419 11:39:59.338000 11934 torch/distributed/run.py:803] Setting OMP_NUM_THREADS environment variable for each process to be 1 in default, to avoid your system being overloaded, please further tune the variable for optimal performance in your application as needed. 
W0419 11:39:59.338000 11934 torch/distributed/run.py:803] *****************************************
logs/2026-04-19_stf-learned-gate-telemetry_direction_nvidia-geforce-rtx-4090_4gpu_i2000_run1.txt
val_bpb:enabled tokenizer_kind=sentencepiece tokenizer_path=./data/tokenizers/fineweb_1024_bpe.model
train_loader:dataset:fineweb10B_sp1024 train_shards:80
val_loader:shards pattern=./data/datasets/fineweb10B_sp1024/fineweb_val_*.bin tokens:62021632
model_params:17059930
world_size:4 grad_accum_steps:2
sdp_backends:cudnn=False flash=True mem_efficient=False math=False
attention_mode:gqa num_heads:8 num_kv_heads:4
tie_embeddings:True embed_lr:0.05 head_lr:0.0 matrix_lr:0.04 scalar_lr:0.04
train_batch_tokens:524288 train_seq_len:1024 iterations:2000 warmup_steps:0 max_wallclock_seconds:0.000
compile_model:False
stf_mode:learned_gate stf_warmup_layers:3 stf_depth_cap:0 stf_threshold:0.02 stf_ema_decay:0.85 stf_min_active_ratio:0.35 stf_score_fn:direction stf_telemetry:True
seed:1337
step:0/2000 val_loss:6.9357 val_bpb:4.1077 train_time:0ms step_avg:0.02ms
step:1/2000 train_loss:6.9367 train_time:1409ms step_avg:1409.39ms
step:1/2000 stf_stats calls:1434 layers:6 score_mean:0.000000 score_max:0.000000 compute_mode:full_block_then_freeze computed_token_ratio:1.0000 active_token_ratio:0.4609 frozen_token_ratio:0.5391 actual_skip_ratio:0.0000 theoretical_skip_ratio:0.5391 skip_efficiency:0.0000 computed_by_layer:3:1.000,4:1.000,5:1.000,6:1.000,7:1.000,8:1.000 actual_skip_by_layer:3:0.000,4:0.000,5:0.000,6:0.000,7:0.000,8:0.000 gate_mean:0.4609 gate_min:0.4609 gate_max:0.4609 gate_by_layer:3:0.461,4:0.461,5:0.461,6:0.461,7:0.461,8:0.461
step:2/2000 train_loss:16.8658 train_time:2014ms step_avg:1006.91ms
step:2/2000 stf_stats calls:12 layers:6 score_mean:0.409732 score_max:0.551609 compute_mode:full_block_then_freeze computed_token_ratio:1.0000 active_token_ratio:0.9548 frozen_token_ratio:0.0452 actual_skip_ratio:0.0000 theoretical_skip_ratio:0.0452 skip_efficiency:0.0000 computed_by_layer:3:1.000,4:1.000,5:1.000,6:1.000,7:1.000,8:1.000 actual_skip_by_layer:3:0.000,4:0.000,5:0.000,6:0.000,7:0.000,8:0.000 gate_mean:0.9548 gate_min:0.8008 gate_max:0.9844 gate_by_layer:3:0.934,4:0.945,5:0.953,6:0.960,7:0.965,8:0.971
step:3/2000 train_loss:8.9088 train_time:2613ms step_avg:870.94ms
step:3/2000 stf_stats calls:12 layers:6 score_mean:0.934000 score_max:0.982011 compute_mode:full_block_then_freeze computed_token_ratio:1.0000 active_token_ratio:1.0000 frozen_token_ratio:0.0000 actual_skip_ratio:0.0000 theoretical_skip_ratio:0.0000 skip_efficiency:0.0000 computed_by_layer:3:1.000,4:1.000,5:1.000,6:1.000,7:1.000,8:1.000 actual_skip_by_layer:3:0.000,4:0.000,5:0.000,6:0.000,7:0.000,8:0.000 gate_mean:1.0000 gate_min:0.9961 gate_max:1.0000 gate_by_layer:3:1.000,4:1.000,5:1.000,6:1.000,7:1.000,8:1.000
step:4/2000 train_loss:6.6121 train_time:3212ms step_avg:802.89ms
step:4/2000 stf_stats calls:12 layers:6 score_mean:0.975121 score_max:0.994573 compute_mode:full_block_then_freeze computed_token_ratio:1.0000 active_token_ratio:1.0000 frozen_token_ratio:0.0000 actual_skip_ratio:0.0000 theoretical_skip_ratio:0.0000 skip_efficiency:0.0000 computed_by_layer:3:1.000,4:1.000,5:1.000,6:1.000,7:1.000,8:1.000 actual_skip_by_layer:3:0.000,4:0.000,5:0.000,6:0.000,7:0.000,8:0.000 gate_mean:1.0000 gate_min:0.9961 gate_max:1.0000 gate_by_layer:3:1.000,4:1.000,5:1.000,6:1.000,7:1.000,8:1.000
step:5/2000 train_loss:6.5643 train_time:3812ms step_avg:762.48ms
step:5/2000 stf_stats calls:12 layers:6 score_mean:0.985693 score_max:0.995931 compute_mode:full_block_then_freeze computed_token_ratio:1.0000 active_token_ratio:1.0000 frozen_token_ratio:0.0000 actual_skip_ratio:0.0000 theoretical_skip_ratio:0.0000 skip_efficiency:0.0000 computed_by_layer:3:1.000,4:1.000,5:1.000,6:1.000,7:1.000,8:1.000 actual_skip_by_layer:3:0.000,4:0.000,5:0.000,6:0.000,7:0.000,8:0.000 gate_mean:1.0000 gate_min:0.9961 gate_max:1.0000 gate_by_layer:3:1.000,4:1.000,5:1.000,6:1.000,7:1.000,8:1.000
step:6/2000 train_loss:6.8774 train_time:4409ms step_avg:734.84ms
step:6/2000 stf_stats calls:12 layers:6 score_mean:0.987755 score_max:0.996079 compute_mode:full_block_then_freeze computed_token_ratio:1.0000 active_token_ratio:1.0000 frozen_token_ratio:0.0000 actual_skip_ratio:0.0000 theoretical_skip_ratio:0.0000 skip_efficiency:0.0000 computed_by_layer:3:1.000,4:1.000,5:1.000,6:1.000,7:1.000,8:1.000 actual_skip_by_layer:3:0.000,4:0.000,5:0.000,6:0.000,7:0.000,8:0.000 gate_mean:1.0000 gate_min:0.9961 gate_max:1.0000 gate_by_layer:3:1.000,4:1.000,5:1.000,6:1.000,7:1.000,8:1.000
step:7/2000 train_loss:6.3235 train_time:5007ms step_avg:715.30ms
step:7/2000 stf_stats calls:12 layers:6 score_mean:0.988721 score_max:0.995412 compute_mode:full_block_then_freeze computed_token_ratio:1.0000 active_token_ratio:1.0000 frozen_token_ratio:0.0000 actual_skip_ratio:0.0000 theoretical_skip_ratio:0.0000 skip_efficiency:0.0000 computed_by_layer:3:1.000,4:1.000,5:1.000,6:1.000,7:1.000,8:1.000 actual_skip_by_layer:3:0.000,4:0.000,5:0.000,6:0.000,7:0.000,8:0.000 gate_mean:1.0000 gate_min:0.9961 gate_max:1.0000 gate_by_layer:3:1.000,4:1.000,5:1.000,6:1.000,7:1.000,8:1.000
step:8/2000 train_loss:6.1617 train_time:5604ms step_avg:700.48ms
step:8/2000 stf_stats calls:12 layers:6 score_mean:0.988754 score_max:0.994871 compute_mode:full_block_then_freeze computed_token_ratio:1.0000 active_token_ratio:1.0000 frozen_token_ratio:0.0000 actual_skip_ratio:0.0000 theoretical_skip_ratio:0.0000 skip_efficiency:0.0000 computed_by_layer:3:1.000,4:1.000,5:1.000,6:1.000,7:1.000,8:1.000 actual_skip_by_layer:3:0.000,4:0.000,5:0.000,6:0.000,7:0.000,8:0.000 gate_mean:1.0000 gate_min:0.9922 gate_max:1.0000 gate_by_layer:3:1.000,4:1.000,5:1.000,6:1.000,7:1.000,8:1.000
step:9/2000 train_loss:6.0974 train_time:6203ms step_avg:689.18ms
step:9/2000 stf_stats calls:12 layers:6 score_mean:0.988749 score_max:0.994302 compute_mode:full_block_then_freeze computed_token_ratio:1.0000 active_token_ratio:1.0000 frozen_token_ratio:0.0000 actual_skip_ratio:0.0000 theoretical_skip_ratio:0.0000 skip_efficiency:0.0000 computed_by_layer:3:1.000,4:1.000,5:1.000,6:1.000,7:1.000,8:1.000 actual_skip_by_layer:3:0.000,4:0.000,5:0.000,6:0.000,7:0.000,8:0.000 gate_mean:1.0000 gate_min:0.9844 gate_max:1.0000 gate_by_layer:3:1.000,4:1.000,5:1.000,6:1.000,7:1.000,8:1.000
step:10/2000 train_loss:5.9894 train_time:6800ms step_avg:679.97ms
step:10/2000 stf_stats calls:12 layers:6 score_mean:0.989353 score_max:0.994443 compute_mode:full_block_then_freeze computed_token_ratio:1.0000 active_token_ratio:1.0000 frozen_token_ratio:0.0000 actual_skip_ratio:0.0000 theoretical_skip_ratio:0.0000 skip_efficiency:0.0000 computed_by_layer:3:1.000,4:1.000,5:1.000,6:1.000,7:1.000,8:1.000 actual_skip_by_layer:3:0.000,4:0.000,5:0.000,6:0.000,7:0.000,8:0.000 gate_mean:1.0000 gate_min:0.9922 gate_max:1.0000 gate_by_layer:3:1.000,4:1.000,5:1.000,6:1.000,7:1.000,8:1.000
step:100/2000 train_loss:3.8241 train_time:60493ms step_avg:604.93ms
step:100/2000 stf_stats calls:1080 layers:6 score_mean:0.929457 score_max:0.994304 compute_mode:full_block_then_freeze computed_token_ratio:1.0000 active_token_ratio:0.9999 frozen_token_ratio:0.0001 actual_skip_ratio:0.0000 theoretical_skip_ratio:0.0001 skip_efficiency:0.0000 computed_by_layer:3:1.000,4:1.000,5:1.000,6:1.000,7:1.000,8:1.000 actual_skip_by_layer:3:0.000,4:0.000,5:0.000,6:0.000,7:0.000,8:0.000 gate_mean:0.9999 gate_min:0.9258 gate_max:1.0000 gate_by_layer:3:1.000,4:1.000,5:1.000,6:1.000,7:1.000,8:1.000
step:200/2000 train_loss:3.1510 train_time:120229ms step_avg:601.15ms
step:200/2000 stf_stats calls:1200 layers:6 score_mean:0.735532 score_max:0.963778 compute_mode:full_block_then_freeze computed_token_ratio:1.0000 active_token_ratio:0.9957 frozen_token_ratio:0.0043 actual_skip_ratio:0.0000 theoretical_skip_ratio:0.0043 skip_efficiency:0.0000 computed_by_layer:3:1.000,4:1.000,5:1.000,6:1.000,7:1.000,8:1.000 actual_skip_by_layer:3:0.000,4:0.000,5:0.000,6:0.000,7:0.000,8:0.000 gate_mean:0.9957 gate_min:0.6484 gate_max:1.0000 gate_by_layer:3:0.993,4:0.994,5:0.996,6:0.996,7:0.997,8:0.997
step:200/2000 val_loss:3.2010 val_bpb:1.8958 train_time:120299ms step_avg:601.49ms
step:300/2000 train_loss:2.8062 train_time:179999ms step_avg:600.00ms
step:300/2000 stf_stats calls:2622 layers:6 score_mean:0.639543 score_max:0.887002 compute_mode:full_block_then_freeze computed_token_ratio:1.0000 active_token_ratio:0.9911 frozen_token_ratio:0.0089 actual_skip_ratio:0.0000 theoretical_skip_ratio:0.0089 skip_efficiency:0.0000 computed_by_layer:3:1.000,4:1.000,5:1.000,6:1.000,7:1.000,8:1.000 actual_skip_by_layer:3:0.000,4:0.000,5:0.000,6:0.000,7:0.000,8:0.000 gate_mean:0.9911 gate_min:0.6367 gate_max:1.0000 gate_by_layer:3:0.987,4:0.989,5:0.990,6:0.992,7:0.993,8:0.995
step:400/2000 train_loss:2.5212 train_time:239793ms step_avg:599.48ms
step:400/2000 stf_stats calls:1200 layers:6 score_mean:0.519985 score_max:0.832208 compute_mode:full_block_then_freeze computed_token_ratio:1.0000 active_token_ratio:0.9779 frozen_token_ratio:0.0221 actual_skip_ratio:0.0000 theoretical_skip_ratio:0.0221 skip_efficiency:0.0000 computed_by_layer:3:1.000,4:1.000,5:1.000,6:1.000,7:1.000,8:1.000 actual_skip_by_layer:3:0.000,4:0.000,5:0.000,6:0.000,7:0.000,8:0.000 gate_mean:0.9779 gate_min:0.4863 gate_max:1.0000 gate_by_layer:3:0.973,4:0.972,5:0.974,6:0.978,7:0.983,8:0.988
step:400/2000 val_loss:2.7388 val_bpb:1.6221 train_time:239862ms step_avg:599.66ms
step:500/2000 train_loss:2.5769 train_time:299597ms step_avg:599.19ms
step:500/2000 stf_stats calls:2622 layers:6 score_mean:0.460755 score_max:0.809799 compute_mode:full_block_then_freeze computed_token_ratio:1.0000 active_token_ratio:0.9656 frozen_token_ratio:0.0344 actual_skip_ratio:0.0000 theoretical_skip_ratio:0.0344 skip_efficiency:0.0000 computed_by_layer:3:1.000,4:1.000,5:1.000,6:1.000,7:1.000,8:1.000 actual_skip_by_layer:3:0.000,4:0.000,5:0.000,6:0.000,7:0.000,8:0.000 gate_mean:0.9656 gate_min:0.4609 gate_max:1.0000 gate_by_layer:3:0.962,4:0.958,5:0.957,6:0.964,7:0.972,8:0.982
step:600/2000 train_loss:2.6477 train_time:359426ms step_avg:599.04ms
step:600/2000 stf_stats calls:1200 layers:6 score_mean:0.389434 score_max:0.737396 compute_mode:full_block_then_freeze computed_token_ratio:1.0000 active_token_ratio:0.9418 frozen_token_ratio:0.0582 actual_skip_ratio:0.0000 theoretical_skip_ratio:0.0582 skip_efficiency:0.0000 computed_by_layer:3:1.000,4:1.000,5:1.000,6:1.000,7:1.000,8:1.000 actual_skip_by_layer:3:0.000,4:0.000,5:0.000,6:0.000,7:0.000,8:0.000 gate_mean:0.9418 gate_min:0.4609 gate_max:0.9961 gate_by_layer:3:0.944,4:0.932,5:0.923,6:0.934,7:0.949,8:0.969
step:600/2000 val_loss:2.5659 val_bpb:1.5197 train_time:359495ms step_avg:599.16ms
step:700/2000 train_loss:2.5176 train_time:419252ms step_avg:598.93ms
step:700/2000 stf_stats calls:2622 layers:6 score_mean:0.363830 score_max:0.727203 compute_mode:full_block_then_freeze computed_token_ratio:1.0000 active_token_ratio:0.9300 frozen_token_ratio:0.0700 actual_skip_ratio:0.0000 theoretical_skip_ratio:0.0700 skip_efficiency:0.0000 computed_by_layer:3:1.000,4:1.000,5:1.000,6:1.000,7:1.000,8:1.000 actual_skip_by_layer:3:0.000,4:0.000,5:0.000,6:0.000,7:0.000,8:0.000 gate_mean:0.9300 gate_min:0.4609 gate_max:0.9961 gate_by_layer:3:0.936,4:0.920,5:0.907,6:0.918,7:0.937,8:0.962
step:800/2000 train_loss:2.4025 train_time:479086ms step_avg:598.86ms
step:800/2000 stf_stats calls:1200 layers:6 score_mean:0.338376 score_max:0.725846 compute_mode:full_block_then_freeze computed_token_ratio:1.0000 active_token_ratio:0.9163 frozen_token_ratio:0.0837 actual_skip_ratio:0.0000 theoretical_skip_ratio:0.0837 skip_efficiency:0.0000 computed_by_layer:3:1.000,4:1.000,5:1.000,6:1.000,7:1.000,8:1.000 actual_skip_by_layer:3:0.000,4:0.000,5:0.000,6:0.000,7:0.000,8:0.000 gate_mean:0.9163 gate_min:0.4609 gate_max:0.9961 gate_by_layer:3:0.927,4:0.907,5:0.891,6:0.898,7:0.921,8:0.954
step:800/2000 val_loss:2.4711 val_bpb:1.4635 train_time:479155ms step_avg:598.94ms
step:900/2000 train_loss:2.4136 train_time:538920ms step_avg:598.80ms
step:900/2000 stf_stats calls:2622 layers:6 score_mean:0.329963 score_max:0.694248 compute_mode:full_block_then_freeze computed_token_ratio:1.0000 active_token_ratio:0.9110 frozen_token_ratio:0.0890 actual_skip_ratio:0.0000 theoretical_skip_ratio:0.0890 skip_efficiency:0.0000 computed_by_layer:3:1.000,4:1.000,5:1.000,6:1.000,7:1.000,8:1.000 actual_skip_by_layer:3:0.000,4:0.000,5:0.000,6:0.000,7:0.000,8:0.000 gate_mean:0.9110 gate_min:0.4609 gate_max:0.9961 gate_by_layer:3:0.922,4:0.902,5:0.885,6:0.890,7:0.916,8:0.951
step:1000/2000 train_loss:2.4397 train_time:598750ms step_avg:598.75ms
step:1000/2000 stf_stats calls:1200 layers:6 score_mean:0.318119 score_max:0.670361 compute_mode:full_block_then_freeze computed_token_ratio:1.0000 active_token_ratio:0.9033 frozen_token_ratio:0.0967 actual_skip_ratio:0.0000 theoretical_skip_ratio:0.0967 skip_efficiency:0.0000 computed_by_layer:3:1.000,4:1.000,5:1.000,6:1.000,7:1.000,8:1.000 actual_skip_by_layer:3:0.000,4:0.000,5:0.000,6:0.000,7:0.000,8:0.000 gate_mean:0.9033 gate_min:0.4609 gate_max:0.9961 gate_by_layer:3:0.915,4:0.895,5:0.878,6:0.879,7:0.907,8:0.946
step:1000/2000 val_loss:2.4004 val_bpb:1.4216 train_time:598818ms step_avg:598.82ms
step:1100/2000 train_loss:2.3763 train_time:658587ms step_avg:598.72ms
step:1100/2000 stf_stats calls:2622 layers:6 score_mean:0.315075 score_max:0.660568 compute_mode:full_block_then_freeze computed_token_ratio:1.0000 active_token_ratio:0.9013 frozen_token_ratio:0.0987 actual_skip_ratio:0.0000 theoretical_skip_ratio:0.0987 skip_efficiency:0.0000 computed_by_layer:3:1.000,4:1.000,5:1.000,6:1.000,7:1.000,8:1.000 actual_skip_by_layer:3:0.000,4:0.000,5:0.000,6:0.000,7:0.000,8:0.000 gate_mean:0.9013 gate_min:0.4609 gate_max:0.9922 gate_by_layer:3:0.914,4:0.894,5:0.877,6:0.876,7:0.903,8:0.944
step:1200/2000 train_loss:2.4103 train_time:718443ms step_avg:598.70ms
step:1200/2000 stf_stats calls:1200 layers:6 score_mean:0.312808 score_max:0.690087 compute_mode:full_block_then_freeze computed_token_ratio:1.0000 active_token_ratio:0.8992 frozen_token_ratio:0.1008 actual_skip_ratio:0.0000 theoretical_skip_ratio:0.1008 skip_efficiency:0.0000 computed_by_layer:3:1.000,4:1.000,5:1.000,6:1.000,7:1.000,8:1.000 actual_skip_by_layer:3:0.000,4:0.000,5:0.000,6:0.000,7:0.000,8:0.000 gate_mean:0.8992 gate_min:0.4609 gate_max:0.9961 gate_by_layer:3:0.910,4:0.893,5:0.877,6:0.873,7:0.901,8:0.943
step:1200/2000 val_loss:2.3531 val_bpb:1.3937 train_time:718511ms step_avg:598.76ms
step:1300/2000 train_loss:2.3970 train_time:778294ms step_avg:598.69ms
step:1300/2000 stf_stats calls:2622 layers:6 score_mean:0.314629 score_max:0.680685 compute_mode:full_block_then_freeze computed_token_ratio:1.0000 active_token_ratio:0.9004 frozen_token_ratio:0.0996 actual_skip_ratio:0.0000 theoretical_skip_ratio:0.0996 skip_efficiency:0.0000 computed_by_layer:3:1.000,4:1.000,5:1.000,6:1.000,7:1.000,8:1.000 actual_skip_by_layer:3:0.000,4:0.000,5:0.000,6:0.000,7:0.000,8:0.000 gate_mean:0.9004 gate_min:0.4609 gate_max:0.9961 gate_by_layer:3:0.911,4:0.894,5:0.879,6:0.874,7:0.901,8:0.943
step:1400/2000 train_loss:2.4084 train_time:838154ms step_avg:598.68ms
step:1400/2000 stf_stats calls:1200 layers:6 score_mean:0.314541 score_max:0.685489 compute_mode:full_block_then_freeze computed_token_ratio:1.0000 active_token_ratio:0.9000 frozen_token_ratio:0.1000 actual_skip_ratio:0.0000 theoretical_skip_ratio:0.1000 skip_efficiency:0.0000 computed_by_layer:3:1.000,4:1.000,5:1.000,6:1.000,7:1.000,8:1.000 actual_skip_by_layer:3:0.000,4:0.000,5:0.000,6:0.000,7:0.000,8:0.000 gate_mean:0.9000 gate_min:0.4609 gate_max:0.9961 gate_by_layer:3:0.909,4:0.896,5:0.881,6:0.873,7:0.899,8:0.942
step:1400/2000 val_loss:2.3173 val_bpb:1.3724 train_time:838222ms step_avg:598.73ms
step:1500/2000 train_loss:2.3242 train_time:898019ms step_avg:598.68ms
step:1500/2000 stf_stats calls:2622 layers:6 score_mean:0.316473 score_max:0.694256 compute_mode:full_block_then_freeze computed_token_ratio:1.0000 active_token_ratio:0.9012 frozen_token_ratio:0.0988 actual_skip_ratio:0.0000 theoretical_skip_ratio:0.0988 skip_efficiency:0.0000 computed_by_layer:3:1.000,4:1.000,5:1.000,6:1.000,7:1.000,8:1.000 actual_skip_by_layer:3:0.000,4:0.000,5:0.000,6:0.000,7:0.000,8:0.000 gate_mean:0.9012 gate_min:0.4609 gate_max:0.9961 gate_by_layer:3:0.909,4:0.898,5:0.883,6:0.874,7:0.900,8:0.943
step:1600/2000 train_loss:2.1816 train_time:957890ms step_avg:598.68ms
step:1600/2000 stf_stats calls:1200 layers:6 score_mean:0.316720 score_max:0.681748 compute_mode:full_block_then_freeze computed_token_ratio:1.0000 active_token_ratio:0.9010 frozen_token_ratio:0.0990 actual_skip_ratio:0.0000 theoretical_skip_ratio:0.0990 skip_efficiency:0.0000 computed_by_layer:3:1.000,4:1.000,5:1.000,6:1.000,7:1.000,8:1.000 actual_skip_by_layer:3:0.000,4:0.000,5:0.000,6:0.000,7:0.000,8:0.000 gate_mean:0.9010 gate_min:0.4609 gate_max:0.9961 gate_by_layer:3:0.908,4:0.899,5:0.884,6:0.874,7:0.899,8:0.942
step:1600/2000 val_loss:2.2907 val_bpb:1.3567 train_time:957959ms step_avg:598.72ms
step:1700/2000 train_loss:2.2314 train_time:1017759ms step_avg:598.68ms
step:1700/2000 stf_stats calls:2622 layers:6 score_mean:0.318108 score_max:0.707089 compute_mode:full_block_then_freeze computed_token_ratio:1.0000 active_token_ratio:0.9019 frozen_token_ratio:0.0981 actual_skip_ratio:0.0000 theoretical_skip_ratio:0.0981 skip_efficiency:0.0000 computed_by_layer:3:1.000,4:1.000,5:1.000,6:1.000,7:1.000,8:1.000 actual_skip_by_layer:3:0.000,4:0.000,5:0.000,6:0.000,7:0.000,8:0.000 gate_mean:0.9019 gate_min:0.4609 gate_max:0.9961 gate_by_layer:3:0.908,4:0.901,5:0.886,6:0.875,7:0.899,8:0.942
step:1800/2000 train_loss:2.2848 train_time:1077632ms step_avg:598.68ms
step:1800/2000 stf_stats calls:1200 layers:6 score_mean:0.320035 score_max:0.685675 compute_mode:full_block_then_freeze computed_token_ratio:1.0000 active_token_ratio:0.9031 frozen_token_ratio:0.0969 actual_skip_ratio:0.0000 theoretical_skip_ratio:0.0969 skip_efficiency:0.0000 computed_by_layer:3:1.000,4:1.000,5:1.000,6:1.000,7:1.000,8:1.000 actual_skip_by_layer:3:0.000,4:0.000,5:0.000,6:0.000,7:0.000,8:0.000 gate_mean:0.9031 gate_min:0.4609 gate_max:0.9961 gate_by_layer:3:0.909,4:0.903,5:0.888,6:0.876,7:0.900,8:0.943
step:1800/2000 val_loss:2.2651 val_bpb:1.3415 train_time:1077701ms step_avg:598.72ms
step:1900/2000 train_loss:2.2265 train_time:1137505ms step_avg:598.69ms
step:1900/2000 stf_stats calls:2622 layers:6 score_mean:0.320145 score_max:0.713449 compute_mode:full_block_then_freeze computed_token_ratio:1.0000 active_token_ratio:0.9032 frozen_token_ratio:0.0968 actual_skip_ratio:0.0000 theoretical_skip_ratio:0.0968 skip_efficiency:0.0000 computed_by_layer:3:1.000,4:1.000,5:1.000,6:1.000,7:1.000,8:1.000 actual_skip_by_layer:3:0.000,4:0.000,5:0.000,6:0.000,7:0.000,8:0.000 gate_mean:0.9032 gate_min:0.4609 gate_max:0.9961 gate_by_layer:3:0.909,4:0.904,5:0.889,6:0.876,7:0.900,8:0.943
step:2000/2000 train_loss:2.2470 train_time:1197388ms step_avg:598.69ms
step:2000/2000 stf_stats calls:1200 layers:6 score_mean:0.322966 score_max:0.706369 compute_mode:full_block_then_freeze computed_token_ratio:1.0000 active_token_ratio:0.9049 frozen_token_ratio:0.0951 actual_skip_ratio:0.0000 theoretical_skip_ratio:0.0951 skip_efficiency:0.0000 computed_by_layer:3:1.000,4:1.000,5:1.000,6:1.000,7:1.000,8:1.000 actual_skip_by_layer:3:0.000,4:0.000,5:0.000,6:0.000,7:0.000,8:0.000 gate_mean:0.9049 gate_min:0.4609 gate_max:0.9961 gate_by_layer:3:0.910,4:0.906,5:0.891,6:0.878,7:0.901,8:0.943
step:2000/2000 val_loss:2.2479 val_bpb:1.3313 train_time:1197458ms step_avg:598.73ms
peak memory allocated: 17317 MiB reserved: 17982 MiB
Serialized model: 67225625 bytes
Code size: 65628 bytes
Total submission size: 67291253 bytes
Serialized model int8+zlib: 14093819 bytes (payload:17178948 raw_torch:17224661 payload_ratio:3.91x)
Total submission size int8+zlib: 14159447 bytes
final_int8_zlib_roundtrip val_loss:2.2508 val_bpb:1.3330 eval_time:21103ms
final_int8_zlib_roundtrip_exact val_loss:2.25076461 val_bpb:1.33302958
