timestamp=2026-04-19T12:26:20Z
branch=stf-recurrence-telemetry
run_id=2026-04-19_stf-recurrence-telemetry_direction_nvidia-geforce-rtx-4090_4gpu_i2000_run1
score_fn=direction
nproc_per_node=4
W0419 12:26:21.749000 13150 torch/distributed/run.py:803] 
W0419 12:26:21.749000 13150 torch/distributed/run.py:803] *****************************************
W0419 12:26:21.749000 13150 torch/distributed/run.py:803] Setting OMP_NUM_THREADS environment variable for each process to be 1 in default, to avoid your system being overloaded, please further tune the variable for optimal performance in your application as needed. 
W0419 12:26:21.749000 13150 torch/distributed/run.py:803] *****************************************
logs/2026-04-19_stf-recurrence-telemetry_direction_nvidia-geforce-rtx-4090_4gpu_i2000_run1.txt
val_bpb:enabled tokenizer_kind=sentencepiece tokenizer_path=./data/tokenizers/fineweb_1024_bpe.model
train_loader:dataset:fineweb10B_sp1024 train_shards:80
val_loader:shards pattern=./data/datasets/fineweb10B_sp1024/fineweb_val_*.bin tokens:62021632
model_params:17059912
world_size:4 grad_accum_steps:2
sdp_backends:cudnn=False flash=True mem_efficient=False math=False
attention_mode:gqa num_heads:8 num_kv_heads:4
tie_embeddings:True embed_lr:0.05 head_lr:0.0 matrix_lr:0.04 scalar_lr:0.04
train_batch_tokens:262144 train_seq_len:1024 iterations:2000 warmup_steps:0 max_wallclock_seconds:0.000
compile_model:False
stf_mode:recurrence stf_warmup_layers:3 stf_depth_cap:0 stf_threshold:0.045 stf_ema_decay:0.85 stf_min_active_ratio:0.35 stf_score_fn:direction stf_telemetry:True
seed:1337
step:0/2000 val_loss:6.9357 val_bpb:4.1077 train_time:0ms step_avg:0.02ms
step:1/2000 train_loss:6.9368 train_time:1058ms step_avg:1057.73ms
step:1/2000 stf_stats calls:1434 layers:6 score_mean:0.000000 score_max:0.000000 active_pre_mean:0.0000 active_mean:1.0000 active_min:1.0000 active_max:1.0000 active_by_layer:3:1.000,4:1.000,5:1.000,6:1.000,7:1.000,8:1.000 compute_mode:full_block_then_freeze computed_token_ratio:1.0000 active_token_ratio:1.0000 frozen_token_ratio:0.0000 actual_skip_ratio:0.0000 theoretical_skip_ratio:0.0000 skip_efficiency:0.0000 computed_by_layer:3:1.000,4:1.000,5:1.000,6:1.000,7:1.000,8:1.000 actual_skip_by_layer:3:0.000,4:0.000,5:0.000,6:0.000,7:0.000,8:0.000
step:2/2000 train_loss:17.2428 train_time:1315ms step_avg:657.53ms
step:2/2000 stf_stats calls:12 layers:6 score_mean:0.397062 score_max:0.545426 active_pre_mean:1.0000 active_mean:0.3500 active_min:0.3500 active_max:0.3500 active_by_layer:3:0.350,4:0.350,5:0.350,6:0.350,7:0.350,8:0.350 compute_mode:full_block_then_freeze computed_token_ratio:1.0000 active_token_ratio:0.3500 frozen_token_ratio:0.6500 actual_skip_ratio:0.0000 theoretical_skip_ratio:0.6500 skip_efficiency:0.0000 computed_by_layer:3:1.000,4:1.000,5:1.000,6:1.000,7:1.000,8:1.000 actual_skip_by_layer:3:0.000,4:0.000,5:0.000,6:0.000,7:0.000,8:0.000
step:3/2000 train_loss:9.2694 train_time:1569ms step_avg:523.02ms
step:3/2000 stf_stats calls:12 layers:6 score_mean:0.802964 score_max:0.921501 active_pre_mean:1.0000 active_mean:0.3500 active_min:0.3500 active_max:0.3500 active_by_layer:3:0.350,4:0.350,5:0.350,6:0.350,7:0.350,8:0.350 compute_mode:full_block_then_freeze computed_token_ratio:1.0000 active_token_ratio:0.3500 frozen_token_ratio:0.6500 actual_skip_ratio:0.0000 theoretical_skip_ratio:0.6500 skip_efficiency:0.0000 computed_by_layer:3:1.000,4:1.000,5:1.000,6:1.000,7:1.000,8:1.000 actual_skip_by_layer:3:0.000,4:0.000,5:0.000,6:0.000,7:0.000,8:0.000
step:4/2000 train_loss:6.6985 train_time:1822ms step_avg:455.51ms
step:4/2000 stf_stats calls:12 layers:6 score_mean:0.905777 score_max:0.969041 active_pre_mean:1.0000 active_mean:0.3500 active_min:0.3500 active_max:0.3500 active_by_layer:3:0.350,4:0.350,5:0.350,6:0.350,7:0.350,8:0.350 compute_mode:full_block_then_freeze computed_token_ratio:1.0000 active_token_ratio:0.3500 frozen_token_ratio:0.6500 actual_skip_ratio:0.0000 theoretical_skip_ratio:0.6500 skip_efficiency:0.0000 computed_by_layer:3:1.000,4:1.000,5:1.000,6:1.000,7:1.000,8:1.000 actual_skip_by_layer:3:0.000,4:0.000,5:0.000,6:0.000,7:0.000,8:0.000
step:5/2000 train_loss:6.5129 train_time:2078ms step_avg:415.61ms
step:5/2000 stf_stats calls:12 layers:6 score_mean:0.947359 score_max:0.977197 active_pre_mean:1.0000 active_mean:0.3500 active_min:0.3500 active_max:0.3500 active_by_layer:3:0.350,4:0.350,5:0.350,6:0.350,7:0.350,8:0.350 compute_mode:full_block_then_freeze computed_token_ratio:1.0000 active_token_ratio:0.3500 frozen_token_ratio:0.6500 actual_skip_ratio:0.0000 theoretical_skip_ratio:0.6500 skip_efficiency:0.0000 computed_by_layer:3:1.000,4:1.000,5:1.000,6:1.000,7:1.000,8:1.000 actual_skip_by_layer:3:0.000,4:0.000,5:0.000,6:0.000,7:0.000,8:0.000
step:6/2000 train_loss:6.5096 train_time:2333ms step_avg:388.81ms
step:6/2000 stf_stats calls:12 layers:6 score_mean:0.959514 score_max:0.981445 active_pre_mean:1.0000 active_mean:0.3500 active_min:0.3500 active_max:0.3500 active_by_layer:3:0.350,4:0.350,5:0.350,6:0.350,7:0.350,8:0.350 compute_mode:full_block_then_freeze computed_token_ratio:1.0000 active_token_ratio:0.3500 frozen_token_ratio:0.6500 actual_skip_ratio:0.0000 theoretical_skip_ratio:0.6500 skip_efficiency:0.0000 computed_by_layer:3:1.000,4:1.000,5:1.000,6:1.000,7:1.000,8:1.000 actual_skip_by_layer:3:0.000,4:0.000,5:0.000,6:0.000,7:0.000,8:0.000
step:7/2000 train_loss:6.3228 train_time:2586ms step_avg:369.49ms
step:7/2000 stf_stats calls:12 layers:6 score_mean:0.966650 score_max:0.982744 active_pre_mean:1.0000 active_mean:0.3500 active_min:0.3500 active_max:0.3500 active_by_layer:3:0.350,4:0.350,5:0.350,6:0.350,7:0.350,8:0.350 compute_mode:full_block_then_freeze computed_token_ratio:1.0000 active_token_ratio:0.3500 frozen_token_ratio:0.6500 actual_skip_ratio:0.0000 theoretical_skip_ratio:0.6500 skip_efficiency:0.0000 computed_by_layer:3:1.000,4:1.000,5:1.000,6:1.000,7:1.000,8:1.000 actual_skip_by_layer:3:0.000,4:0.000,5:0.000,6:0.000,7:0.000,8:0.000
step:8/2000 train_loss:6.1309 train_time:2841ms step_avg:355.09ms
step:8/2000 stf_stats calls:12 layers:6 score_mean:0.971577 score_max:0.984831 active_pre_mean:1.0000 active_mean:0.3500 active_min:0.3500 active_max:0.3500 active_by_layer:3:0.350,4:0.350,5:0.350,6:0.350,7:0.350,8:0.350 compute_mode:full_block_then_freeze computed_token_ratio:1.0000 active_token_ratio:0.3500 frozen_token_ratio:0.6500 actual_skip_ratio:0.0000 theoretical_skip_ratio:0.6500 skip_efficiency:0.0000 computed_by_layer:3:1.000,4:1.000,5:1.000,6:1.000,7:1.000,8:1.000 actual_skip_by_layer:3:0.000,4:0.000,5:0.000,6:0.000,7:0.000,8:0.000
step:9/2000 train_loss:5.9829 train_time:3099ms step_avg:344.31ms
step:9/2000 stf_stats calls:12 layers:6 score_mean:0.975603 score_max:0.986768 active_pre_mean:1.0000 active_mean:0.3500 active_min:0.3500 active_max:0.3500 active_by_layer:3:0.350,4:0.350,5:0.350,6:0.350,7:0.350,8:0.350 compute_mode:full_block_then_freeze computed_token_ratio:1.0000 active_token_ratio:0.3500 frozen_token_ratio:0.6500 actual_skip_ratio:0.0000 theoretical_skip_ratio:0.6500 skip_efficiency:0.0000 computed_by_layer:3:1.000,4:1.000,5:1.000,6:1.000,7:1.000,8:1.000 actual_skip_by_layer:3:0.000,4:0.000,5:0.000,6:0.000,7:0.000,8:0.000
step:10/2000 train_loss:6.0139 train_time:3353ms step_avg:335.25ms
step:10/2000 stf_stats calls:12 layers:6 score_mean:0.977885 score_max:0.988187 active_pre_mean:1.0000 active_mean:0.3500 active_min:0.3500 active_max:0.3500 active_by_layer:3:0.350,4:0.350,5:0.350,6:0.350,7:0.350,8:0.350 compute_mode:full_block_then_freeze computed_token_ratio:1.0000 active_token_ratio:0.3500 frozen_token_ratio:0.6500 actual_skip_ratio:0.0000 theoretical_skip_ratio:0.6500 skip_efficiency:0.0000 computed_by_layer:3:1.000,4:1.000,5:1.000,6:1.000,7:1.000,8:1.000 actual_skip_by_layer:3:0.000,4:0.000,5:0.000,6:0.000,7:0.000,8:0.000
step:100/2000 train_loss:3.8748 train_time:26016ms step_avg:260.16ms
step:100/2000 stf_stats calls:1080 layers:6 score_mean:0.900566 score_max:0.988683 active_pre_mean:1.0000 active_mean:0.3500 active_min:0.3500 active_max:0.3500 active_by_layer:3:0.350,4:0.350,5:0.350,6:0.350,7:0.350,8:0.350 compute_mode:full_block_then_freeze computed_token_ratio:1.0000 active_token_ratio:0.3500 frozen_token_ratio:0.6500 actual_skip_ratio:0.0000 theoretical_skip_ratio:0.6500 skip_efficiency:0.0000 computed_by_layer:3:1.000,4:1.000,5:1.000,6:1.000,7:1.000,8:1.000 actual_skip_by_layer:3:0.000,4:0.000,5:0.000,6:0.000,7:0.000,8:0.000
step:200/2000 train_loss:3.3132 train_time:51194ms step_avg:255.97ms
step:200/2000 stf_stats calls:1200 layers:6 score_mean:0.678237 score_max:0.958517 active_pre_mean:1.0000 active_mean:0.3500 active_min:0.3500 active_max:0.3500 active_by_layer:3:0.350,4:0.350,5:0.350,6:0.350,7:0.350,8:0.350 compute_mode:full_block_then_freeze computed_token_ratio:1.0000 active_token_ratio:0.3500 frozen_token_ratio:0.6500 actual_skip_ratio:0.0000 theoretical_skip_ratio:0.6500 skip_efficiency:0.0000 computed_by_layer:3:1.000,4:1.000,5:1.000,6:1.000,7:1.000,8:1.000 actual_skip_by_layer:3:0.000,4:0.000,5:0.000,6:0.000,7:0.000,8:0.000
step:200/2000 val_loss:3.2776 val_bpb:1.9412 train_time:51241ms step_avg:256.20ms
step:300/2000 train_loss:3.0040 train_time:76388ms step_avg:254.63ms
step:300/2000 stf_stats calls:2622 layers:6 score_mean:0.553989 score_max:0.824999 active_pre_mean:1.0000 active_mean:0.3500 active_min:0.3500 active_max:0.3500 active_by_layer:3:0.350,4:0.350,5:0.350,6:0.350,7:0.350,8:0.350 compute_mode:full_block_then_freeze computed_token_ratio:1.0000 active_token_ratio:0.3500 frozen_token_ratio:0.6500 actual_skip_ratio:0.0000 theoretical_skip_ratio:0.6500 skip_efficiency:0.0000 computed_by_layer:3:1.000,4:1.000,5:1.000,6:1.000,7:1.000,8:1.000 actual_skip_by_layer:3:0.000,4:0.000,5:0.000,6:0.000,7:0.000,8:0.000
step:400/2000 train_loss:2.7647 train_time:101624ms step_avg:254.06ms
step:400/2000 stf_stats calls:1200 layers:6 score_mean:0.489117 score_max:0.767954 active_pre_mean:1.0000 active_mean:0.3500 active_min:0.3500 active_max:0.3500 active_by_layer:3:0.350,4:0.350,5:0.350,6:0.350,7:0.350,8:0.350 compute_mode:full_block_then_freeze computed_token_ratio:1.0000 active_token_ratio:0.3500 frozen_token_ratio:0.6500 actual_skip_ratio:0.0000 theoretical_skip_ratio:0.6500 skip_efficiency:0.0000 computed_by_layer:3:1.000,4:1.000,5:1.000,6:1.000,7:1.000,8:1.000 actual_skip_by_layer:3:0.000,4:0.000,5:0.000,6:0.000,7:0.000,8:0.000
step:400/2000 val_loss:2.8407 val_bpb:1.6825 train_time:101671ms step_avg:254.18ms
step:500/2000 train_loss:2.6835 train_time:126820ms step_avg:253.64ms
step:500/2000 stf_stats calls:2622 layers:6 score_mean:0.473241 score_max:0.766181 active_pre_mean:1.0000 active_mean:0.3500 active_min:0.3500 active_max:0.3500 active_by_layer:3:0.350,4:0.350,5:0.350,6:0.350,7:0.350,8:0.350 compute_mode:full_block_then_freeze computed_token_ratio:1.0000 active_token_ratio:0.3500 frozen_token_ratio:0.6500 actual_skip_ratio:0.0000 theoretical_skip_ratio:0.6500 skip_efficiency:0.0000 computed_by_layer:3:1.000,4:1.000,5:1.000,6:1.000,7:1.000,8:1.000 actual_skip_by_layer:3:0.000,4:0.000,5:0.000,6:0.000,7:0.000,8:0.000
step:600/2000 train_loss:2.6242 train_time:152019ms step_avg:253.36ms
step:600/2000 stf_stats calls:1200 layers:6 score_mean:0.470861 score_max:0.784728 active_pre_mean:1.0000 active_mean:0.3500 active_min:0.3500 active_max:0.3500 active_by_layer:3:0.350,4:0.350,5:0.350,6:0.350,7:0.350,8:0.350 compute_mode:full_block_then_freeze computed_token_ratio:1.0000 active_token_ratio:0.3500 frozen_token_ratio:0.6500 actual_skip_ratio:0.0000 theoretical_skip_ratio:0.6500 skip_efficiency:0.0000 computed_by_layer:3:1.000,4:1.000,5:1.000,6:1.000,7:1.000,8:1.000 actual_skip_by_layer:3:0.000,4:0.000,5:0.000,6:0.000,7:0.000,8:0.000
step:600/2000 val_loss:2.6494 val_bpb:1.5691 train_time:152066ms step_avg:253.44ms
step:700/2000 train_loss:2.5418 train_time:177216ms step_avg:253.17ms
step:700/2000 stf_stats calls:2622 layers:6 score_mean:0.476995 score_max:0.786716 active_pre_mean:1.0000 active_mean:0.3500 active_min:0.3500 active_max:0.3500 active_by_layer:3:0.350,4:0.350,5:0.350,6:0.350,7:0.350,8:0.350 compute_mode:full_block_then_freeze computed_token_ratio:1.0000 active_token_ratio:0.3500 frozen_token_ratio:0.6500 actual_skip_ratio:0.0000 theoretical_skip_ratio:0.6500 skip_efficiency:0.0000 computed_by_layer:3:1.000,4:1.000,5:1.000,6:1.000,7:1.000,8:1.000 actual_skip_by_layer:3:0.000,4:0.000,5:0.000,6:0.000,7:0.000,8:0.000
step:800/2000 train_loss:2.3675 train_time:202420ms step_avg:253.02ms
step:800/2000 stf_stats calls:1200 layers:6 score_mean:0.486814 score_max:0.797370 active_pre_mean:1.0000 active_mean:0.3500 active_min:0.3500 active_max:0.3500 active_by_layer:3:0.350,4:0.350,5:0.350,6:0.350,7:0.350,8:0.350 compute_mode:full_block_then_freeze computed_token_ratio:1.0000 active_token_ratio:0.3500 frozen_token_ratio:0.6500 actual_skip_ratio:0.0000 theoretical_skip_ratio:0.6500 skip_efficiency:0.0000 computed_by_layer:3:1.000,4:1.000,5:1.000,6:1.000,7:1.000,8:1.000 actual_skip_by_layer:3:0.000,4:0.000,5:0.000,6:0.000,7:0.000,8:0.000
step:800/2000 val_loss:2.5526 val_bpb:1.5118 train_time:202466ms step_avg:253.08ms
step:900/2000 train_loss:2.4528 train_time:227618ms step_avg:252.91ms
step:900/2000 stf_stats calls:2622 layers:6 score_mean:0.490880 score_max:0.811662 active_pre_mean:1.0000 active_mean:0.3500 active_min:0.3500 active_max:0.3500 active_by_layer:3:0.350,4:0.350,5:0.350,6:0.350,7:0.350,8:0.350 compute_mode:full_block_then_freeze computed_token_ratio:1.0000 active_token_ratio:0.3500 frozen_token_ratio:0.6500 actual_skip_ratio:0.0000 theoretical_skip_ratio:0.6500 skip_efficiency:0.0000 computed_by_layer:3:1.000,4:1.000,5:1.000,6:1.000,7:1.000,8:1.000 actual_skip_by_layer:3:0.000,4:0.000,5:0.000,6:0.000,7:0.000,8:0.000
step:1000/2000 train_loss:2.4192 train_time:252810ms step_avg:252.81ms
step:1000/2000 stf_stats calls:1200 layers:6 score_mean:0.492698 score_max:0.812638 active_pre_mean:1.0000 active_mean:0.3500 active_min:0.3500 active_max:0.3500 active_by_layer:3:0.350,4:0.350,5:0.350,6:0.350,7:0.350,8:0.350 compute_mode:full_block_then_freeze computed_token_ratio:1.0000 active_token_ratio:0.3500 frozen_token_ratio:0.6500 actual_skip_ratio:0.0000 theoretical_skip_ratio:0.6500 skip_efficiency:0.0000 computed_by_layer:3:1.000,4:1.000,5:1.000,6:1.000,7:1.000,8:1.000 actual_skip_by_layer:3:0.000,4:0.000,5:0.000,6:0.000,7:0.000,8:0.000
step:1000/2000 val_loss:2.4767 val_bpb:1.4668 train_time:252856ms step_avg:252.86ms
step:1100/2000 train_loss:2.4149 train_time:278010ms step_avg:252.74ms
step:1100/2000 stf_stats calls:2622 layers:6 score_mean:0.490987 score_max:0.805541 active_pre_mean:1.0000 active_mean:0.3500 active_min:0.3500 active_max:0.3500 active_by_layer:3:0.350,4:0.350,5:0.350,6:0.350,7:0.350,8:0.350 compute_mode:full_block_then_freeze computed_token_ratio:1.0000 active_token_ratio:0.3500 frozen_token_ratio:0.6500 actual_skip_ratio:0.0000 theoretical_skip_ratio:0.6500 skip_efficiency:0.0000 computed_by_layer:3:1.000,4:1.000,5:1.000,6:1.000,7:1.000,8:1.000 actual_skip_by_layer:3:0.000,4:0.000,5:0.000,6:0.000,7:0.000,8:0.000
step:1200/2000 train_loss:2.5870 train_time:303250ms step_avg:252.71ms
step:1200/2000 stf_stats calls:1200 layers:6 score_mean:0.491342 score_max:0.811794 active_pre_mean:1.0000 active_mean:0.3500 active_min:0.3500 active_max:0.3500 active_by_layer:3:0.350,4:0.350,5:0.350,6:0.350,7:0.350,8:0.350 compute_mode:full_block_then_freeze computed_token_ratio:1.0000 active_token_ratio:0.3500 frozen_token_ratio:0.6500 actual_skip_ratio:0.0000 theoretical_skip_ratio:0.6500 skip_efficiency:0.0000 computed_by_layer:3:1.000,4:1.000,5:1.000,6:1.000,7:1.000,8:1.000 actual_skip_by_layer:3:0.000,4:0.000,5:0.000,6:0.000,7:0.000,8:0.000
step:1200/2000 val_loss:2.4280 val_bpb:1.4380 train_time:303297ms step_avg:252.75ms
step:1300/2000 train_loss:2.2841 train_time:328451ms step_avg:252.65ms
step:1300/2000 stf_stats calls:2622 layers:6 score_mean:0.490214 score_max:0.824700 active_pre_mean:0.9999 active_mean:0.3500 active_min:0.3500 active_max:0.3500 active_by_layer:3:0.350,4:0.350,5:0.350,6:0.350,7:0.350,8:0.350 compute_mode:full_block_then_freeze computed_token_ratio:1.0000 active_token_ratio:0.3500 frozen_token_ratio:0.6500 actual_skip_ratio:0.0000 theoretical_skip_ratio:0.6500 skip_efficiency:0.0000 computed_by_layer:3:1.000,4:1.000,5:1.000,6:1.000,7:1.000,8:1.000 actual_skip_by_layer:3:0.000,4:0.000,5:0.000,6:0.000,7:0.000,8:0.000
step:1400/2000 train_loss:2.3910 train_time:353649ms step_avg:252.61ms
step:1400/2000 stf_stats calls:1200 layers:6 score_mean:0.490733 score_max:0.821084 active_pre_mean:0.9999 active_mean:0.3500 active_min:0.3500 active_max:0.3500 active_by_layer:3:0.350,4:0.350,5:0.350,6:0.350,7:0.350,8:0.350 compute_mode:full_block_then_freeze computed_token_ratio:1.0000 active_token_ratio:0.3500 frozen_token_ratio:0.6500 actual_skip_ratio:0.0000 theoretical_skip_ratio:0.6500 skip_efficiency:0.0000 computed_by_layer:3:1.000,4:1.000,5:1.000,6:1.000,7:1.000,8:1.000 actual_skip_by_layer:3:0.000,4:0.000,5:0.000,6:0.000,7:0.000,8:0.000
step:1400/2000 val_loss:2.3846 val_bpb:1.4123 train_time:353696ms step_avg:252.64ms
step:1500/2000 train_loss:2.3486 train_time:378850ms step_avg:252.57ms
step:1500/2000 stf_stats calls:2622 layers:6 score_mean:0.489751 score_max:0.825802 active_pre_mean:0.9999 active_mean:0.3500 active_min:0.3500 active_max:0.3500 active_by_layer:3:0.350,4:0.350,5:0.350,6:0.350,7:0.350,8:0.350 compute_mode:full_block_then_freeze computed_token_ratio:1.0000 active_token_ratio:0.3500 frozen_token_ratio:0.6500 actual_skip_ratio:0.0000 theoretical_skip_ratio:0.6500 skip_efficiency:0.0000 computed_by_layer:3:1.000,4:1.000,5:1.000,6:1.000,7:1.000,8:1.000 actual_skip_by_layer:3:0.000,4:0.000,5:0.000,6:0.000,7:0.000,8:0.000
step:1600/2000 train_loss:2.3127 train_time:404066ms step_avg:252.54ms
step:1600/2000 stf_stats calls:1200 layers:6 score_mean:0.489625 score_max:0.828109 active_pre_mean:0.9999 active_mean:0.3500 active_min:0.3500 active_max:0.3500 active_by_layer:3:0.350,4:0.350,5:0.350,6:0.350,7:0.350,8:0.350 compute_mode:full_block_then_freeze computed_token_ratio:1.0000 active_token_ratio:0.3500 frozen_token_ratio:0.6500 actual_skip_ratio:0.0000 theoretical_skip_ratio:0.6500 skip_efficiency:0.0000 computed_by_layer:3:1.000,4:1.000,5:1.000,6:1.000,7:1.000,8:1.000 actual_skip_by_layer:3:0.000,4:0.000,5:0.000,6:0.000,7:0.000,8:0.000
step:1600/2000 val_loss:2.3532 val_bpb:1.3937 train_time:404112ms step_avg:252.57ms
step:1700/2000 train_loss:2.4203 train_time:429266ms step_avg:252.51ms
step:1700/2000 stf_stats calls:2622 layers:6 score_mean:0.486656 score_max:0.832782 active_pre_mean:0.9999 active_mean:0.3500 active_min:0.3500 active_max:0.3500 active_by_layer:3:0.350,4:0.350,5:0.350,6:0.350,7:0.350,8:0.350 compute_mode:full_block_then_freeze computed_token_ratio:1.0000 active_token_ratio:0.3500 frozen_token_ratio:0.6500 actual_skip_ratio:0.0000 theoretical_skip_ratio:0.6500 skip_efficiency:0.0000 computed_by_layer:3:1.000,4:1.000,5:1.000,6:1.000,7:1.000,8:1.000 actual_skip_by_layer:3:0.000,4:0.000,5:0.000,6:0.000,7:0.000,8:0.000
step:1800/2000 train_loss:2.3324 train_time:454465ms step_avg:252.48ms
step:1800/2000 stf_stats calls:1200 layers:6 score_mean:0.487457 score_max:0.828935 active_pre_mean:0.9999 active_mean:0.3500 active_min:0.3500 active_max:0.3500 active_by_layer:3:0.350,4:0.350,5:0.350,6:0.350,7:0.350,8:0.350 compute_mode:full_block_then_freeze computed_token_ratio:1.0000 active_token_ratio:0.3500 frozen_token_ratio:0.6500 actual_skip_ratio:0.0000 theoretical_skip_ratio:0.6500 skip_efficiency:0.0000 computed_by_layer:3:1.000,4:1.000,5:1.000,6:1.000,7:1.000,8:1.000 actual_skip_by_layer:3:0.000,4:0.000,5:0.000,6:0.000,7:0.000,8:0.000
step:1800/2000 val_loss:2.3243 val_bpb:1.3766 train_time:454511ms step_avg:252.51ms
step:1900/2000 train_loss:2.2252 train_time:479666ms step_avg:252.46ms
step:1900/2000 stf_stats calls:2622 layers:6 score_mean:0.486908 score_max:0.833986 active_pre_mean:0.9998 active_mean:0.3500 active_min:0.3500 active_max:0.3500 active_by_layer:3:0.350,4:0.350,5:0.350,6:0.350,7:0.350,8:0.350 compute_mode:full_block_then_freeze computed_token_ratio:1.0000 active_token_ratio:0.3500 frozen_token_ratio:0.6500 actual_skip_ratio:0.0000 theoretical_skip_ratio:0.6500 skip_efficiency:0.0000 computed_by_layer:3:1.000,4:1.000,5:1.000,6:1.000,7:1.000,8:1.000 actual_skip_by_layer:3:0.000,4:0.000,5:0.000,6:0.000,7:0.000,8:0.000
step:2000/2000 train_loss:2.3403 train_time:504916ms step_avg:252.46ms
step:2000/2000 stf_stats calls:1200 layers:6 score_mean:0.488784 score_max:0.833229 active_pre_mean:0.9999 active_mean:0.3500 active_min:0.3500 active_max:0.3500 active_by_layer:3:0.350,4:0.350,5:0.350,6:0.350,7:0.350,8:0.350 compute_mode:full_block_then_freeze computed_token_ratio:1.0000 active_token_ratio:0.3500 frozen_token_ratio:0.6500 actual_skip_ratio:0.0000 theoretical_skip_ratio:0.6500 skip_efficiency:0.0000 computed_by_layer:3:1.000,4:1.000,5:1.000,6:1.000,7:1.000,8:1.000 actual_skip_by_layer:3:0.000,4:0.000,5:0.000,6:0.000,7:0.000,8:0.000
step:2000/2000 val_loss:2.3045 val_bpb:1.3649 train_time:504962ms step_avg:252.48ms
peak memory allocated: 7056 MiB reserved: 7406 MiB
Serialized model: 67224983 bytes
Code size: 65644 bytes
Total submission size: 67290627 bytes
Serialized model int8+zlib: 14119963 bytes (payload:17178912 raw_torch:17224025 payload_ratio:3.91x)
Total submission size int8+zlib: 14185607 bytes
final_int8_zlib_roundtrip val_loss:2.3072 val_bpb:1.3665 eval_time:22090ms
final_int8_zlib_roundtrip_exact val_loss:2.30724240 val_bpb:1.36647891
