code_snapshot sha256_16:c1c6c12a1a32876a bytes:54846
train_gpt.py is archived separately by save.sh
====================================================================================================
Running Python 3.12.3 (main, Nov  6 2025, 13:44:16) [GCC 13.3.0]
Running PyTorch 2.9.1+cu128
Wed Apr 15 15:32:33 2026       
+-----------------------------------------------------------------------------------------+
| NVIDIA-SMI 580.126.09             Driver Version: 580.126.09     CUDA Version: 13.0     |
+-----------------------------------------+------------------------+----------------------+
| GPU  Name                 Persistence-M | Bus-Id          Disp.A | Volatile Uncorr. ECC |
| Fan  Temp   Perf          Pwr:Usage/Cap |           Memory-Usage | GPU-Util  Compute M. |
|                                         |                        |               MIG M. |
|=========================================+========================+======================|
|   0  NVIDIA GeForce RTX 4090        On  |   00000000:01:00.0 Off |                  Off |
| 30%   32C    P2             66W /  450W |     597MiB /  24564MiB |      8%      Default |
|                                         |                        |                  N/A |
+-----------------------------------------+------------------------+----------------------+
|   1  NVIDIA GeForce RTX 4090        On  |   00000000:25:00.0 Off |                  Off |
| 30%   33C    P2             54W /  450W |     597MiB /  24564MiB |      8%      Default |
|                                         |                        |                  N/A |
+-----------------------------------------+------------------------+----------------------+
|   2  NVIDIA GeForce RTX 4090        On  |   00000000:41:00.0 Off |                  Off |
| 31%   30C    P2             59W /  450W |     597MiB /  24564MiB |      7%      Default |
|                                         |                        |                  N/A |
+-----------------------------------------+------------------------+----------------------+
|   3  NVIDIA GeForce RTX 4090        On  |   00000000:61:00.0 Off |                  Off |
| 30%   28C    P2             58W /  450W |     597MiB /  24564MiB |      0%      Default |
|                                         |                        |                  N/A |
+-----------------------------------------+------------------------+----------------------+

+-----------------------------------------------------------------------------------------+
| Processes:                                                                              |
|  GPU   GI   CI              PID   Type   Process name                        GPU Memory |
|        ID   ID                                                               Usage      |
|=========================================================================================|
|    0   N/A  N/A           67976      C   /usr/local/bin/python                   588MiB |
|    1   N/A  N/A           67977      C   /usr/local/bin/python                   588MiB |
|    2   N/A  N/A           67978      C   /usr/local/bin/python                   588MiB |
|    3   N/A  N/A           67979      C   /usr/local/bin/python                   588MiB |
+-----------------------------------------------------------------------------------------+

====================================================================================================
val_bpb:enabled tokenizer_kind=sentencepiece tokenizer_path=./data/tokenizers/fineweb_1024_bpe.model
train_loader:dataset:fineweb10B_sp1024 train_shards:1
val_loader:shards pattern=./data/datasets/fineweb10B_sp1024/fineweb_val_*.bin tokens:62021632
model_params:17059912
world_size:4 grad_accum_steps:2
sdp_backends:cudnn=False flash=True mem_efficient=False math=False
attention_mode:gqa num_heads:8 num_kv_heads:4
tie_embeddings:True embed_lr:0.05 head_lr:0.0 matrix_lr:0.04 scalar_lr:0.04
train_batch_tokens:262144 train_seq_len:1024 iterations:2000 warmup_steps:20 max_wallclock_seconds:0.000
compile_model:False
stf_mode:recurrence stf_warmup_layers:3 stf_depth_cap:0 stf_threshold:0.045 stf_ema_decay:0.85 stf_min_active_ratio:0.35
seed:1337
warmup_step:1/20
warmup_step:2/20
warmup_step:3/20
warmup_step:4/20
warmup_step:5/20
warmup_step:6/20
warmup_step:7/20
warmup_step:8/20
warmup_step:9/20
warmup_step:10/20
warmup_step:11/20
warmup_step:12/20
warmup_step:13/20
warmup_step:14/20
warmup_step:15/20
warmup_step:16/20
warmup_step:17/20
warmup_step:18/20
warmup_step:19/20
warmup_step:20/20
step:0/2000 val_loss:6.9357 val_bpb:4.1077 train_time:0ms step_avg:0.03ms
step:1/2000 train_loss:6.9368 train_time:227ms step_avg:226.94ms
step:2/2000 train_loss:17.2128 train_time:470ms step_avg:235.01ms
step:3/2000 train_loss:9.1944 train_time:723ms step_avg:241.02ms
step:4/2000 train_loss:6.6753 train_time:979ms step_avg:244.76ms
step:5/2000 train_loss:6.5076 train_time:1231ms step_avg:246.11ms
step:6/2000 train_loss:6.4983 train_time:1481ms step_avg:246.85ms
step:7/2000 train_loss:6.3256 train_time:1738ms step_avg:248.24ms
step:8/2000 train_loss:6.1210 train_time:1983ms step_avg:247.82ms
step:9/2000 train_loss:5.9724 train_time:2241ms step_avg:249.00ms
step:10/2000 train_loss:5.9927 train_time:2494ms step_avg:249.38ms
step:200/2000 train_loss:3.0765 train_time:50202ms step_avg:251.01ms
step:200/2000 val_loss:3.0236 val_bpb:1.7907 train_time:50230ms step_avg:251.15ms
step:400/2000 train_loss:2.6317 train_time:101443ms step_avg:253.61ms
step:400/2000 val_loss:2.7066 val_bpb:1.6030 train_time:101470ms step_avg:253.68ms
step:600/2000 train_loss:2.6139 train_time:152997ms step_avg:255.00ms
step:600/2000 val_loss:2.5776 val_bpb:1.5266 train_time:153018ms step_avg:255.03ms
step:800/2000 train_loss:2.2545 train_time:204662ms step_avg:255.83ms
step:800/2000 val_loss:2.4968 val_bpb:1.4787 train_time:204684ms step_avg:255.85ms
step:1000/2000 train_loss:2.4088 train_time:256887ms step_avg:256.89ms
step:1000/2000 val_loss:2.4370 val_bpb:1.4433 train_time:256913ms step_avg:256.91ms
step:1200/2000 train_loss:2.5105 train_time:308902ms step_avg:257.42ms
step:1200/2000 val_loss:2.3928 val_bpb:1.4172 train_time:308929ms step_avg:257.44ms
step:1400/2000 train_loss:2.2170 train_time:360734ms step_avg:257.67ms
step:1400/2000 val_loss:2.3600 val_bpb:1.3977 train_time:360761ms step_avg:257.69ms
step:1600/2000 train_loss:2.1972 train_time:411691ms step_avg:257.31ms
step:1600/2000 val_loss:2.3363 val_bpb:1.3837 train_time:411718ms step_avg:257.32ms
step:1800/2000 train_loss:2.2436 train_time:462504ms step_avg:256.95ms
step:1800/2000 val_loss:2.3149 val_bpb:1.3710 train_time:462531ms step_avg:256.96ms
step:2000/2000 train_loss:2.2779 train_time:513210ms step_avg:256.60ms
step:2000/2000 val_loss:2.2992 val_bpb:1.3617 train_time:513237ms step_avg:256.62ms
peak memory allocated: 7056 MiB reserved: 7758 MiB
Serialized model: 67224983 bytes
Code size: 54846 bytes
Total submission size: 67279829 bytes
Serialized model int8+zlib: 14947256 bytes (payload:17178912 raw_torch:17224025 payload_ratio:3.91x)
Total submission size int8+zlib: 15002102 bytes
final_int8_zlib_roundtrip val_loss:2.3012 val_bpb:1.3629 eval_time:19696ms
final_int8_zlib_roundtrip_exact val_loss:2.30121292 val_bpb:1.36290791
