code_snapshot sha256_16:65f40529442b95fb bytes:54830
train_gpt.py is archived separately by save.sh
====================================================================================================
Running Python 3.12.3 (main, Nov  6 2025, 13:44:16) [GCC 13.3.0]
Running PyTorch 2.9.1+cu128
Wed Apr 15 14:50:03 2026       
+-----------------------------------------------------------------------------------------+
| NVIDIA-SMI 580.126.09             Driver Version: 580.126.09     CUDA Version: 13.0     |
+-----------------------------------------+------------------------+----------------------+
| GPU  Name                 Persistence-M | Bus-Id          Disp.A | Volatile Uncorr. ECC |
| Fan  Temp   Perf          Pwr:Usage/Cap |           Memory-Usage | GPU-Util  Compute M. |
|                                         |                        |               MIG M. |
|=========================================+========================+======================|
|   0  NVIDIA GeForce RTX 4090        On  |   00000000:01:00.0 Off |                  Off |
| 30%   34C    P2             67W /  450W |     597MiB /  24564MiB |      7%      Default |
|                                         |                        |                  N/A |
+-----------------------------------------+------------------------+----------------------+
|   1  NVIDIA GeForce RTX 4090        On  |   00000000:25:00.0 Off |                  Off |
| 30%   35C    P2             54W /  450W |     597MiB /  24564MiB |      8%      Default |
|                                         |                        |                  N/A |
+-----------------------------------------+------------------------+----------------------+
|   2  NVIDIA GeForce RTX 4090        On  |   00000000:41:00.0 Off |                  Off |
| 31%   34C    P2             58W /  450W |     597MiB /  24564MiB |      7%      Default |
|                                         |                        |                  N/A |
+-----------------------------------------+------------------------+----------------------+
|   3  NVIDIA GeForce RTX 4090        On  |   00000000:61:00.0 Off |                  Off |
| 30%   30C    P2             57W /  450W |     597MiB /  24564MiB |      2%      Default |
|                                         |                        |                  N/A |
+-----------------------------------------+------------------------+----------------------+

+-----------------------------------------------------------------------------------------+
| Processes:                                                                              |
|  GPU   GI   CI              PID   Type   Process name                        GPU Memory |
|        ID   ID                                                               Usage      |
|=========================================================================================|
|    0   N/A  N/A           42265      C   /usr/local/bin/python                   588MiB |
|    1   N/A  N/A           42266      C   /usr/local/bin/python                   588MiB |
|    2   N/A  N/A           42267      C   /usr/local/bin/python                   588MiB |
|    3   N/A  N/A           42268      C   /usr/local/bin/python                   588MiB |
+-----------------------------------------------------------------------------------------+

====================================================================================================
val_bpb:enabled tokenizer_kind=sentencepiece tokenizer_path=./data/tokenizers/fineweb_1024_bpe.model
train_loader:dataset:fineweb10B_sp1024 train_shards:1
val_loader:shards pattern=./data/datasets/fineweb10B_sp1024/fineweb_val_*.bin tokens:62021632
model_params:17059912
world_size:4 grad_accum_steps:2
sdp_backends:cudnn=False flash=True mem_efficient=False math=False
attention_mode:gqa num_heads:8 num_kv_heads:4
tie_embeddings:True embed_lr:0.05 head_lr:0.0 matrix_lr:0.04 scalar_lr:0.04
train_batch_tokens:524288 train_seq_len:1024 iterations:2000 warmup_steps:20 max_wallclock_seconds:0.000
compile_model:False
stf_mode:reactivation stf_warmup_layers:3 stf_depth_cap:0 stf_threshold:0.045 stf_ema_decay:0.85 stf_min_active_ratio:0.35
seed:1337
warmup_step:1/20
warmup_step:2/20
warmup_step:3/20
warmup_step:4/20
warmup_step:5/20
warmup_step:6/20
warmup_step:7/20
warmup_step:8/20
warmup_step:9/20
warmup_step:10/20
warmup_step:11/20
warmup_step:12/20
warmup_step:13/20
warmup_step:14/20
warmup_step:15/20
warmup_step:16/20
warmup_step:17/20
warmup_step:18/20
warmup_step:19/20
warmup_step:20/20
step:0/2000 val_loss:6.9357 val_bpb:4.1077 train_time:0ms step_avg:0.04ms
step:1/2000 train_loss:6.9367 train_time:455ms step_avg:454.57ms
step:2/2000 train_loss:17.3493 train_time:910ms step_avg:454.88ms
step:3/2000 train_loss:9.4246 train_time:1394ms step_avg:464.55ms
step:4/2000 train_loss:6.6346 train_time:1871ms step_avg:467.85ms
step:5/2000 train_loss:6.4119 train_time:2350ms step_avg:470.09ms
step:6/2000 train_loss:6.7167 train_time:2826ms step_avg:471.08ms
step:7/2000 train_loss:6.1975 train_time:3302ms step_avg:471.64ms
step:8/2000 train_loss:6.0681 train_time:3781ms step_avg:472.63ms
step:9/2000 train_loss:6.0263 train_time:4255ms step_avg:472.83ms
step:10/2000 train_loss:5.9385 train_time:4730ms step_avg:473.03ms
step:200/2000 train_loss:2.9498 train_time:95574ms step_avg:477.87ms
step:200/2000 val_loss:2.9370 val_bpb:1.7395 train_time:95615ms step_avg:478.08ms
step:400/2000 train_loss:2.6795 train_time:191165ms step_avg:477.91ms
step:400/2000 val_loss:2.7028 val_bpb:1.6007 train_time:191204ms step_avg:478.01ms
step:600/2000 train_loss:2.5807 train_time:286629ms step_avg:477.71ms
step:600/2000 val_loss:2.6096 val_bpb:1.5456 train_time:286673ms step_avg:477.79ms
step:800/2000 train_loss:2.4309 train_time:382036ms step_avg:477.55ms
step:800/2000 val_loss:2.5504 val_bpb:1.5105 train_time:382074ms step_avg:477.59ms
step:1000/2000 train_loss:2.8190 train_time:477505ms step_avg:477.51ms
step:1000/2000 val_loss:2.5012 val_bpb:1.4813 train_time:477554ms step_avg:477.55ms
step:1200/2000 train_loss:2.3391 train_time:573008ms step_avg:477.51ms
step:1200/2000 val_loss:2.4665 val_bpb:1.4608 train_time:573052ms step_avg:477.54ms
step:1400/2000 train_loss:2.3861 train_time:668672ms step_avg:477.62ms
step:1400/2000 val_loss:2.4452 val_bpb:1.4482 train_time:668709ms step_avg:477.65ms
step:1600/2000 train_loss:2.4031 train_time:764114ms step_avg:477.57ms
step:1600/2000 val_loss:2.4262 val_bpb:1.4370 train_time:764152ms step_avg:477.60ms
step:1800/2000 train_loss:2.3169 train_time:859629ms step_avg:477.57ms
step:1800/2000 val_loss:2.4123 val_bpb:1.4287 train_time:859675ms step_avg:477.60ms
step:2000/2000 train_loss:2.3526 train_time:955198ms step_avg:477.60ms
step:2000/2000 val_loss:2.4003 val_bpb:1.4216 train_time:955242ms step_avg:477.62ms
peak memory allocated: 14620 MiB reserved: 14902 MiB
Serialized model: 67224983 bytes
Code size: 54830 bytes
Total submission size: 67279813 bytes
Serialized model int8+zlib: 15110872 bytes (payload:17178912 raw_torch:17224025 payload_ratio:3.91x)
Total submission size int8+zlib: 15165702 bytes
final_int8_zlib_roundtrip val_loss:2.4024 val_bpb:1.4228 eval_time:18841ms
final_int8_zlib_roundtrip_exact val_loss:2.40237971 val_bpb:1.42282458
