code_snapshot sha256_16:c1c6c12a1a32876a bytes:54846
train_gpt.py is archived separately by save.sh
====================================================================================================
Running Python 3.12.3 (main, Nov  6 2025, 13:44:16) [GCC 13.3.0]
Running PyTorch 2.9.1+cu128
Thu Apr 16 13:24:51 2026       
+-----------------------------------------------------------------------------------------+
| NVIDIA-SMI 580.126.09             Driver Version: 580.126.09     CUDA Version: 13.0     |
+-----------------------------------------+------------------------+----------------------+
| GPU  Name                 Persistence-M | Bus-Id          Disp.A | Volatile Uncorr. ECC |
| Fan  Temp   Perf          Pwr:Usage/Cap |           Memory-Usage | GPU-Util  Compute M. |
|                                         |                        |               MIG M. |
|=========================================+========================+======================|
|   0  NVIDIA GeForce RTX 4090        On  |   00000000:01:00.0 Off |                  Off |
| 30%   28C    P2             54W /  450W |     585MiB /  24564MiB |      0%      Default |
|                                         |                        |                  N/A |
+-----------------------------------------+------------------------+----------------------+
|   1  NVIDIA GeForce RTX 4090        On  |   00000000:A1:00.0 Off |                  Off |
| 30%   25C    P2             59W /  450W |     585MiB /  24564MiB |      0%      Default |
|                                         |                        |                  N/A |
+-----------------------------------------+------------------------+----------------------+
|   2  NVIDIA GeForce RTX 4090        On  |   00000000:C1:00.0 Off |                  Off |
| 30%   24C    P2             64W /  450W |     585MiB /  24564MiB |      0%      Default |
|                                         |                        |                  N/A |
+-----------------------------------------+------------------------+----------------------+
|   3  NVIDIA GeForce RTX 4090        On  |   00000000:E1:00.0 Off |                  Off |
| 30%   24C    P2             64W /  450W |     585MiB /  24564MiB |      0%      Default |
|                                         |                        |                  N/A |
+-----------------------------------------+------------------------+----------------------+

+-----------------------------------------------------------------------------------------+
| Processes:                                                                              |
|  GPU   GI   CI              PID   Type   Process name                        GPU Memory |
|        ID   ID                                                               Usage      |
|=========================================================================================|
|    0   N/A  N/A            1244      C   /usr/local/bin/python                   576MiB |
|    1   N/A  N/A            1245      C   /usr/local/bin/python                   576MiB |
|    2   N/A  N/A            1246      C   /usr/local/bin/python                   576MiB |
|    3   N/A  N/A            1247      C   /usr/local/bin/python                   576MiB |
+-----------------------------------------------------------------------------------------+

====================================================================================================
val_bpb:enabled tokenizer_kind=sentencepiece tokenizer_path=./data/tokenizers/fineweb_1024_bpe.model
train_loader:dataset:fineweb10B_sp1024 train_shards:80
val_loader:shards pattern=./data/datasets/fineweb10B_sp1024/fineweb_val_*.bin tokens:62021632
model_params:17059912
world_size:4 grad_accum_steps:2
sdp_backends:cudnn=False flash=True mem_efficient=False math=False
attention_mode:gqa num_heads:8 num_kv_heads:4
tie_embeddings:True embed_lr:0.05 head_lr:0.0 matrix_lr:0.04 scalar_lr:0.04
train_batch_tokens:524288 train_seq_len:1024 iterations:5000 warmup_steps:20 max_wallclock_seconds:0.000
compile_model:False
stf_mode:recurrence stf_warmup_layers:3 stf_depth_cap:0 stf_threshold:0.045 stf_ema_decay:0.85 stf_min_active_ratio:0.35
seed:1337
warmup_step:1/20
warmup_step:2/20
warmup_step:3/20
warmup_step:4/20
warmup_step:5/20
warmup_step:6/20
warmup_step:7/20
warmup_step:8/20
warmup_step:9/20
warmup_step:10/20
warmup_step:11/20
warmup_step:12/20
warmup_step:13/20
warmup_step:14/20
warmup_step:15/20
warmup_step:16/20
warmup_step:17/20
warmup_step:18/20
warmup_step:19/20
warmup_step:20/20
step:0/5000 val_loss:6.9357 val_bpb:4.1077 train_time:0ms step_avg:0.03ms
step:1/5000 train_loss:6.9367 train_time:523ms step_avg:522.65ms
step:2/5000 train_loss:17.0441 train_time:1109ms step_avg:554.65ms
step:3/5000 train_loss:9.0189 train_time:1729ms step_avg:576.25ms
step:4/5000 train_loss:6.5932 train_time:2335ms step_avg:583.74ms
step:5/5000 train_loss:6.5287 train_time:2942ms step_avg:588.42ms
step:6/5000 train_loss:6.8143 train_time:3552ms step_avg:592.03ms
step:7/5000 train_loss:6.2600 train_time:4173ms step_avg:596.17ms
step:8/5000 train_loss:6.1059 train_time:4799ms step_avg:599.87ms
step:9/5000 train_loss:6.0573 train_time:5417ms step_avg:601.90ms
step:10/5000 train_loss:5.9586 train_time:6039ms step_avg:603.86ms
step:200/5000 train_loss:2.8613 train_time:121751ms step_avg:608.76ms
step:200/5000 val_loss:2.9147 val_bpb:1.7263 train_time:121859ms step_avg:609.29ms
step:400/5000 train_loss:2.3954 train_time:243633ms step_avg:609.08ms
step:400/5000 val_loss:2.6217 val_bpb:1.5527 train_time:243757ms step_avg:609.39ms
step:600/5000 train_loss:2.5718 train_time:366398ms step_avg:610.66ms
step:600/5000 val_loss:2.4906 val_bpb:1.4751 train_time:366520ms step_avg:610.87ms
step:800/5000 train_loss:2.3536 train_time:489273ms step_avg:611.59ms
step:800/5000 val_loss:2.4167 val_bpb:1.4313 train_time:489379ms step_avg:611.72ms
step:1000/5000 train_loss:2.4098 train_time:612846ms step_avg:612.85ms
step:1000/5000 val_loss:2.3687 val_bpb:1.4029 train_time:612966ms step_avg:612.97ms
step:1200/5000 train_loss:2.3962 train_time:736406ms step_avg:613.67ms
step:1200/5000 val_loss:2.3354 val_bpb:1.3831 train_time:736526ms step_avg:613.77ms
step:1400/5000 train_loss:2.4006 train_time:860033ms step_avg:614.31ms
step:1400/5000 val_loss:2.3114 val_bpb:1.3690 train_time:860162ms step_avg:614.40ms
step:1600/5000 train_loss:2.1880 train_time:983215ms step_avg:614.51ms
step:1600/5000 val_loss:2.2966 val_bpb:1.3602 train_time:983333ms step_avg:614.58ms
step:1800/5000 train_loss:2.2987 train_time:1105720ms step_avg:614.29ms
step:1800/5000 val_loss:2.2813 val_bpb:1.3511 train_time:1105845ms step_avg:614.36ms
step:2000/5000 train_loss:2.2615 train_time:1229139ms step_avg:614.57ms
step:2000/5000 val_loss:2.2647 val_bpb:1.3413 train_time:1229265ms step_avg:614.63ms
step:2200/5000 train_loss:2.2213 train_time:1352792ms step_avg:614.91ms
step:2200/5000 val_loss:2.2563 val_bpb:1.3363 train_time:1352892ms step_avg:614.95ms
step:2400/5000 train_loss:2.2359 train_time:1476793ms step_avg:615.33ms
step:2400/5000 val_loss:2.2459 val_bpb:1.3301 train_time:1476918ms step_avg:615.38ms
step:2600/5000 train_loss:2.3216 train_time:1600711ms step_avg:615.66ms
step:2600/5000 val_loss:2.2482 val_bpb:1.3315 train_time:1600830ms step_avg:615.70ms
step:2800/5000 train_loss:2.2596 train_time:1723354ms step_avg:615.48ms
step:2800/5000 val_loss:2.2313 val_bpb:1.3215 train_time:1723485ms step_avg:615.53ms
step:3000/5000 train_loss:2.2305 train_time:1846486ms step_avg:615.50ms
step:3000/5000 val_loss:2.2230 val_bpb:1.3166 train_time:1846611ms step_avg:615.54ms
step:3200/5000 train_loss:2.2508 train_time:1969145ms step_avg:615.36ms
step:3200/5000 val_loss:2.2174 val_bpb:1.3133 train_time:1969272ms step_avg:615.40ms
step:3400/5000 train_loss:2.2244 train_time:2091791ms step_avg:615.23ms
step:3400/5000 val_loss:2.2145 val_bpb:1.3116 train_time:2091914ms step_avg:615.27ms
step:3600/5000 train_loss:2.1687 train_time:2215131ms step_avg:615.31ms
step:3600/5000 val_loss:2.2063 val_bpb:1.3067 train_time:2215239ms step_avg:615.34ms
step:3800/5000 train_loss:2.2822 train_time:2336218ms step_avg:614.79ms
step:3800/5000 val_loss:2.2030 val_bpb:1.3048 train_time:2336343ms step_avg:614.83ms
step:4000/5000 train_loss:2.1897 train_time:2458271ms step_avg:614.57ms
step:4000/5000 val_loss:2.1899 val_bpb:1.2970 train_time:2458394ms step_avg:614.60ms
step:4200/5000 train_loss:2.2105 train_time:2579269ms step_avg:614.11ms
step:4200/5000 val_loss:2.1776 val_bpb:1.2897 train_time:2579391ms step_avg:614.14ms
step:4400/5000 train_loss:2.1676 train_time:2703380ms step_avg:614.40ms
step:4400/5000 val_loss:2.1674 val_bpb:1.2837 train_time:2703499ms step_avg:614.43ms
step:4600/5000 train_loss:2.0100 train_time:2826930ms step_avg:614.55ms
step:4600/5000 val_loss:2.1550 val_bpb:1.2763 train_time:2827051ms step_avg:614.58ms
step:4800/5000 train_loss:2.1515 train_time:2949567ms step_avg:614.49ms
step:4800/5000 val_loss:2.1438 val_bpb:1.2697 train_time:2949686ms step_avg:614.52ms
step:5000/5000 train_loss:2.0575 train_time:3073076ms step_avg:614.62ms
step:5000/5000 val_loss:2.1357 val_bpb:1.2649 train_time:3073196ms step_avg:614.64ms
peak memory allocated: 13851 MiB reserved: 14260 MiB
Serialized model: 67224983 bytes
Code size: 54846 bytes
Total submission size: 67279829 bytes
Serialized model int8+zlib: 15777616 bytes (payload:17178912 raw_torch:17224025 payload_ratio:3.91x)
Total submission size int8+zlib: 15832462 bytes
final_int8_zlib_roundtrip val_loss:2.1427 val_bpb:1.2690 eval_time:19829ms
final_int8_zlib_roundtrip_exact val_loss:2.14270239 val_bpb:1.26902905
