timestamp=2026-04-19T09:33:00Z
branch=stf-quantization
run_id=2026-04-19_stf-quantization_l2_nvidia-geforce-rtx-4090_4gpu_i500_run1
score_fn=l2
nproc_per_node=4
W0419 09:33:02.395000 6810 torch/distributed/run.py:803] 
W0419 09:33:02.395000 6810 torch/distributed/run.py:803] *****************************************
W0419 09:33:02.395000 6810 torch/distributed/run.py:803] Setting OMP_NUM_THREADS environment variable for each process to be 1 in default, to avoid your system being overloaded, please further tune the variable for optimal performance in your application as needed. 
W0419 09:33:02.395000 6810 torch/distributed/run.py:803] *****************************************
logs/2026-04-19_stf-quantization_l2_nvidia-geforce-rtx-4090_4gpu_i500_run1.txt
val_bpb:enabled tokenizer_kind=sentencepiece tokenizer_path=./data/tokenizers/fineweb_1024_bpe.model
train_loader:dataset:fineweb10B_sp1024 train_shards:80
val_loader:shards pattern=./data/datasets/fineweb10B_sp1024/fineweb_val_*.bin tokens:62021632
model_params:17059912
world_size:4 grad_accum_steps:2
sdp_backends:cudnn=False flash=True mem_efficient=False math=False
attention_mode:gqa num_heads:8 num_kv_heads:4
tie_embeddings:True embed_lr:0.05 head_lr:0.0 matrix_lr:0.04 scalar_lr:0.04
train_batch_tokens:524288 train_seq_len:1024 iterations:500 warmup_steps:0 max_wallclock_seconds:0.000
compile_model:False
stf_mode:quantization stf_warmup_layers:3 stf_depth_cap:0 stf_threshold:0.045 stf_ema_decay:0.85 stf_min_active_ratio:0.35 stf_score_fn:l2 stf_telemetry:True
seed:1337
step:0/500 val_loss:6.9357 val_bpb:4.1077 train_time:0ms step_avg:0.02ms
step:1/500 train_loss:6.9367 train_time:1531ms step_avg:1531.32ms
step:1/500 stf_stats calls:1434 layers:6 score_mean:0.000000 score_max:0.000000 active_pre_mean:0.0000 active_mean:1.0000 active_min:1.0000 active_max:1.0000 active_by_layer:3:1.000,4:1.000,5:1.000,6:1.000,7:1.000,8:1.000
step:2/500 train_loss:9.0833 train_time:2035ms step_avg:1017.52ms
step:2/500 stf_stats calls:12 layers:6 score_mean:1.021657 score_max:1.445112 active_pre_mean:1.0000 active_mean:0.3500 active_min:0.3500 active_max:0.3500 active_by_layer:3:0.350,4:0.350,5:0.350,6:0.350,7:0.350,8:0.350
step:3/500 train_loss:6.6707 train_time:2528ms step_avg:842.73ms
step:3/500 stf_stats calls:12 layers:6 score_mean:2.074610 score_max:3.295964 active_pre_mean:1.0000 active_mean:0.3500 active_min:0.3500 active_max:0.3500 active_by_layer:3:0.350,4:0.350,5:0.350,6:0.350,7:0.350,8:0.350
step:4/500 train_loss:6.2255 train_time:3023ms step_avg:755.86ms
step:4/500 stf_stats calls:12 layers:6 score_mean:2.983242 score_max:4.629428 active_pre_mean:1.0000 active_mean:0.3500 active_min:0.3500 active_max:0.3500 active_by_layer:3:0.350,4:0.350,5:0.350,6:0.350,7:0.350,8:0.350
step:5/500 train_loss:6.6237 train_time:3517ms step_avg:703.44ms
step:5/500 stf_stats calls:12 layers:6 score_mean:3.654857 score_max:5.949334 active_pre_mean:1.0000 active_mean:0.3500 active_min:0.3500 active_max:0.3500 active_by_layer:3:0.350,4:0.350,5:0.350,6:0.350,7:0.350,8:0.350
step:6/500 train_loss:6.9709 train_time:4009ms step_avg:668.23ms
step:6/500 stf_stats calls:12 layers:6 score_mean:4.434692 score_max:7.692482 active_pre_mean:1.0000 active_mean:0.3500 active_min:0.3500 active_max:0.3500 active_by_layer:3:0.350,4:0.350,5:0.350,6:0.350,7:0.350,8:0.350
step:7/500 train_loss:6.7789 train_time:4502ms step_avg:643.15ms
step:7/500 stf_stats calls:12 layers:6 score_mean:5.348117 score_max:9.976464 active_pre_mean:1.0000 active_mean:0.3500 active_min:0.3500 active_max:0.3500 active_by_layer:3:0.350,4:0.350,5:0.350,6:0.350,7:0.350,8:0.350
step:8/500 train_loss:6.5245 train_time:4998ms step_avg:624.76ms
step:8/500 stf_stats calls:12 layers:6 score_mean:6.543398 score_max:12.782409 active_pre_mean:1.0000 active_mean:0.3500 active_min:0.3500 active_max:0.3500 active_by_layer:3:0.350,4:0.350,5:0.350,6:0.350,7:0.350,8:0.350
step:9/500 train_loss:6.3416 train_time:5493ms step_avg:610.34ms
step:9/500 stf_stats calls:12 layers:6 score_mean:7.878014 score_max:15.451367 active_pre_mean:1.0000 active_mean:0.3500 active_min:0.3500 active_max:0.3500 active_by_layer:3:0.350,4:0.350,5:0.350,6:0.350,7:0.350,8:0.350
step:10/500 train_loss:6.1845 train_time:5987ms step_avg:598.68ms
step:10/500 stf_stats calls:12 layers:6 score_mean:9.133827 score_max:18.563238 active_pre_mean:1.0000 active_mean:0.3500 active_min:0.3500 active_max:0.3500 active_by_layer:3:0.350,4:0.350,5:0.350,6:0.350,7:0.350,8:0.350
step:50/500 train_loss:5.2587 train_time:25739ms step_avg:514.78ms
step:50/500 stf_stats calls:480 layers:6 score_mean:17.052811 score_max:72.394554 active_pre_mean:1.0000 active_mean:0.3500 active_min:0.3500 active_max:0.3500 active_by_layer:3:0.350,4:0.350,5:0.350,6:0.350,7:0.350,8:0.350
step:50/500 val_loss:5.1035 val_bpb:3.0226 train_time:25825ms step_avg:516.49ms
step:100/500 train_loss:4.5094 train_time:50419ms step_avg:504.19ms
step:100/500 stf_stats calls:2022 layers:6 score_mean:16.306522 score_max:78.480850 active_pre_mean:1.0000 active_mean:0.3500 active_min:0.3500 active_max:0.3500 active_by_layer:3:0.350,4:0.350,5:0.350,6:0.350,7:0.350,8:0.350
step:100/500 val_loss:4.5696 val_bpb:2.7064 train_time:50505ms step_avg:505.05ms
step:150/500 train_loss:4.2634 train_time:75095ms step_avg:500.63ms
step:150/500 stf_stats calls:2022 layers:6 score_mean:15.882530 score_max:73.015228 active_pre_mean:1.0000 active_mean:0.3500 active_min:0.3500 active_max:0.3500 active_by_layer:3:0.350,4:0.350,5:0.350,6:0.350,7:0.350,8:0.350
step:150/500 val_loss:4.2404 val_bpb:2.5114 train_time:75182ms step_avg:501.21ms
step:200/500 train_loss:3.9720 train_time:99752ms step_avg:498.76ms
step:200/500 stf_stats calls:2022 layers:6 score_mean:15.333021 score_max:93.324051 active_pre_mean:1.0000 active_mean:0.3500 active_min:0.3500 active_max:0.3500 active_by_layer:3:0.350,4:0.350,5:0.350,6:0.350,7:0.350,8:0.350
step:200/500 val_loss:3.9616 val_bpb:2.3463 train_time:99840ms step_avg:499.20ms
step:250/500 train_loss:3.7146 train_time:124433ms step_avg:497.73ms
step:250/500 stf_stats calls:2022 layers:6 score_mean:14.686666 score_max:100.267944 active_pre_mean:1.0000 active_mean:0.3500 active_min:0.3500 active_max:0.3500 active_by_layer:3:0.350,4:0.350,5:0.350,6:0.350,7:0.350,8:0.350
step:250/500 val_loss:3.6713 val_bpb:2.1743 train_time:124523ms step_avg:498.09ms
step:300/500 train_loss:3.3379 train_time:149096ms step_avg:496.99ms
step:300/500 stf_stats calls:2022 layers:6 score_mean:13.802053 score_max:98.255707 active_pre_mean:1.0000 active_mean:0.3500 active_min:0.3500 active_max:0.3500 active_by_layer:3:0.350,4:0.350,5:0.350,6:0.350,7:0.350,8:0.350
step:300/500 val_loss:3.4248 val_bpb:2.0283 train_time:149185ms step_avg:497.28ms
step:350/500 train_loss:3.3263 train_time:173770ms step_avg:496.49ms
step:350/500 stf_stats calls:2022 layers:6 score_mean:13.031516 score_max:110.325836 active_pre_mean:1.0000 active_mean:0.3500 active_min:0.3500 active_max:0.3500 active_by_layer:3:0.350,4:0.350,5:0.350,6:0.350,7:0.350,8:0.350
step:350/500 val_loss:3.3015 val_bpb:1.9553 train_time:173857ms step_avg:496.73ms
step:400/500 train_loss:3.0678 train_time:198457ms step_avg:496.14ms
step:400/500 stf_stats calls:2022 layers:6 score_mean:12.837763 score_max:88.420959 active_pre_mean:1.0000 active_mean:0.3500 active_min:0.3500 active_max:0.3500 active_by_layer:3:0.350,4:0.350,5:0.350,6:0.350,7:0.350,8:0.350
step:400/500 val_loss:3.2319 val_bpb:1.9141 train_time:198543ms step_avg:496.36ms
step:450/500 train_loss:3.1811 train_time:223151ms step_avg:495.89ms
step:450/500 stf_stats calls:2022 layers:6 score_mean:12.782959 score_max:71.375153 active_pre_mean:1.0000 active_mean:0.3500 active_min:0.3500 active_max:0.3500 active_by_layer:3:0.350,4:0.350,5:0.350,6:0.350,7:0.350,8:0.350
step:450/500 val_loss:3.1792 val_bpb:1.8829 train_time:223240ms step_avg:496.09ms
step:500/500 train_loss:3.0978 train_time:247847ms step_avg:495.69ms
step:500/500 stf_stats calls:2022 layers:6 score_mean:12.426379 score_max:63.386009 active_pre_mean:1.0000 active_mean:0.3500 active_min:0.3500 active_max:0.3500 active_by_layer:3:0.350,4:0.350,5:0.350,6:0.350,7:0.350,8:0.350
step:500/500 val_loss:3.1521 val_bpb:1.8669 train_time:247933ms step_avg:495.87ms
peak memory allocated: 14620 MiB reserved: 14966 MiB
Serialized model: 67224983 bytes
Code size: 62180 bytes
Total submission size: 67287163 bytes
Serialized model int8+zlib: 8517310 bytes (payload:17178912 raw_torch:17224025 payload_ratio:3.91x)
Total submission size int8+zlib: 8579490 bytes
final_int8_zlib_roundtrip val_loss:3.1919 val_bpb:1.8905 eval_time:19217ms
final_int8_zlib_roundtrip_exact val_loss:3.19194940 val_bpb:1.89045223
