timestamp=2026-04-19T11:03:48Z
branch=stf-learned-gate
run_id=2026-04-19_stf-learned-gate_cosine_nvidia-geforce-rtx-4090_4gpu_i2000_run1
score_fn=cosine
nproc_per_node=4
W0419 11:03:49.949000 9627 torch/distributed/run.py:803] 
W0419 11:03:49.949000 9627 torch/distributed/run.py:803] *****************************************
W0419 11:03:49.949000 9627 torch/distributed/run.py:803] Setting OMP_NUM_THREADS environment variable for each process to be 1 in default, to avoid your system being overloaded, please further tune the variable for optimal performance in your application as needed. 
W0419 11:03:49.949000 9627 torch/distributed/run.py:803] *****************************************
logs/2026-04-19_stf-learned-gate_cosine_nvidia-geforce-rtx-4090_4gpu_i2000_run1.txt
val_bpb:enabled tokenizer_kind=sentencepiece tokenizer_path=./data/tokenizers/fineweb_1024_bpe.model
train_loader:dataset:fineweb10B_sp1024 train_shards:80
val_loader:shards pattern=./data/datasets/fineweb10B_sp1024/fineweb_val_*.bin tokens:62021632
model_params:17059930
world_size:4 grad_accum_steps:2
sdp_backends:cudnn=False flash=True mem_efficient=False math=False
attention_mode:gqa num_heads:8 num_kv_heads:4
tie_embeddings:True embed_lr:0.05 head_lr:0.0 matrix_lr:0.04 scalar_lr:0.04
train_batch_tokens:524288 train_seq_len:1024 iterations:2000 warmup_steps:0 max_wallclock_seconds:0.000
compile_model:False
stf_mode:learned_gate stf_warmup_layers:3 stf_depth_cap:0 stf_threshold:0.02 stf_ema_decay:0.85 stf_min_active_ratio:0.35 stf_score_fn:cosine stf_telemetry:True
seed:1337
step:0/2000 val_loss:6.9357 val_bpb:4.1077 train_time:0ms step_avg:0.02ms
step:1/2000 train_loss:6.9367 train_time:1700ms step_avg:1700.42ms
step:1/2000 stf_stats calls:1434 layers:6 score_mean:-0.000000 score_max:0.000000 gate_mean:0.4609 gate_min:0.4609 gate_max:0.4609 gate_by_layer:3:0.461,4:0.461,5:0.461,6:0.461,7:0.461,8:0.461
step:2/2000 train_loss:17.2850 train_time:2300ms step_avg:1150.23ms
step:2/2000 stf_stats calls:12 layers:6 score_mean:0.001067 score_max:0.001455 gate_mean:0.4624 gate_min:0.4609 gate_max:0.4629 gate_by_layer:3:0.463,4:0.463,5:0.463,6:0.463,7:0.462,8:0.461
step:3/2000 train_loss:9.2228 train_time:2891ms step_avg:963.57ms
step:3/2000 stf_stats calls:12 layers:6 score_mean:0.001215 score_max:0.003642 gate_mean:0.4625 gate_min:0.4609 gate_max:0.4668 gate_by_layer:3:0.463,4:0.463,5:0.463,6:0.462,7:0.462,8:0.462
step:4/2000 train_loss:6.5953 train_time:3483ms step_avg:870.83ms
step:4/2000 stf_stats calls:12 layers:6 score_mean:0.001017 score_max:0.006299 gate_mean:0.4620 gate_min:0.4609 gate_max:0.4727 gate_by_layer:3:0.463,4:0.462,5:0.462,6:0.462,7:0.462,8:0.461
step:5/2000 train_loss:6.4285 train_time:4074ms step_avg:814.84ms
step:5/2000 stf_stats calls:12 layers:6 score_mean:0.000871 score_max:0.010117 gate_mean:0.4616 gate_min:0.4609 gate_max:0.4805 gate_by_layer:3:0.462,4:0.462,5:0.462,6:0.461,7:0.461,8:0.461
step:6/2000 train_loss:6.7632 train_time:4665ms step_avg:777.49ms
step:6/2000 stf_stats calls:12 layers:6 score_mean:0.000860 score_max:0.011923 gate_mean:0.4616 gate_min:0.4609 gate_max:0.4844 gate_by_layer:3:0.462,4:0.462,5:0.462,6:0.461,7:0.461,8:0.461
step:7/2000 train_loss:6.2355 train_time:5258ms step_avg:751.10ms
step:7/2000 stf_stats calls:12 layers:6 score_mean:0.000753 score_max:0.015913 gate_mean:0.4613 gate_min:0.4609 gate_max:0.4922 gate_by_layer:3:0.462,4:0.462,5:0.461,6:0.461,7:0.461,8:0.461
step:8/2000 train_loss:6.1134 train_time:5848ms step_avg:731.05ms
step:8/2000 stf_stats calls:12 layers:6 score_mean:0.000729 score_max:0.028010 gate_mean:0.4613 gate_min:0.4609 gate_max:0.5156 gate_by_layer:3:0.462,4:0.461,5:0.461,6:0.461,7:0.461,8:0.461
step:9/2000 train_loss:6.0764 train_time:6444ms step_avg:716.01ms
step:9/2000 stf_stats calls:12 layers:6 score_mean:0.000710 score_max:0.024046 gate_mean:0.4612 gate_min:0.4609 gate_max:0.5078 gate_by_layer:3:0.462,4:0.461,5:0.461,6:0.461,7:0.461,8:0.461
step:10/2000 train_loss:5.9793 train_time:7035ms step_avg:703.51ms
step:10/2000 stf_stats calls:12 layers:6 score_mean:0.000664 score_max:0.018430 gate_mean:0.4611 gate_min:0.4609 gate_max:0.4961 gate_by_layer:3:0.461,4:0.461,5:0.461,6:0.461,7:0.461,8:0.461
step:100/2000 train_loss:3.7892 train_time:60397ms step_avg:603.97ms
step:100/2000 stf_stats calls:1080 layers:6 score_mean:0.008743 score_max:0.241601 gate_mean:0.4775 gate_min:0.4609 gate_max:0.8555 gate_by_layer:3:0.482,4:0.480,5:0.478,6:0.476,7:0.475,8:0.474
step:200/2000 train_loss:3.1278 train_time:119647ms step_avg:598.24ms
step:200/2000 stf_stats calls:1200 layers:6 score_mean:0.044126 score_max:0.330238 gate_mean:0.5475 gate_min:0.4668 gate_max:0.9219 gate_by_layer:3:0.572,4:0.561,5:0.550,6:0.541,7:0.534,8:0.527
step:200/2000 val_loss:3.1682 val_bpb:1.8764 train_time:119737ms step_avg:598.69ms
step:300/2000 train_loss:2.7634 train_time:178911ms step_avg:596.37ms
step:300/2000 stf_stats calls:2622 layers:6 score_mean:0.067409 score_max:0.397856 gate_mean:0.5924 gate_min:0.4863 gate_max:0.9531 gate_by_layer:3:0.627,4:0.612,5:0.596,6:0.583,7:0.573,8:0.563
step:400/2000 train_loss:2.5120 train_time:238177ms step_avg:595.44ms
step:400/2000 stf_stats calls:1200 layers:6 score_mean:0.094307 score_max:0.455690 gate_mean:0.6417 gate_min:0.4883 gate_max:0.9688 gate_by_layer:3:0.685,4:0.668,5:0.647,6:0.630,7:0.617,8:0.603
step:400/2000 val_loss:2.7227 val_bpb:1.6125 train_time:238265ms step_avg:595.66ms
step:500/2000 train_loss:2.5731 train_time:297458ms step_avg:594.92ms
step:500/2000 stf_stats calls:2622 layers:6 score_mean:0.108378 score_max:0.518525 gate_mean:0.6660 gate_min:0.4863 gate_max:0.9805 gate_by_layer:3:0.711,4:0.695,5:0.673,6:0.654,7:0.640,8:0.624
step:600/2000 train_loss:2.6396 train_time:356738ms step_avg:594.56ms
step:600/2000 stf_stats calls:1200 layers:6 score_mean:0.127202 score_max:0.529706 gate_mean:0.6964 gate_min:0.4883 gate_max:0.9844 gate_by_layer:3:0.744,4:0.729,5:0.705,6:0.684,7:0.668,8:0.649
step:600/2000 val_loss:2.5686 val_bpb:1.5212 train_time:356829ms step_avg:594.71ms
step:700/2000 train_loss:2.5178 train_time:416027ms step_avg:594.32ms
step:700/2000 stf_stats calls:2622 layers:6 score_mean:0.137109 score_max:0.589483 gate_mean:0.7113 gate_min:0.4863 gate_max:0.9883 gate_by_layer:3:0.759,4:0.745,5:0.721,6:0.699,7:0.682,8:0.662
step:800/2000 train_loss:2.4091 train_time:475288ms step_avg:594.11ms
step:800/2000 stf_stats calls:1200 layers:6 score_mean:0.153179 score_max:0.608988 gate_mean:0.7339 gate_min:0.4883 gate_max:0.9922 gate_by_layer:3:0.783,4:0.769,5:0.745,6:0.722,7:0.703,8:0.682
step:800/2000 val_loss:2.4763 val_bpb:1.4666 train_time:475379ms step_avg:594.22ms
step:900/2000 train_loss:2.4220 train_time:534556ms step_avg:593.95ms
step:900/2000 stf_stats calls:2622 layers:6 score_mean:0.161853 score_max:0.644077 gate_mean:0.7455 gate_min:0.4883 gate_max:0.9922 gate_by_layer:3:0.795,4:0.781,5:0.757,6:0.733,7:0.714,8:0.692
step:1000/2000 train_loss:2.4468 train_time:593813ms step_avg:593.81ms
step:1000/2000 stf_stats calls:1200 layers:6 score_mean:0.174309 score_max:0.670182 gate_mean:0.7606 gate_min:0.4902 gate_max:0.9961 gate_by_layer:3:0.810,4:0.796,5:0.773,6:0.749,7:0.729,8:0.706
step:1000/2000 val_loss:2.4067 val_bpb:1.4254 train_time:593903ms step_avg:593.90ms
step:1100/2000 train_loss:2.3827 train_time:653092ms step_avg:593.72ms
step:1100/2000 stf_stats calls:2622 layers:6 score_mean:0.181911 score_max:0.685551 gate_mean:0.7699 gate_min:0.4961 gate_max:0.9961 gate_by_layer:3:0.820,4:0.806,5:0.783,6:0.758,7:0.738,8:0.714
step:1200/2000 train_loss:2.4205 train_time:712379ms step_avg:593.65ms
step:1200/2000 stf_stats calls:1200 layers:6 score_mean:0.190866 score_max:0.699318 gate_mean:0.7796 gate_min:0.5039 gate_max:0.9961 gate_by_layer:3:0.829,4:0.816,5:0.793,6:0.769,7:0.749,8:0.723
step:1200/2000 val_loss:2.3606 val_bpb:1.3981 train_time:712468ms step_avg:593.72ms
step:1300/2000 train_loss:2.4060 train_time:771630ms step_avg:593.56ms
step:1300/2000 stf_stats calls:2622 layers:6 score_mean:0.196199 score_max:0.731472 gate_mean:0.7853 gate_min:0.5039 gate_max:0.9961 gate_by_layer:3:0.835,4:0.821,5:0.799,6:0.775,7:0.755,8:0.729
step:1400/2000 train_loss:2.4129 train_time:830898ms step_avg:593.50ms
step:1400/2000 stf_stats calls:1200 layers:6 score_mean:0.203293 score_max:0.751571 gate_mean:0.7927 gate_min:0.5156 gate_max:0.9961 gate_by_layer:3:0.841,4:0.829,5:0.806,6:0.782,7:0.762,8:0.736
step:1400/2000 val_loss:2.3264 val_bpb:1.3778 train_time:830990ms step_avg:593.56ms
step:1500/2000 train_loss:2.3366 train_time:890173ms step_avg:593.45ms
step:1500/2000 stf_stats calls:2622 layers:6 score_mean:0.206496 score_max:0.743486 gate_mean:0.7959 gate_min:0.5195 gate_max:0.9961 gate_by_layer:3:0.845,4:0.832,5:0.809,6:0.785,7:0.766,8:0.739
step:1600/2000 train_loss:2.1907 train_time:949427ms step_avg:593.39ms
step:1600/2000 stf_stats calls:1200 layers:6 score_mean:0.212293 score_max:0.753798 gate_mean:0.8017 gate_min:0.5234 gate_max:0.9961 gate_by_layer:3:0.850,4:0.837,5:0.815,6:0.792,7:0.772,8:0.744
step:1600/2000 val_loss:2.2992 val_bpb:1.3617 train_time:949516ms step_avg:593.45ms
step:1700/2000 train_loss:2.2377 train_time:1008692ms step_avg:593.35ms
step:1700/2000 stf_stats calls:2622 layers:6 score_mean:0.215271 score_max:0.756327 gate_mean:0.8046 gate_min:0.5234 gate_max:0.9961 gate_by_layer:3:0.853,4:0.840,5:0.818,6:0.795,7:0.775,8:0.747
step:1800/2000 train_loss:2.2898 train_time:1067955ms step_avg:593.31ms
step:1800/2000 stf_stats calls:1200 layers:6 score_mean:0.219516 score_max:0.756049 gate_mean:0.8088 gate_min:0.5312 gate_max:0.9961 gate_by_layer:3:0.857,4:0.844,5:0.823,6:0.799,7:0.779,8:0.751
step:1800/2000 val_loss:2.2736 val_bpb:1.3466 train_time:1068046ms step_avg:593.36ms
step:1900/2000 train_loss:2.2343 train_time:1127242ms step_avg:593.29ms
step:1900/2000 stf_stats calls:2622 layers:6 score_mean:0.221634 score_max:0.761952 gate_mean:0.8109 gate_min:0.5312 gate_max:0.9961 gate_by_layer:3:0.858,4:0.846,5:0.825,6:0.801,7:0.782,8:0.753
step:2000/2000 train_loss:2.2535 train_time:1186516ms step_avg:593.26ms
step:2000/2000 stf_stats calls:1200 layers:6 score_mean:0.224701 score_max:0.754176 gate_mean:0.8139 gate_min:0.5312 gate_max:0.9961 gate_by_layer:3:0.862,4:0.849,5:0.828,6:0.804,7:0.785,8:0.756
step:2000/2000 val_loss:2.2564 val_bpb:1.3364 train_time:1186607ms step_avg:593.30ms
peak memory allocated: 17316 MiB reserved: 17980 MiB
Serialized model: 67225625 bytes
Code size: 62180 bytes
Total submission size: 67287805 bytes
Serialized model int8+zlib: 14012654 bytes (payload:17178948 raw_torch:17224661 payload_ratio:3.91x)
Total submission size int8+zlib: 14074834 bytes
final_int8_zlib_roundtrip val_loss:2.2593 val_bpb:1.3381 eval_time:20072ms
final_int8_zlib_roundtrip_exact val_loss:2.25934867 val_bpb:1.33811354
