timestamp=2026-04-19T08:47:13Z
branch=stf-minimal
run_id=2026-04-19_stf-minimal_cosine_nvidia-geforce-rtx-4090_4gpu_i500_run1
score_fn=cosine
nproc_per_node=4
W0419 08:47:14.540000 3662 torch/distributed/run.py:803] 
W0419 08:47:14.540000 3662 torch/distributed/run.py:803] *****************************************
W0419 08:47:14.540000 3662 torch/distributed/run.py:803] Setting OMP_NUM_THREADS environment variable for each process to be 1 in default, to avoid your system being overloaded, please further tune the variable for optimal performance in your application as needed. 
W0419 08:47:14.540000 3662 torch/distributed/run.py:803] *****************************************
logs/2026-04-19_stf-minimal_cosine_nvidia-geforce-rtx-4090_4gpu_i500_run1.txt
val_bpb:enabled tokenizer_kind=sentencepiece tokenizer_path=./data/tokenizers/fineweb_1024_bpe.model
train_loader:dataset:fineweb10B_sp1024 train_shards:80
val_loader:shards pattern=./data/datasets/fineweb10B_sp1024/fineweb_val_*.bin tokens:62021632
model_params:17059912
world_size:4 grad_accum_steps:2
sdp_backends:cudnn=False flash=True mem_efficient=False math=False
attention_mode:gqa num_heads:8 num_kv_heads:4
tie_embeddings:True embed_lr:0.05 head_lr:0.0 matrix_lr:0.04 scalar_lr:0.04
train_batch_tokens:524288 train_seq_len:1024 iterations:500 warmup_steps:0 max_wallclock_seconds:0.000
compile_model:False
stf_mode:minimal stf_warmup_layers:3 stf_depth_cap:0 stf_threshold:0.045 stf_ema_decay:0.85 stf_min_active_ratio:0.35 stf_score_fn:cosine stf_telemetry:True
seed:1337
step:0/500 val_loss:6.9357 val_bpb:4.1077 train_time:0ms step_avg:0.02ms
step:1/500 train_loss:6.9367 train_time:1272ms step_avg:1271.61ms
step:1/500 stf_stats calls:1434 layers:6 score_mean:-0.000000 score_max:0.000000 active_pre_mean:0.0000 active_mean:0.5309 active_min:0.3640 active_max:0.8016 active_by_layer:3:0.802,4:0.802,5:0.427,6:0.427,7:0.364,8:0.364
step:2/500 train_loss:9.1066 train_time:1778ms step_avg:888.96ms
step:2/500 stf_stats calls:12 layers:6 score_mean:0.000217 score_max:0.000305 active_pre_mean:0.0000 active_mean:0.3501 active_min:0.3500 active_max:0.3502 active_by_layer:3:0.350,4:0.350,5:0.350,6:0.350,7:0.350,8:0.350
step:3/500 train_loss:6.3905 train_time:2264ms step_avg:754.54ms
step:3/500 stf_stats calls:12 layers:6 score_mean:0.000433 score_max:0.000809 active_pre_mean:0.0000 active_mean:0.3500 active_min:0.3500 active_max:0.3501 active_by_layer:3:0.350,4:0.350,5:0.350,6:0.350,7:0.350,8:0.350
step:4/500 train_loss:6.0452 train_time:2749ms step_avg:687.34ms
step:4/500 stf_stats calls:12 layers:6 score_mean:0.000584 score_max:0.001743 active_pre_mean:0.0000 active_mean:0.3500 active_min:0.3500 active_max:0.3500 active_by_layer:3:0.350,4:0.350,5:0.350,6:0.350,7:0.350,8:0.350
step:5/500 train_loss:6.3887 train_time:3235ms step_avg:646.91ms
step:5/500 stf_stats calls:12 layers:6 score_mean:0.000910 score_max:0.003064 active_pre_mean:0.0000 active_mean:0.3500 active_min:0.3500 active_max:0.3500 active_by_layer:3:0.350,4:0.350,5:0.350,6:0.350,7:0.350,8:0.350
step:6/500 train_loss:6.5374 train_time:3721ms step_avg:620.16ms
step:6/500 stf_stats calls:12 layers:6 score_mean:0.001349 score_max:0.004633 active_pre_mean:0.0000 active_mean:0.3500 active_min:0.3500 active_max:0.3500 active_by_layer:3:0.350,4:0.350,5:0.350,6:0.350,7:0.350,8:0.350
step:7/500 train_loss:6.2694 train_time:4205ms step_avg:600.76ms
step:7/500 stf_stats calls:12 layers:6 score_mean:0.001613 score_max:0.007853 active_pre_mean:0.0000 active_mean:0.3500 active_min:0.3500 active_max:0.3500 active_by_layer:3:0.350,4:0.350,5:0.350,6:0.350,7:0.350,8:0.350
step:8/500 train_loss:6.1746 train_time:4689ms step_avg:586.13ms
step:8/500 stf_stats calls:12 layers:6 score_mean:0.001815 score_max:0.011281 active_pre_mean:0.0000 active_mean:0.3500 active_min:0.3500 active_max:0.3500 active_by_layer:3:0.350,4:0.350,5:0.350,6:0.350,7:0.350,8:0.350
step:9/500 train_loss:5.9785 train_time:5173ms step_avg:574.79ms
step:9/500 stf_stats calls:12 layers:6 score_mean:0.001950 score_max:0.013483 active_pre_mean:0.0000 active_mean:0.3500 active_min:0.3500 active_max:0.3500 active_by_layer:3:0.350,4:0.350,5:0.350,6:0.350,7:0.350,8:0.350
step:10/500 train_loss:5.8197 train_time:5657ms step_avg:565.71ms
step:10/500 stf_stats calls:12 layers:6 score_mean:0.002009 score_max:0.016640 active_pre_mean:0.0000 active_mean:0.3500 active_min:0.3500 active_max:0.3500 active_by_layer:3:0.350,4:0.350,5:0.350,6:0.350,7:0.350,8:0.350
step:50/500 train_loss:4.3772 train_time:24983ms step_avg:499.66ms
step:50/500 stf_stats calls:480 layers:6 score_mean:0.006094 score_max:0.045840 active_pre_mean:0.0000 active_mean:0.3500 active_min:0.3500 active_max:0.3500 active_by_layer:3:0.350,4:0.350,5:0.350,6:0.350,7:0.350,8:0.350
step:50/500 val_loss:4.3229 val_bpb:2.5603 train_time:25051ms step_avg:501.02ms
step:100/500 train_loss:3.7599 train_time:49145ms step_avg:491.45ms
step:100/500 stf_stats calls:2022 layers:6 score_mean:0.005667 score_max:0.133431 active_pre_mean:0.0001 active_mean:0.3500 active_min:0.3500 active_max:0.3500 active_by_layer:3:0.350,4:0.350,5:0.350,6:0.350,7:0.350,8:0.350
step:100/500 val_loss:3.7575 val_bpb:2.2254 train_time:49213ms step_avg:492.13ms
step:150/500 train_loss:3.4712 train_time:73330ms step_avg:488.87ms
step:150/500 stf_stats calls:2022 layers:6 score_mean:0.008389 score_max:0.205581 active_pre_mean:0.0059 active_mean:0.3500 active_min:0.3500 active_max:0.3500 active_by_layer:3:0.350,4:0.350,5:0.350,6:0.350,7:0.350,8:0.350
step:150/500 val_loss:3.4328 val_bpb:2.0331 train_time:73398ms step_avg:489.32ms
step:200/500 train_loss:3.1250 train_time:97492ms step_avg:487.46ms
step:200/500 stf_stats calls:2022 layers:6 score_mean:0.013596 score_max:0.238433 active_pre_mean:0.0308 active_mean:0.3500 active_min:0.3500 active_max:0.3500 active_by_layer:3:0.350,4:0.350,5:0.350,6:0.350,7:0.350,8:0.350
step:200/500 val_loss:3.1606 val_bpb:1.8719 train_time:97559ms step_avg:487.80ms
step:250/500 train_loss:3.0073 train_time:121641ms step_avg:486.57ms
step:250/500 stf_stats calls:2022 layers:6 score_mean:0.019455 score_max:0.233989 active_pre_mean:0.0787 active_mean:0.3500 active_min:0.3500 active_max:0.3500 active_by_layer:3:0.350,4:0.350,5:0.350,6:0.350,7:0.350,8:0.350
step:250/500 val_loss:2.9667 val_bpb:1.7571 train_time:121709ms step_avg:486.84ms
step:300/500 train_loss:2.7826 train_time:145796ms step_avg:485.99ms
step:300/500 stf_stats calls:2022 layers:6 score_mean:0.023642 score_max:0.265148 active_pre_mean:0.1263 active_mean:0.3500 active_min:0.3500 active_max:0.3500 active_by_layer:3:0.350,4:0.350,5:0.350,6:0.350,7:0.350,8:0.350
step:300/500 val_loss:2.8627 val_bpb:1.6954 train_time:145864ms step_avg:486.21ms
step:350/500 train_loss:2.8252 train_time:169945ms step_avg:485.56ms
step:350/500 stf_stats calls:2022 layers:6 score_mean:0.027573 score_max:0.288143 active_pre_mean:0.1690 active_mean:0.3500 active_min:0.3500 active_max:0.3500 active_by_layer:3:0.350,4:0.350,5:0.350,6:0.350,7:0.350,8:0.350
step:350/500 val_loss:2.7920 val_bpb:1.6536 train_time:170013ms step_avg:485.75ms
step:400/500 train_loss:2.5418 train_time:194113ms step_avg:485.28ms
step:400/500 stf_stats calls:2022 layers:6 score_mean:0.030812 score_max:0.296233 active_pre_mean:0.1997 active_mean:0.3500 active_min:0.3500 active_max:0.3500 active_by_layer:3:0.350,4:0.350,5:0.350,6:0.350,7:0.350,8:0.350
step:400/500 val_loss:2.7454 val_bpb:1.6260 train_time:194181ms step_avg:485.45ms
step:450/500 train_loss:2.6934 train_time:218264ms step_avg:485.03ms
step:450/500 stf_stats calls:2022 layers:6 score_mean:0.033732 score_max:0.305598 active_pre_mean:0.2256 active_mean:0.3500 active_min:0.3500 active_max:0.3500 active_by_layer:3:0.350,4:0.350,5:0.350,6:0.350,7:0.350,8:0.350
step:450/500 val_loss:2.7058 val_bpb:1.6025 train_time:218332ms step_avg:485.18ms
step:500/500 train_loss:2.6325 train_time:242415ms step_avg:484.83ms
step:500/500 stf_stats calls:2022 layers:6 score_mean:0.035071 score_max:0.302765 active_pre_mean:0.2377 active_mean:0.3500 active_min:0.3500 active_max:0.3500 active_by_layer:3:0.350,4:0.350,5:0.350,6:0.350,7:0.350,8:0.350
step:500/500 val_loss:2.6865 val_bpb:1.5911 train_time:242483ms step_avg:484.97ms
peak memory allocated: 16929 MiB reserved: 17274 MiB
Serialized model: 67224983 bytes
Code size: 62175 bytes
Total submission size: 67287158 bytes
Serialized model int8+zlib: 8876157 bytes (payload:17178912 raw_torch:17224025 payload_ratio:3.91x)
Total submission size int8+zlib: 8938332 bytes
final_int8_zlib_roundtrip val_loss:2.7167 val_bpb:1.6090 eval_time:20683ms
final_int8_zlib_roundtrip_exact val_loss:2.71674860 val_bpb:1.60901155
