timestamp=2026-04-19T09:41:18Z
branch=stf-quantization
run_id=2026-04-19_stf-quantization_relative_l2_nvidia-geforce-rtx-4090_4gpu_i500_run1
score_fn=relative_l2
nproc_per_node=4
W0419 09:41:19.849000 7316 torch/distributed/run.py:803] 
W0419 09:41:19.849000 7316 torch/distributed/run.py:803] *****************************************
W0419 09:41:19.849000 7316 torch/distributed/run.py:803] Setting OMP_NUM_THREADS environment variable for each process to be 1 in default, to avoid your system being overloaded, please further tune the variable for optimal performance in your application as needed. 
W0419 09:41:19.849000 7316 torch/distributed/run.py:803] *****************************************
logs/2026-04-19_stf-quantization_relative_l2_nvidia-geforce-rtx-4090_4gpu_i500_run1.txt
val_bpb:enabled tokenizer_kind=sentencepiece tokenizer_path=./data/tokenizers/fineweb_1024_bpe.model
train_loader:dataset:fineweb10B_sp1024 train_shards:80
val_loader:shards pattern=./data/datasets/fineweb10B_sp1024/fineweb_val_*.bin tokens:62021632
model_params:17059912
world_size:4 grad_accum_steps:2
sdp_backends:cudnn=False flash=True mem_efficient=False math=False
attention_mode:gqa num_heads:8 num_kv_heads:4
tie_embeddings:True embed_lr:0.05 head_lr:0.0 matrix_lr:0.04 scalar_lr:0.04
train_batch_tokens:524288 train_seq_len:1024 iterations:500 warmup_steps:0 max_wallclock_seconds:0.000
compile_model:False
stf_mode:quantization stf_warmup_layers:3 stf_depth_cap:0 stf_threshold:0.045 stf_ema_decay:0.85 stf_min_active_ratio:0.35 stf_score_fn:relative_l2 stf_telemetry:True
seed:1337
step:0/500 val_loss:6.9357 val_bpb:4.1077 train_time:0ms step_avg:0.02ms
step:1/500 train_loss:6.9367 train_time:1538ms step_avg:1538.05ms
step:1/500 stf_stats calls:1434 layers:6 score_mean:0.000000 score_max:0.000000 active_pre_mean:0.0000 active_mean:1.0000 active_min:1.0000 active_max:1.0000 active_by_layer:3:1.000,4:1.000,5:1.000,6:1.000,7:1.000,8:1.000
step:2/500 train_loss:9.0848 train_time:2052ms step_avg:1026.01ms
step:2/500 stf_stats calls:12 layers:6 score_mean:0.029426 score_max:0.035002 active_pre_mean:0.0000 active_mean:0.3500 active_min:0.3500 active_max:0.3500 active_by_layer:3:0.350,4:0.350,5:0.350,6:0.350,7:0.350,8:0.350
step:3/500 train_loss:6.7793 train_time:2547ms step_avg:849.09ms
step:3/500 stf_stats calls:12 layers:6 score_mean:0.056596 score_max:0.068959 active_pre_mean:1.0000 active_mean:0.3500 active_min:0.3500 active_max:0.3500 active_by_layer:3:0.350,4:0.350,5:0.350,6:0.350,7:0.350,8:0.350
step:4/500 train_loss:6.2874 train_time:3042ms step_avg:760.51ms
step:4/500 stf_stats calls:12 layers:6 score_mean:0.075073 score_max:0.090410 active_pre_mean:1.0000 active_mean:0.3500 active_min:0.3500 active_max:0.3500 active_by_layer:3:0.350,4:0.350,5:0.350,6:0.350,7:0.350,8:0.350
step:5/500 train_loss:6.6400 train_time:3538ms step_avg:707.67ms
step:5/500 stf_stats calls:12 layers:6 score_mean:0.090545 score_max:0.112414 active_pre_mean:1.0000 active_mean:0.3500 active_min:0.3500 active_max:0.3500 active_by_layer:3:0.350,4:0.350,5:0.350,6:0.350,7:0.350,8:0.350
step:6/500 train_loss:7.0693 train_time:4034ms step_avg:672.26ms
step:6/500 stf_stats calls:12 layers:6 score_mean:0.109103 score_max:0.137605 active_pre_mean:1.0000 active_mean:0.3500 active_min:0.3500 active_max:0.3500 active_by_layer:3:0.350,4:0.350,5:0.350,6:0.350,7:0.350,8:0.350
step:7/500 train_loss:6.8699 train_time:4529ms step_avg:647.07ms
step:7/500 stf_stats calls:12 layers:6 score_mean:0.128757 score_max:0.161483 active_pre_mean:1.0000 active_mean:0.3500 active_min:0.3500 active_max:0.3500 active_by_layer:3:0.350,4:0.350,5:0.350,6:0.350,7:0.350,8:0.350
step:8/500 train_loss:6.6351 train_time:5026ms step_avg:628.29ms
step:8/500 stf_stats calls:12 layers:6 score_mean:0.149491 score_max:0.184505 active_pre_mean:1.0000 active_mean:0.3500 active_min:0.3500 active_max:0.3500 active_by_layer:3:0.350,4:0.350,5:0.350,6:0.350,7:0.350,8:0.350
step:9/500 train_loss:6.4208 train_time:5523ms step_avg:613.64ms
step:9/500 stf_stats calls:12 layers:6 score_mean:0.170800 score_max:0.217310 active_pre_mean:1.0000 active_mean:0.3500 active_min:0.3500 active_max:0.3500 active_by_layer:3:0.350,4:0.350,5:0.350,6:0.350,7:0.350,8:0.350
step:10/500 train_loss:6.2819 train_time:6020ms step_avg:601.97ms
step:10/500 stf_stats calls:12 layers:6 score_mean:0.188508 score_max:0.246380 active_pre_mean:1.0000 active_mean:0.3500 active_min:0.3500 active_max:0.3500 active_by_layer:3:0.350,4:0.350,5:0.350,6:0.350,7:0.350,8:0.350
step:50/500 train_loss:5.1240 train_time:25832ms step_avg:516.63ms
step:50/500 stf_stats calls:480 layers:6 score_mean:0.301647 score_max:0.610685 active_pre_mean:1.0000 active_mean:0.3500 active_min:0.3500 active_max:0.3500 active_by_layer:3:0.350,4:0.350,5:0.350,6:0.350,7:0.350,8:0.350
step:50/500 val_loss:5.0719 val_bpb:3.0039 train_time:25919ms step_avg:518.38ms
step:100/500 train_loss:4.6599 train_time:50600ms step_avg:506.00ms
step:100/500 stf_stats calls:2022 layers:6 score_mean:0.319399 score_max:1.047566 active_pre_mean:1.0000 active_mean:0.3500 active_min:0.3500 active_max:0.3500 active_by_layer:3:0.350,4:0.350,5:0.350,6:0.350,7:0.350,8:0.350
step:100/500 val_loss:4.7017 val_bpb:2.7846 train_time:50690ms step_avg:506.90ms
step:150/500 train_loss:4.2713 train_time:75380ms step_avg:502.53ms
step:150/500 stf_stats calls:2022 layers:6 score_mean:0.380417 score_max:1.838140 active_pre_mean:1.0000 active_mean:0.3500 active_min:0.3500 active_max:0.3500 active_by_layer:3:0.350,4:0.350,5:0.350,6:0.350,7:0.350,8:0.350
step:150/500 val_loss:4.2389 val_bpb:2.5105 train_time:75470ms step_avg:503.13ms
step:200/500 train_loss:3.9296 train_time:100141ms step_avg:500.71ms
step:200/500 stf_stats calls:2022 layers:6 score_mean:0.409576 score_max:2.055984 active_pre_mean:1.0000 active_mean:0.3500 active_min:0.3500 active_max:0.3500 active_by_layer:3:0.350,4:0.350,5:0.350,6:0.350,7:0.350,8:0.350
step:200/500 val_loss:3.9371 val_bpb:2.3318 train_time:100228ms step_avg:501.14ms
step:250/500 train_loss:3.7807 train_time:124897ms step_avg:499.59ms
step:250/500 stf_stats calls:2022 layers:6 score_mean:0.434935 score_max:2.309010 active_pre_mean:1.0000 active_mean:0.3500 active_min:0.3500 active_max:0.3500 active_by_layer:3:0.350,4:0.350,5:0.350,6:0.350,7:0.350,8:0.350
step:250/500 val_loss:3.7324 val_bpb:2.2105 train_time:124983ms step_avg:499.93ms
step:300/500 train_loss:3.5492 train_time:149647ms step_avg:498.82ms
step:300/500 stf_stats calls:2022 layers:6 score_mean:0.453838 score_max:2.633619 active_pre_mean:1.0000 active_mean:0.3500 active_min:0.3500 active_max:0.3500 active_by_layer:3:0.350,4:0.350,5:0.350,6:0.350,7:0.350,8:0.350
step:300/500 val_loss:3.5924 val_bpb:2.1276 train_time:149736ms step_avg:499.12ms
step:350/500 train_loss:3.4790 train_time:174439ms step_avg:498.40ms
step:350/500 stf_stats calls:2022 layers:6 score_mean:0.480569 score_max:2.812271 active_pre_mean:1.0000 active_mean:0.3500 active_min:0.3500 active_max:0.3500 active_by_layer:3:0.350,4:0.350,5:0.350,6:0.350,7:0.350,8:0.350
step:350/500 val_loss:3.4374 val_bpb:2.0358 train_time:174527ms step_avg:498.65ms
step:400/500 train_loss:3.1430 train_time:199202ms step_avg:498.01ms
step:400/500 stf_stats calls:2022 layers:6 score_mean:0.512254 score_max:2.639758 active_pre_mean:1.0000 active_mean:0.3500 active_min:0.3500 active_max:0.3500 active_by_layer:3:0.350,4:0.350,5:0.350,6:0.350,7:0.350,8:0.350
step:400/500 val_loss:3.3197 val_bpb:1.9661 train_time:199289ms step_avg:498.22ms
step:450/500 train_loss:3.2489 train_time:223980ms step_avg:497.73ms
step:450/500 stf_stats calls:2022 layers:6 score_mean:0.527898 score_max:2.731249 active_pre_mean:1.0000 active_mean:0.3500 active_min:0.3500 active_max:0.3500 active_by_layer:3:0.350,4:0.350,5:0.350,6:0.350,7:0.350,8:0.350
step:450/500 val_loss:3.2486 val_bpb:1.9240 train_time:224069ms step_avg:497.93ms
step:500/500 train_loss:3.1543 train_time:248757ms step_avg:497.51ms
step:500/500 stf_stats calls:2022 layers:6 score_mean:0.533174 score_max:2.613099 active_pre_mean:1.0000 active_mean:0.3500 active_min:0.3500 active_max:0.3500 active_by_layer:3:0.350,4:0.350,5:0.350,6:0.350,7:0.350,8:0.350
step:500/500 val_loss:3.2164 val_bpb:1.9049 train_time:248847ms step_avg:497.69ms
peak memory allocated: 15391 MiB reserved: 15736 MiB
Serialized model: 67224983 bytes
Code size: 62180 bytes
Total submission size: 67287163 bytes
Serialized model int8+zlib: 8447208 bytes (payload:17178912 raw_torch:17224025 payload_ratio:3.91x)
Total submission size int8+zlib: 8509388 bytes
final_int8_zlib_roundtrip val_loss:3.2634 val_bpb:1.9328 eval_time:19451ms
final_int8_zlib_roundtrip_exact val_loss:3.26338123 val_bpb:1.93275818
