timestamp=2026-04-19T11:43:11Z
branch=stf-learned-gate-telemetry
run_id=2026-04-19_stf-learned-gate-telemetry_cosine_nvidia-geforce-rtx-4090_4gpu_i2000_run1
score_fn=cosine
nproc_per_node=4
W0419 11:43:12.472000 10288 torch/distributed/run.py:803] 
W0419 11:43:12.472000 10288 torch/distributed/run.py:803] *****************************************
W0419 11:43:12.472000 10288 torch/distributed/run.py:803] Setting OMP_NUM_THREADS environment variable for each process to be 1 in default, to avoid your system being overloaded, please further tune the variable for optimal performance in your application as needed. 
W0419 11:43:12.472000 10288 torch/distributed/run.py:803] *****************************************
logs/2026-04-19_stf-learned-gate-telemetry_cosine_nvidia-geforce-rtx-4090_4gpu_i2000_run1.txt
val_bpb:enabled tokenizer_kind=sentencepiece tokenizer_path=./data/tokenizers/fineweb_1024_bpe.model
train_loader:dataset:fineweb10B_sp1024 train_shards:80
val_loader:shards pattern=./data/datasets/fineweb10B_sp1024/fineweb_val_*.bin tokens:62021632
model_params:17059930
world_size:4 grad_accum_steps:2
sdp_backends:cudnn=False flash=True mem_efficient=False math=False
attention_mode:gqa num_heads:8 num_kv_heads:4
tie_embeddings:True embed_lr:0.05 head_lr:0.0 matrix_lr:0.04 scalar_lr:0.04
train_batch_tokens:524288 train_seq_len:1024 iterations:2000 warmup_steps:0 max_wallclock_seconds:0.000
compile_model:False
stf_mode:learned_gate stf_warmup_layers:3 stf_depth_cap:0 stf_threshold:0.02 stf_ema_decay:0.85 stf_min_active_ratio:0.35 stf_score_fn:cosine stf_telemetry:True
seed:1337
step:0/2000 val_loss:6.9357 val_bpb:4.1077 train_time:0ms step_avg:0.02ms
step:1/2000 train_loss:6.9367 train_time:1694ms step_avg:1694.16ms
step:1/2000 stf_stats calls:1434 layers:6 score_mean:-0.000000 score_max:0.000000 compute_mode:full_block_then_freeze computed_token_ratio:1.0000 active_token_ratio:0.4609 frozen_token_ratio:0.5391 actual_skip_ratio:0.0000 theoretical_skip_ratio:0.5391 skip_efficiency:0.0000 computed_by_layer:3:1.000,4:1.000,5:1.000,6:1.000,7:1.000,8:1.000 actual_skip_by_layer:3:0.000,4:0.000,5:0.000,6:0.000,7:0.000,8:0.000 gate_mean:0.4609 gate_min:0.4609 gate_max:0.4609 gate_by_layer:3:0.461,4:0.461,5:0.461,6:0.461,7:0.461,8:0.461
step:2/2000 train_loss:17.2850 train_time:2319ms step_avg:1159.30ms
step:2/2000 stf_stats calls:12 layers:6 score_mean:0.001067 score_max:0.001455 compute_mode:full_block_then_freeze computed_token_ratio:1.0000 active_token_ratio:0.4624 frozen_token_ratio:0.5376 actual_skip_ratio:0.0000 theoretical_skip_ratio:0.5376 skip_efficiency:0.0000 computed_by_layer:3:1.000,4:1.000,5:1.000,6:1.000,7:1.000,8:1.000 actual_skip_by_layer:3:0.000,4:0.000,5:0.000,6:0.000,7:0.000,8:0.000 gate_mean:0.4624 gate_min:0.4609 gate_max:0.4629 gate_by_layer:3:0.463,4:0.463,5:0.463,6:0.463,7:0.462,8:0.461
step:3/2000 train_loss:9.2228 train_time:2911ms step_avg:970.24ms
step:3/2000 stf_stats calls:12 layers:6 score_mean:0.001215 score_max:0.003642 compute_mode:full_block_then_freeze computed_token_ratio:1.0000 active_token_ratio:0.4625 frozen_token_ratio:0.5375 actual_skip_ratio:0.0000 theoretical_skip_ratio:0.5375 skip_efficiency:0.0000 computed_by_layer:3:1.000,4:1.000,5:1.000,6:1.000,7:1.000,8:1.000 actual_skip_by_layer:3:0.000,4:0.000,5:0.000,6:0.000,7:0.000,8:0.000 gate_mean:0.4625 gate_min:0.4609 gate_max:0.4668 gate_by_layer:3:0.463,4:0.463,5:0.463,6:0.462,7:0.462,8:0.462
step:4/2000 train_loss:6.5953 train_time:3504ms step_avg:875.99ms
step:4/2000 stf_stats calls:12 layers:6 score_mean:0.001017 score_max:0.006295 compute_mode:full_block_then_freeze computed_token_ratio:1.0000 active_token_ratio:0.4620 frozen_token_ratio:0.5380 actual_skip_ratio:0.0000 theoretical_skip_ratio:0.5380 skip_efficiency:0.0000 computed_by_layer:3:1.000,4:1.000,5:1.000,6:1.000,7:1.000,8:1.000 actual_skip_by_layer:3:0.000,4:0.000,5:0.000,6:0.000,7:0.000,8:0.000 gate_mean:0.4620 gate_min:0.4609 gate_max:0.4727 gate_by_layer:3:0.463,4:0.462,5:0.462,6:0.462,7:0.462,8:0.461
step:5/2000 train_loss:6.4286 train_time:4095ms step_avg:818.95ms
step:5/2000 stf_stats calls:12 layers:6 score_mean:0.000872 score_max:0.010104 compute_mode:full_block_then_freeze computed_token_ratio:1.0000 active_token_ratio:0.4616 frozen_token_ratio:0.5384 actual_skip_ratio:0.0000 theoretical_skip_ratio:0.5384 skip_efficiency:0.0000 computed_by_layer:3:1.000,4:1.000,5:1.000,6:1.000,7:1.000,8:1.000 actual_skip_by_layer:3:0.000,4:0.000,5:0.000,6:0.000,7:0.000,8:0.000 gate_mean:0.4616 gate_min:0.4609 gate_max:0.4805 gate_by_layer:3:0.462,4:0.462,5:0.462,6:0.461,7:0.461,8:0.461
step:6/2000 train_loss:6.7633 train_time:4686ms step_avg:780.94ms
step:6/2000 stf_stats calls:12 layers:6 score_mean:0.000860 score_max:0.011941 compute_mode:full_block_then_freeze computed_token_ratio:1.0000 active_token_ratio:0.4616 frozen_token_ratio:0.5384 actual_skip_ratio:0.0000 theoretical_skip_ratio:0.5384 skip_efficiency:0.0000 computed_by_layer:3:1.000,4:1.000,5:1.000,6:1.000,7:1.000,8:1.000 actual_skip_by_layer:3:0.000,4:0.000,5:0.000,6:0.000,7:0.000,8:0.000 gate_mean:0.4616 gate_min:0.4609 gate_max:0.4844 gate_by_layer:3:0.462,4:0.462,5:0.462,6:0.461,7:0.461,8:0.461
step:7/2000 train_loss:6.2354 train_time:5280ms step_avg:754.33ms
step:7/2000 stf_stats calls:12 layers:6 score_mean:0.000753 score_max:0.015928 compute_mode:full_block_then_freeze computed_token_ratio:1.0000 active_token_ratio:0.4613 frozen_token_ratio:0.5387 actual_skip_ratio:0.0000 theoretical_skip_ratio:0.5387 skip_efficiency:0.0000 computed_by_layer:3:1.000,4:1.000,5:1.000,6:1.000,7:1.000,8:1.000 actual_skip_by_layer:3:0.000,4:0.000,5:0.000,6:0.000,7:0.000,8:0.000 gate_mean:0.4613 gate_min:0.4609 gate_max:0.4922 gate_by_layer:3:0.462,4:0.462,5:0.461,6:0.461,7:0.461,8:0.461
step:8/2000 train_loss:6.1133 train_time:5876ms step_avg:734.48ms
step:8/2000 stf_stats calls:12 layers:6 score_mean:0.000729 score_max:0.028001 compute_mode:full_block_then_freeze computed_token_ratio:1.0000 active_token_ratio:0.4613 frozen_token_ratio:0.5387 actual_skip_ratio:0.0000 theoretical_skip_ratio:0.5387 skip_efficiency:0.0000 computed_by_layer:3:1.000,4:1.000,5:1.000,6:1.000,7:1.000,8:1.000 actual_skip_by_layer:3:0.000,4:0.000,5:0.000,6:0.000,7:0.000,8:0.000 gate_mean:0.4613 gate_min:0.4609 gate_max:0.5156 gate_by_layer:3:0.462,4:0.461,5:0.461,6:0.461,7:0.461,8:0.461
step:9/2000 train_loss:6.0763 train_time:6469ms step_avg:718.72ms
step:9/2000 stf_stats calls:12 layers:6 score_mean:0.000710 score_max:0.024064 compute_mode:full_block_then_freeze computed_token_ratio:1.0000 active_token_ratio:0.4612 frozen_token_ratio:0.5388 actual_skip_ratio:0.0000 theoretical_skip_ratio:0.5388 skip_efficiency:0.0000 computed_by_layer:3:1.000,4:1.000,5:1.000,6:1.000,7:1.000,8:1.000 actual_skip_by_layer:3:0.000,4:0.000,5:0.000,6:0.000,7:0.000,8:0.000 gate_mean:0.4612 gate_min:0.4609 gate_max:0.5078 gate_by_layer:3:0.462,4:0.461,5:0.461,6:0.461,7:0.461,8:0.461
step:10/2000 train_loss:5.9793 train_time:7064ms step_avg:706.38ms
step:10/2000 stf_stats calls:12 layers:6 score_mean:0.000664 score_max:0.018439 compute_mode:full_block_then_freeze computed_token_ratio:1.0000 active_token_ratio:0.4611 frozen_token_ratio:0.5389 actual_skip_ratio:0.0000 theoretical_skip_ratio:0.5389 skip_efficiency:0.0000 computed_by_layer:3:1.000,4:1.000,5:1.000,6:1.000,7:1.000,8:1.000 actual_skip_by_layer:3:0.000,4:0.000,5:0.000,6:0.000,7:0.000,8:0.000 gate_mean:0.4611 gate_min:0.4609 gate_max:0.4961 gate_by_layer:3:0.461,4:0.461,5:0.461,6:0.461,7:0.461,8:0.461
step:100/2000 train_loss:3.8010 train_time:60372ms step_avg:603.72ms
step:100/2000 stf_stats calls:1080 layers:6 score_mean:0.008721 score_max:0.227321 compute_mode:full_block_then_freeze computed_token_ratio:1.0000 active_token_ratio:0.4774 frozen_token_ratio:0.5226 actual_skip_ratio:0.0000 theoretical_skip_ratio:0.5226 skip_efficiency:0.0000 computed_by_layer:3:1.000,4:1.000,5:1.000,6:1.000,7:1.000,8:1.000 actual_skip_by_layer:3:0.000,4:0.000,5:0.000,6:0.000,7:0.000,8:0.000 gate_mean:0.4774 gate_min:0.4609 gate_max:0.8398 gate_by_layer:3:0.482,4:0.480,5:0.478,6:0.476,7:0.475,8:0.474
step:200/2000 train_loss:3.1192 train_time:119644ms step_avg:598.22ms
step:200/2000 stf_stats calls:1200 layers:6 score_mean:0.042518 score_max:0.325853 compute_mode:full_block_then_freeze computed_token_ratio:1.0000 active_token_ratio:0.5443 frozen_token_ratio:0.4557 actual_skip_ratio:0.0000 theoretical_skip_ratio:0.4557 skip_efficiency:0.0000 computed_by_layer:3:1.000,4:1.000,5:1.000,6:1.000,7:1.000,8:1.000 actual_skip_by_layer:3:0.000,4:0.000,5:0.000,6:0.000,7:0.000,8:0.000 gate_mean:0.5443 gate_min:0.4668 gate_max:0.9219 gate_by_layer:3:0.567,4:0.557,5:0.547,6:0.538,7:0.531,8:0.526
step:200/2000 val_loss:3.1740 val_bpb:1.8798 train_time:119735ms step_avg:598.68ms
step:300/2000 train_loss:2.7700 train_time:178922ms step_avg:596.41ms
step:300/2000 stf_stats calls:2622 layers:6 score_mean:0.065799 score_max:0.393856 compute_mode:full_block_then_freeze computed_token_ratio:1.0000 active_token_ratio:0.5893 frozen_token_ratio:0.4107 actual_skip_ratio:0.0000 theoretical_skip_ratio:0.4107 skip_efficiency:0.0000 computed_by_layer:3:1.000,4:1.000,5:1.000,6:1.000,7:1.000,8:1.000 actual_skip_by_layer:3:0.000,4:0.000,5:0.000,6:0.000,7:0.000,8:0.000 gate_mean:0.5893 gate_min:0.4824 gate_max:0.9531 gate_by_layer:3:0.623,4:0.608,5:0.593,6:0.580,7:0.571,8:0.561
step:400/2000 train_loss:2.5087 train_time:238170ms step_avg:595.43ms
step:400/2000 stf_stats calls:1200 layers:6 score_mean:0.092987 score_max:0.463710 compute_mode:full_block_then_freeze computed_token_ratio:1.0000 active_token_ratio:0.6393 frozen_token_ratio:0.3607 actual_skip_ratio:0.0000 theoretical_skip_ratio:0.3607 skip_efficiency:0.0000 computed_by_layer:3:1.000,4:1.000,5:1.000,6:1.000,7:1.000,8:1.000 actual_skip_by_layer:3:0.000,4:0.000,5:0.000,6:0.000,7:0.000,8:0.000 gate_mean:0.6393 gate_min:0.4863 gate_max:0.9727 gate_by_layer:3:0.682,4:0.665,5:0.645,6:0.628,7:0.615,8:0.601
step:400/2000 val_loss:2.7220 val_bpb:1.6121 train_time:238259ms step_avg:595.65ms
step:500/2000 train_loss:2.5748 train_time:297427ms step_avg:594.85ms
step:500/2000 stf_stats calls:2622 layers:6 score_mean:0.105386 score_max:0.527375 compute_mode:full_block_then_freeze computed_token_ratio:1.0000 active_token_ratio:0.6609 frozen_token_ratio:0.3391 actual_skip_ratio:0.0000 theoretical_skip_ratio:0.3391 skip_efficiency:0.0000 computed_by_layer:3:1.000,4:1.000,5:1.000,6:1.000,7:1.000,8:1.000 actual_skip_by_layer:3:0.000,4:0.000,5:0.000,6:0.000,7:0.000,8:0.000 gate_mean:0.6609 gate_min:0.4883 gate_max:0.9844 gate_by_layer:3:0.705,4:0.689,5:0.667,6:0.649,7:0.635,8:0.619
step:600/2000 train_loss:2.6405 train_time:356661ms step_avg:594.43ms
step:600/2000 stf_stats calls:1200 layers:6 score_mean:0.126087 score_max:0.515465 compute_mode:full_block_then_freeze computed_token_ratio:1.0000 active_token_ratio:0.6946 frozen_token_ratio:0.3054 actual_skip_ratio:0.0000 theoretical_skip_ratio:0.3054 skip_efficiency:0.0000 computed_by_layer:3:1.000,4:1.000,5:1.000,6:1.000,7:1.000,8:1.000 actual_skip_by_layer:3:0.000,4:0.000,5:0.000,6:0.000,7:0.000,8:0.000 gate_mean:0.6946 gate_min:0.4902 gate_max:0.9805 gate_by_layer:3:0.742,4:0.727,5:0.703,6:0.682,7:0.666,8:0.648
step:600/2000 val_loss:2.5642 val_bpb:1.5186 train_time:356751ms step_avg:594.59ms
step:700/2000 train_loss:2.5156 train_time:415901ms step_avg:594.14ms
step:700/2000 stf_stats calls:2622 layers:6 score_mean:0.134772 score_max:0.578311 compute_mode:full_block_then_freeze computed_token_ratio:1.0000 active_token_ratio:0.7076 frozen_token_ratio:0.2924 actual_skip_ratio:0.0000 theoretical_skip_ratio:0.2924 skip_efficiency:0.0000 computed_by_layer:3:1.000,4:1.000,5:1.000,6:1.000,7:1.000,8:1.000 actual_skip_by_layer:3:0.000,4:0.000,5:0.000,6:0.000,7:0.000,8:0.000 gate_mean:0.7076 gate_min:0.4941 gate_max:0.9883 gate_by_layer:3:0.755,4:0.741,5:0.717,6:0.695,7:0.679,8:0.659
step:800/2000 train_loss:2.4080 train_time:475193ms step_avg:593.99ms
step:800/2000 stf_stats calls:1200 layers:6 score_mean:0.151325 score_max:0.603663 compute_mode:full_block_then_freeze computed_token_ratio:1.0000 active_token_ratio:0.7314 frozen_token_ratio:0.2686 actual_skip_ratio:0.0000 theoretical_skip_ratio:0.2686 skip_efficiency:0.0000 computed_by_layer:3:1.000,4:1.000,5:1.000,6:1.000,7:1.000,8:1.000 actual_skip_by_layer:3:0.000,4:0.000,5:0.000,6:0.000,7:0.000,8:0.000 gate_mean:0.7314 gate_min:0.4980 gate_max:0.9922 gate_by_layer:3:0.780,4:0.766,5:0.742,6:0.719,7:0.701,8:0.680
step:800/2000 val_loss:2.4769 val_bpb:1.4669 train_time:475284ms step_avg:594.10ms
step:900/2000 train_loss:2.4234 train_time:534474ms step_avg:593.86ms
step:900/2000 stf_stats calls:2622 layers:6 score_mean:0.159253 score_max:0.639658 compute_mode:full_block_then_freeze computed_token_ratio:1.0000 active_token_ratio:0.7420 frozen_token_ratio:0.2580 actual_skip_ratio:0.0000 theoretical_skip_ratio:0.2580 skip_efficiency:0.0000 computed_by_layer:3:1.000,4:1.000,5:1.000,6:1.000,7:1.000,8:1.000 actual_skip_by_layer:3:0.000,4:0.000,5:0.000,6:0.000,7:0.000,8:0.000 gate_mean:0.7420 gate_min:0.5039 gate_max:0.9922 gate_by_layer:3:0.791,4:0.777,5:0.753,6:0.730,7:0.712,8:0.689
step:1000/2000 train_loss:2.4486 train_time:593720ms step_avg:593.72ms
step:1000/2000 stf_stats calls:1200 layers:6 score_mean:0.172148 score_max:0.661836 compute_mode:full_block_then_freeze computed_token_ratio:1.0000 active_token_ratio:0.7580 frozen_token_ratio:0.2420 actual_skip_ratio:0.0000 theoretical_skip_ratio:0.2420 skip_efficiency:0.0000 computed_by_layer:3:1.000,4:1.000,5:1.000,6:1.000,7:1.000,8:1.000 actual_skip_by_layer:3:0.000,4:0.000,5:0.000,6:0.000,7:0.000,8:0.000 gate_mean:0.7580 gate_min:0.5117 gate_max:0.9961 gate_by_layer:3:0.807,4:0.793,5:0.770,6:0.747,7:0.727,8:0.704
step:1000/2000 val_loss:2.4078 val_bpb:1.4260 train_time:593811ms step_avg:593.81ms
step:1100/2000 train_loss:2.3822 train_time:652980ms step_avg:593.62ms
step:1100/2000 stf_stats calls:2622 layers:6 score_mean:0.178890 score_max:0.669623 compute_mode:full_block_then_freeze computed_token_ratio:1.0000 active_token_ratio:0.7660 frozen_token_ratio:0.2340 actual_skip_ratio:0.0000 theoretical_skip_ratio:0.2340 skip_efficiency:0.0000 computed_by_layer:3:1.000,4:1.000,5:1.000,6:1.000,7:1.000,8:1.000 actual_skip_by_layer:3:0.000,4:0.000,5:0.000,6:0.000,7:0.000,8:0.000 gate_mean:0.7660 gate_min:0.5195 gate_max:0.9961 gate_by_layer:3:0.815,4:0.801,5:0.778,6:0.755,7:0.735,8:0.711
step:1200/2000 train_loss:2.4191 train_time:712236ms step_avg:593.53ms
step:1200/2000 stf_stats calls:1200 layers:6 score_mean:0.188335 score_max:0.688197 compute_mode:full_block_then_freeze computed_token_ratio:1.0000 active_token_ratio:0.7768 frozen_token_ratio:0.2232 actual_skip_ratio:0.0000 theoretical_skip_ratio:0.2232 skip_efficiency:0.0000 computed_by_layer:3:1.000,4:1.000,5:1.000,6:1.000,7:1.000,8:1.000 actual_skip_by_layer:3:0.000,4:0.000,5:0.000,6:0.000,7:0.000,8:0.000 gate_mean:0.7768 gate_min:0.5234 gate_max:0.9961 gate_by_layer:3:0.826,4:0.812,5:0.790,6:0.766,7:0.746,8:0.721
step:1200/2000 val_loss:2.3605 val_bpb:1.3980 train_time:712325ms step_avg:593.60ms
step:1300/2000 train_loss:2.4038 train_time:771482ms step_avg:593.45ms
step:1300/2000 stf_stats calls:2622 layers:6 score_mean:0.193858 score_max:0.711021 compute_mode:full_block_then_freeze computed_token_ratio:1.0000 active_token_ratio:0.7827 frozen_token_ratio:0.2173 actual_skip_ratio:0.0000 theoretical_skip_ratio:0.2173 skip_efficiency:0.0000 computed_by_layer:3:1.000,4:1.000,5:1.000,6:1.000,7:1.000,8:1.000 actual_skip_by_layer:3:0.000,4:0.000,5:0.000,6:0.000,7:0.000,8:0.000 gate_mean:0.7827 gate_min:0.5234 gate_max:0.9961 gate_by_layer:3:0.831,4:0.818,5:0.796,6:0.772,7:0.752,8:0.727
step:1400/2000 train_loss:2.4174 train_time:830722ms step_avg:593.37ms
step:1400/2000 stf_stats calls:1200 layers:6 score_mean:0.199868 score_max:0.727204 compute_mode:full_block_then_freeze computed_token_ratio:1.0000 active_token_ratio:0.7891 frozen_token_ratio:0.2109 actual_skip_ratio:0.0000 theoretical_skip_ratio:0.2109 skip_efficiency:0.0000 computed_by_layer:3:1.000,4:1.000,5:1.000,6:1.000,7:1.000,8:1.000 actual_skip_by_layer:3:0.000,4:0.000,5:0.000,6:0.000,7:0.000,8:0.000 gate_mean:0.7891 gate_min:0.5312 gate_max:0.9961 gate_by_layer:3:0.837,4:0.825,5:0.802,6:0.779,7:0.759,8:0.733
step:1400/2000 val_loss:2.3252 val_bpb:1.3771 train_time:830812ms step_avg:593.44ms
step:1500/2000 train_loss:2.3343 train_time:889945ms step_avg:593.30ms
step:1500/2000 stf_stats calls:2622 layers:6 score_mean:0.201613 score_max:0.717856 compute_mode:full_block_then_freeze computed_token_ratio:1.0000 active_token_ratio:0.7907 frozen_token_ratio:0.2093 actual_skip_ratio:0.0000 theoretical_skip_ratio:0.2093 skip_efficiency:0.0000 computed_by_layer:3:1.000,4:1.000,5:1.000,6:1.000,7:1.000,8:1.000 actual_skip_by_layer:3:0.000,4:0.000,5:0.000,6:0.000,7:0.000,8:0.000 gate_mean:0.7907 gate_min:0.5352 gate_max:0.9961 gate_by_layer:3:0.838,4:0.826,5:0.804,6:0.780,7:0.761,8:0.734
step:1600/2000 train_loss:2.1899 train_time:949196ms step_avg:593.25ms
step:1600/2000 stf_stats calls:1200 layers:6 score_mean:0.208899 score_max:0.735135 compute_mode:full_block_then_freeze computed_token_ratio:1.0000 active_token_ratio:0.7982 frozen_token_ratio:0.2018 actual_skip_ratio:0.0000 theoretical_skip_ratio:0.2018 skip_efficiency:0.0000 computed_by_layer:3:1.000,4:1.000,5:1.000,6:1.000,7:1.000,8:1.000 actual_skip_by_layer:3:0.000,4:0.000,5:0.000,6:0.000,7:0.000,8:0.000 gate_mean:0.7982 gate_min:0.5273 gate_max:0.9961 gate_by_layer:3:0.846,4:0.833,5:0.812,6:0.788,7:0.769,8:0.742
step:1600/2000 val_loss:2.2986 val_bpb:1.3613 train_time:949289ms step_avg:593.31ms
step:1700/2000 train_loss:2.2409 train_time:1008447ms step_avg:593.20ms
step:1700/2000 stf_stats calls:2622 layers:6 score_mean:0.212129 score_max:0.739670 compute_mode:full_block_then_freeze computed_token_ratio:1.0000 active_token_ratio:0.8015 frozen_token_ratio:0.1985 actual_skip_ratio:0.0000 theoretical_skip_ratio:0.1985 skip_efficiency:0.0000 computed_by_layer:3:1.000,4:1.000,5:1.000,6:1.000,7:1.000,8:1.000 actual_skip_by_layer:3:0.000,4:0.000,5:0.000,6:0.000,7:0.000,8:0.000 gate_mean:0.8015 gate_min:0.5391 gate_max:0.9961 gate_by_layer:3:0.849,4:0.837,5:0.815,6:0.791,7:0.772,8:0.745
step:1800/2000 train_loss:2.2899 train_time:1067727ms step_avg:593.18ms
step:1800/2000 stf_stats calls:1200 layers:6 score_mean:0.216776 score_max:0.743828 compute_mode:full_block_then_freeze computed_token_ratio:1.0000 active_token_ratio:0.8062 frozen_token_ratio:0.1938 actual_skip_ratio:0.0000 theoretical_skip_ratio:0.1938 skip_efficiency:0.0000 computed_by_layer:3:1.000,4:1.000,5:1.000,6:1.000,7:1.000,8:1.000 actual_skip_by_layer:3:0.000,4:0.000,5:0.000,6:0.000,7:0.000,8:0.000 gate_mean:0.8062 gate_min:0.5391 gate_max:0.9961 gate_by_layer:3:0.853,4:0.841,5:0.820,6:0.796,7:0.777,8:0.749
step:1800/2000 val_loss:2.2729 val_bpb:1.3462 train_time:1067816ms step_avg:593.23ms
step:1900/2000 train_loss:2.2345 train_time:1126994ms step_avg:593.15ms
step:1900/2000 stf_stats calls:2622 layers:6 score_mean:0.218980 score_max:0.746153 compute_mode:full_block_then_freeze computed_token_ratio:1.0000 active_token_ratio:0.8083 frozen_token_ratio:0.1917 actual_skip_ratio:0.0000 theoretical_skip_ratio:0.1917 skip_efficiency:0.0000 computed_by_layer:3:1.000,4:1.000,5:1.000,6:1.000,7:1.000,8:1.000 actual_skip_by_layer:3:0.000,4:0.000,5:0.000,6:0.000,7:0.000,8:0.000 gate_mean:0.8083 gate_min:0.5430 gate_max:0.9961 gate_by_layer:3:0.855,4:0.843,5:0.822,6:0.799,7:0.779,8:0.751
step:2000/2000 train_loss:2.2524 train_time:1186240ms step_avg:593.12ms
step:2000/2000 stf_stats calls:1200 layers:6 score_mean:0.221794 score_max:0.753707 compute_mode:full_block_then_freeze computed_token_ratio:1.0000 active_token_ratio:0.8111 frozen_token_ratio:0.1889 actual_skip_ratio:0.0000 theoretical_skip_ratio:0.1889 skip_efficiency:0.0000 computed_by_layer:3:1.000,4:1.000,5:1.000,6:1.000,7:1.000,8:1.000 actual_skip_by_layer:3:0.000,4:0.000,5:0.000,6:0.000,7:0.000,8:0.000 gate_mean:0.8111 gate_min:0.5430 gate_max:0.9961 gate_by_layer:3:0.858,4:0.846,5:0.825,6:0.801,7:0.782,8:0.754
step:2000/2000 val_loss:2.2557 val_bpb:1.3360 train_time:1186331ms step_avg:593.17ms
peak memory allocated: 17316 MiB reserved: 17980 MiB
Serialized model: 67225625 bytes
Code size: 65628 bytes
Total submission size: 67291253 bytes
Serialized model int8+zlib: 14006190 bytes (payload:17178948 raw_torch:17224661 payload_ratio:3.91x)
Total submission size int8+zlib: 14071818 bytes
final_int8_zlib_roundtrip val_loss:2.2584 val_bpb:1.3376 eval_time:20089ms
final_int8_zlib_roundtrip_exact val_loss:2.25843628 val_bpb:1.33757318
