timestamp=2026-04-19T08:55:37Z
branch=stf-minimal
run_id=2026-04-19_stf-minimal_direction_nvidia-geforce-rtx-4090_4gpu_i500_run1
score_fn=direction
nproc_per_node=4
W0419 08:55:38.257000 4152 torch/distributed/run.py:803] 
W0419 08:55:38.257000 4152 torch/distributed/run.py:803] *****************************************
W0419 08:55:38.257000 4152 torch/distributed/run.py:803] Setting OMP_NUM_THREADS environment variable for each process to be 1 in default, to avoid your system being overloaded, please further tune the variable for optimal performance in your application as needed. 
W0419 08:55:38.257000 4152 torch/distributed/run.py:803] *****************************************
logs/2026-04-19_stf-minimal_direction_nvidia-geforce-rtx-4090_4gpu_i500_run1.txt
val_bpb:enabled tokenizer_kind=sentencepiece tokenizer_path=./data/tokenizers/fineweb_1024_bpe.model
train_loader:dataset:fineweb10B_sp1024 train_shards:80
val_loader:shards pattern=./data/datasets/fineweb10B_sp1024/fineweb_val_*.bin tokens:62021632
model_params:17059912
world_size:4 grad_accum_steps:2
sdp_backends:cudnn=False flash=True mem_efficient=False math=False
attention_mode:gqa num_heads:8 num_kv_heads:4
tie_embeddings:True embed_lr:0.05 head_lr:0.0 matrix_lr:0.04 scalar_lr:0.04
train_batch_tokens:524288 train_seq_len:1024 iterations:500 warmup_steps:0 max_wallclock_seconds:0.000
compile_model:False
stf_mode:minimal stf_warmup_layers:3 stf_depth_cap:0 stf_threshold:0.045 stf_ema_decay:0.85 stf_min_active_ratio:0.35 stf_score_fn:direction stf_telemetry:True
seed:1337
step:0/500 val_loss:6.9357 val_bpb:4.1077 train_time:0ms step_avg:0.02ms
step:1/500 train_loss:6.9367 train_time:1258ms step_avg:1257.95ms
step:1/500 stf_stats calls:1434 layers:6 score_mean:0.000000 score_max:0.000000 active_pre_mean:0.0000 active_mean:1.0000 active_min:1.0000 active_max:1.0000 active_by_layer:3:1.000,4:1.000,5:1.000,6:1.000,7:1.000,8:1.000
step:2/500 train_loss:9.0824 train_time:1777ms step_avg:888.45ms
step:2/500 stf_stats calls:12 layers:6 score_mean:0.172767 score_max:0.355361 active_pre_mean:0.9968 active_mean:0.3500 active_min:0.3500 active_max:0.3500 active_by_layer:3:0.350,4:0.350,5:0.350,6:0.350,7:0.350,8:0.350
step:3/500 train_loss:6.4357 train_time:2262ms step_avg:754.12ms
step:3/500 stf_stats calls:12 layers:6 score_mean:0.653044 score_max:0.862009 active_pre_mean:0.9998 active_mean:0.3500 active_min:0.3500 active_max:0.3500 active_by_layer:3:0.350,4:0.350,5:0.350,6:0.350,7:0.350,8:0.350
step:4/500 train_loss:6.0607 train_time:2747ms step_avg:686.79ms
step:4/500 stf_stats calls:12 layers:6 score_mean:0.800813 score_max:0.922166 active_pre_mean:0.9998 active_mean:0.3500 active_min:0.3500 active_max:0.3500 active_by_layer:3:0.350,4:0.350,5:0.350,6:0.350,7:0.350,8:0.350
step:5/500 train_loss:6.3666 train_time:3233ms step_avg:646.59ms
step:5/500 stf_stats calls:12 layers:6 score_mean:0.797082 score_max:0.908641 active_pre_mean:1.0000 active_mean:0.3500 active_min:0.3500 active_max:0.3500 active_by_layer:3:0.350,4:0.350,5:0.350,6:0.350,7:0.350,8:0.350
step:6/500 train_loss:6.4977 train_time:3719ms step_avg:619.83ms
step:6/500 stf_stats calls:12 layers:6 score_mean:0.774211 score_max:0.900650 active_pre_mean:1.0000 active_mean:0.3500 active_min:0.3500 active_max:0.3500 active_by_layer:3:0.350,4:0.350,5:0.350,6:0.350,7:0.350,8:0.350
step:7/500 train_loss:6.2586 train_time:4208ms step_avg:601.17ms
step:7/500 stf_stats calls:12 layers:6 score_mean:0.778320 score_max:0.914121 active_pre_mean:1.0000 active_mean:0.3500 active_min:0.3500 active_max:0.3500 active_by_layer:3:0.350,4:0.350,5:0.350,6:0.350,7:0.350,8:0.350
step:8/500 train_loss:6.1757 train_time:4688ms step_avg:585.98ms
step:8/500 stf_stats calls:12 layers:6 score_mean:0.791803 score_max:0.921089 active_pre_mean:1.0000 active_mean:0.3500 active_min:0.3500 active_max:0.3500 active_by_layer:3:0.350,4:0.350,5:0.350,6:0.350,7:0.350,8:0.350
step:9/500 train_loss:5.9920 train_time:5172ms step_avg:574.66ms
step:9/500 stf_stats calls:12 layers:6 score_mean:0.809092 score_max:0.920672 active_pre_mean:1.0000 active_mean:0.3500 active_min:0.3500 active_max:0.3500 active_by_layer:3:0.350,4:0.350,5:0.350,6:0.350,7:0.350,8:0.350
step:10/500 train_loss:5.8251 train_time:5656ms step_avg:565.64ms
step:10/500 stf_stats calls:12 layers:6 score_mean:0.822610 score_max:0.920341 active_pre_mean:1.0000 active_mean:0.3500 active_min:0.3500 active_max:0.3500 active_by_layer:3:0.350,4:0.350,5:0.350,6:0.350,7:0.350,8:0.350
step:50/500 train_loss:4.3917 train_time:24977ms step_avg:499.55ms
step:50/500 stf_stats calls:480 layers:6 score_mean:0.798472 score_max:0.944980 active_pre_mean:1.0000 active_mean:0.3500 active_min:0.3500 active_max:0.3500 active_by_layer:3:0.350,4:0.350,5:0.350,6:0.350,7:0.350,8:0.350
step:50/500 val_loss:4.3366 val_bpb:2.5683 train_time:25045ms step_avg:500.91ms
step:100/500 train_loss:3.7848 train_time:49129ms step_avg:491.29ms
step:100/500 stf_stats calls:2022 layers:6 score_mean:0.656365 score_max:0.933614 active_pre_mean:1.0000 active_mean:0.3500 active_min:0.3500 active_max:0.3500 active_by_layer:3:0.350,4:0.350,5:0.350,6:0.350,7:0.350,8:0.350
step:100/500 val_loss:3.7819 val_bpb:2.2398 train_time:49197ms step_avg:491.97ms
step:150/500 train_loss:3.5037 train_time:73284ms step_avg:488.56ms
step:150/500 stf_stats calls:2022 layers:6 score_mean:0.525097 score_max:0.887251 active_pre_mean:0.9996 active_mean:0.3500 active_min:0.3500 active_max:0.3500 active_by_layer:3:0.350,4:0.350,5:0.350,6:0.350,7:0.350,8:0.350
step:150/500 val_loss:3.4591 val_bpb:2.0487 train_time:73352ms step_avg:489.02ms
step:200/500 train_loss:3.1525 train_time:97443ms step_avg:487.21ms
step:200/500 stf_stats calls:2022 layers:6 score_mean:0.524385 score_max:0.845398 active_pre_mean:0.9999 active_mean:0.3500 active_min:0.3500 active_max:0.3500 active_by_layer:3:0.350,4:0.350,5:0.350,6:0.350,7:0.350,8:0.350
step:200/500 val_loss:3.1902 val_bpb:1.8894 train_time:97511ms step_avg:487.55ms
step:250/500 train_loss:3.0498 train_time:121598ms step_avg:486.39ms
step:250/500 stf_stats calls:2022 layers:6 score_mean:0.529928 score_max:0.823842 active_pre_mean:1.0000 active_mean:0.3500 active_min:0.3500 active_max:0.3500 active_by_layer:3:0.350,4:0.350,5:0.350,6:0.350,7:0.350,8:0.350
step:250/500 val_loss:3.0081 val_bpb:1.7816 train_time:121666ms step_avg:486.66ms
step:300/500 train_loss:2.8218 train_time:145760ms step_avg:485.87ms
step:300/500 stf_stats calls:2022 layers:6 score_mean:0.506564 score_max:0.835290 active_pre_mean:1.0000 active_mean:0.3500 active_min:0.3500 active_max:0.3500 active_by_layer:3:0.350,4:0.350,5:0.350,6:0.350,7:0.350,8:0.350
step:300/500 val_loss:2.9025 val_bpb:1.7190 train_time:145828ms step_avg:486.09ms
step:350/500 train_loss:2.8626 train_time:169916ms step_avg:485.47ms
step:350/500 stf_stats calls:2022 layers:6 score_mean:0.466238 score_max:0.820078 active_pre_mean:0.9999 active_mean:0.3500 active_min:0.3500 active_max:0.3500 active_by_layer:3:0.350,4:0.350,5:0.350,6:0.350,7:0.350,8:0.350
step:350/500 val_loss:2.8304 val_bpb:1.6763 train_time:169984ms step_avg:485.67ms
step:400/500 train_loss:2.5778 train_time:194087ms step_avg:485.22ms
step:400/500 stf_stats calls:2022 layers:6 score_mean:0.419970 score_max:0.791046 active_pre_mean:0.9994 active_mean:0.3500 active_min:0.3500 active_max:0.3500 active_by_layer:3:0.350,4:0.350,5:0.350,6:0.350,7:0.350,8:0.350
step:400/500 val_loss:2.7842 val_bpb:1.6490 train_time:194155ms step_avg:485.39ms
step:450/500 train_loss:2.7361 train_time:218244ms step_avg:484.99ms
step:450/500 stf_stats calls:2022 layers:6 score_mean:0.371430 score_max:0.764290 active_pre_mean:0.9977 active_mean:0.3500 active_min:0.3500 active_max:0.3500 active_by_layer:3:0.350,4:0.350,5:0.350,6:0.350,7:0.350,8:0.350
step:450/500 val_loss:2.7424 val_bpb:1.6242 train_time:218312ms step_avg:485.14ms
step:500/500 train_loss:2.6635 train_time:242400ms step_avg:484.80ms
step:500/500 stf_stats calls:2022 layers:6 score_mean:0.354163 score_max:0.750254 active_pre_mean:0.9964 active_mean:0.3500 active_min:0.3500 active_max:0.3500 active_by_layer:3:0.350,4:0.350,5:0.350,6:0.350,7:0.350,8:0.350
step:500/500 val_loss:2.7223 val_bpb:1.6123 train_time:242468ms step_avg:484.94ms
peak memory allocated: 16930 MiB reserved: 17274 MiB
Serialized model: 67224983 bytes
Code size: 62175 bytes
Total submission size: 67287158 bytes
Serialized model int8+zlib: 8844011 bytes (payload:17178912 raw_torch:17224025 payload_ratio:3.91x)
Total submission size int8+zlib: 8906186 bytes
final_int8_zlib_roundtrip val_loss:2.7590 val_bpb:1.6340 eval_time:20692ms
final_int8_zlib_roundtrip_exact val_loss:2.75902088 val_bpb:1.63404757
