code_snapshot sha256_16:f418def75e76635c bytes:54829
train_gpt.py is archived separately by save.sh
====================================================================================================
Running Python 3.12.3 (main, Nov  6 2025, 13:44:16) [GCC 13.3.0]
Running PyTorch 2.9.1+cu128
Wed Apr 15 14:28:13 2026       
+-----------------------------------------------------------------------------------------+
| NVIDIA-SMI 580.126.09             Driver Version: 580.126.09     CUDA Version: 13.0     |
+-----------------------------------------+------------------------+----------------------+
| GPU  Name                 Persistence-M | Bus-Id          Disp.A | Volatile Uncorr. ECC |
| Fan  Temp   Perf          Pwr:Usage/Cap |           Memory-Usage | GPU-Util  Compute M. |
|                                         |                        |               MIG M. |
|=========================================+========================+======================|
|   0  NVIDIA GeForce RTX 4090        On  |   00000000:01:00.0 Off |                  Off |
| 31%   32C    P2             65W /  450W |     597MiB /  24564MiB |      0%      Default |
|                                         |                        |                  N/A |
+-----------------------------------------+------------------------+----------------------+
|   1  NVIDIA GeForce RTX 4090        On  |   00000000:25:00.0 Off |                  Off |
| 30%   33C    P2             54W /  450W |     597MiB /  24564MiB |      0%      Default |
|                                         |                        |                  N/A |
+-----------------------------------------+------------------------+----------------------+
|   2  NVIDIA GeForce RTX 4090        On  |   00000000:41:00.0 Off |                  Off |
| 31%   31C    P2             59W /  450W |     597MiB /  24564MiB |      0%      Default |
|                                         |                        |                  N/A |
+-----------------------------------------+------------------------+----------------------+
|   3  NVIDIA GeForce RTX 4090        On  |   00000000:61:00.0 Off |                  Off |
| 30%   28C    P2             57W /  450W |     597MiB /  24564MiB |      0%      Default |
|                                         |                        |                  N/A |
+-----------------------------------------+------------------------+----------------------+

+-----------------------------------------------------------------------------------------+
| Processes:                                                                              |
|  GPU   GI   CI              PID   Type   Process name                        GPU Memory |
|        ID   ID                                                               Usage      |
|=========================================================================================|
|    0   N/A  N/A           28500      C   /usr/local/bin/python                   588MiB |
|    1   N/A  N/A           28501      C   /usr/local/bin/python                   588MiB |
|    2   N/A  N/A           28502      C   /usr/local/bin/python                   588MiB |
|    3   N/A  N/A           28503      C   /usr/local/bin/python                   588MiB |
+-----------------------------------------------------------------------------------------+

====================================================================================================
val_bpb:enabled tokenizer_kind=sentencepiece tokenizer_path=./data/tokenizers/fineweb_1024_bpe.model
train_loader:dataset:fineweb10B_sp1024 train_shards:1
val_loader:shards pattern=./data/datasets/fineweb10B_sp1024/fineweb_val_*.bin tokens:62021632
model_params:17059912
world_size:4 grad_accum_steps:2
sdp_backends:cudnn=False flash=True mem_efficient=False math=False
attention_mode:gqa num_heads:8 num_kv_heads:4
tie_embeddings:True embed_lr:0.05 head_lr:0.0 matrix_lr:0.04 scalar_lr:0.04
train_batch_tokens:524288 train_seq_len:1024 iterations:2000 warmup_steps:20 max_wallclock_seconds:0.000
compile_model:False
stf_mode:soft_freeze stf_warmup_layers:3 stf_depth_cap:0 stf_threshold:0.045 stf_ema_decay:0.85 stf_min_active_ratio:0.35
seed:1337
warmup_step:1/20
warmup_step:2/20
warmup_step:3/20
warmup_step:4/20
warmup_step:5/20
warmup_step:6/20
warmup_step:7/20
warmup_step:8/20
warmup_step:9/20
warmup_step:10/20
warmup_step:11/20
warmup_step:12/20
warmup_step:13/20
warmup_step:14/20
warmup_step:15/20
warmup_step:16/20
warmup_step:17/20
warmup_step:18/20
warmup_step:19/20
warmup_step:20/20
step:0/2000 val_loss:6.9357 val_bpb:4.1077 train_time:0ms step_avg:0.05ms
step:1/2000 train_loss:6.9367 train_time:466ms step_avg:465.62ms
step:2/2000 train_loss:17.1577 train_time:945ms step_avg:472.45ms
step:3/2000 train_loss:9.1590 train_time:1439ms step_avg:479.72ms
step:4/2000 train_loss:6.5990 train_time:1933ms step_avg:483.27ms
step:5/2000 train_loss:6.4767 train_time:2429ms step_avg:485.77ms
step:6/2000 train_loss:6.7703 train_time:2918ms step_avg:486.34ms
step:7/2000 train_loss:6.2334 train_time:3414ms step_avg:487.66ms
step:8/2000 train_loss:6.0956 train_time:3908ms step_avg:488.53ms
step:9/2000 train_loss:6.0490 train_time:4401ms step_avg:489.04ms
step:10/2000 train_loss:5.9529 train_time:4896ms step_avg:489.57ms
step:200/2000 train_loss:2.9119 train_time:99657ms step_avg:498.29ms
step:200/2000 val_loss:2.9068 val_bpb:1.7216 train_time:99699ms step_avg:498.50ms
step:400/2000 train_loss:2.6073 train_time:199887ms step_avg:499.72ms
step:400/2000 val_loss:2.6267 val_bpb:1.5557 train_time:199934ms step_avg:499.83ms
step:600/2000 train_loss:2.4757 train_time:299039ms step_avg:498.40ms
step:600/2000 val_loss:2.5058 val_bpb:1.4841 train_time:299088ms step_avg:498.48ms
step:800/2000 train_loss:2.3047 train_time:397964ms step_avg:497.45ms
step:800/2000 val_loss:2.4343 val_bpb:1.4418 train_time:398012ms step_avg:497.52ms
step:1000/2000 train_loss:2.6928 train_time:496783ms step_avg:496.78ms
step:1000/2000 val_loss:2.3849 val_bpb:1.4125 train_time:496833ms step_avg:496.83ms
step:1200/2000 train_loss:2.2142 train_time:595466ms step_avg:496.22ms
step:1200/2000 val_loss:2.3532 val_bpb:1.3937 train_time:595512ms step_avg:496.26ms
step:1400/2000 train_loss:2.2600 train_time:694282ms step_avg:495.92ms
step:1400/2000 val_loss:2.3337 val_bpb:1.3821 train_time:694329ms step_avg:495.95ms
step:1600/2000 train_loss:2.2763 train_time:792738ms step_avg:495.46ms
step:1600/2000 val_loss:2.3157 val_bpb:1.3715 train_time:792780ms step_avg:495.49ms
step:1800/2000 train_loss:2.1853 train_time:891459ms step_avg:495.25ms
step:1800/2000 val_loss:2.3018 val_bpb:1.3632 train_time:891504ms step_avg:495.28ms
step:2000/2000 train_loss:2.2267 train_time:990344ms step_avg:495.17ms
step:2000/2000 val_loss:2.2901 val_bpb:1.3563 train_time:990393ms step_avg:495.20ms
peak memory allocated: 14620 MiB reserved: 14966 MiB
Serialized model: 67224983 bytes
Code size: 54829 bytes
Total submission size: 67279812 bytes
Serialized model int8+zlib: 14990670 bytes (payload:17178912 raw_torch:17224025 payload_ratio:3.91x)
Total submission size int8+zlib: 15045499 bytes
final_int8_zlib_roundtrip val_loss:2.2923 val_bpb:1.3576 eval_time:19882ms
final_int8_zlib_roundtrip_exact val_loss:2.29225782 val_bpb:1.35760420
