timestamp=2026-04-19T13:03:18Z
branch=stf-soft-freeze-telemetry
run_id=2026-04-19_stf-soft-freeze-telemetry_relative_l2_nvidia-geforce-rtx-4090_4gpu_i2000_run1
score_fn=relative_l2
nproc_per_node=4
W0419 13:03:19.236000 13895 torch/distributed/run.py:803] 
W0419 13:03:19.236000 13895 torch/distributed/run.py:803] *****************************************
W0419 13:03:19.236000 13895 torch/distributed/run.py:803] Setting OMP_NUM_THREADS environment variable for each process to be 1 in default, to avoid your system being overloaded, please further tune the variable for optimal performance in your application as needed. 
W0419 13:03:19.236000 13895 torch/distributed/run.py:803] *****************************************
logs/2026-04-19_stf-soft-freeze-telemetry_relative_l2_nvidia-geforce-rtx-4090_4gpu_i2000_run1.txt
val_bpb:enabled tokenizer_kind=sentencepiece tokenizer_path=./data/tokenizers/fineweb_1024_bpe.model
train_loader:dataset:fineweb10B_sp1024 train_shards:80
val_loader:shards pattern=./data/datasets/fineweb10B_sp1024/fineweb_val_*.bin tokens:62021632
model_params:17059912
world_size:4 grad_accum_steps:2
sdp_backends:cudnn=False flash=True mem_efficient=False math=False
attention_mode:gqa num_heads:8 num_kv_heads:4
tie_embeddings:True embed_lr:0.05 head_lr:0.0 matrix_lr:0.04 scalar_lr:0.04
train_batch_tokens:524288 train_seq_len:1024 iterations:2000 warmup_steps:0 max_wallclock_seconds:0.000
compile_model:False
stf_mode:soft_freeze stf_warmup_layers:3 stf_depth_cap:0 stf_threshold:0.045 stf_ema_decay:0.85 stf_min_active_ratio:0.35 stf_score_fn:relative_l2 stf_telemetry:True
seed:1337
step:0/2000 val_loss:6.9357 val_bpb:4.1077 train_time:0ms step_avg:0.02ms
step:1/2000 train_loss:6.9367 train_time:1278ms step_avg:1278.36ms
step:1/2000 stf_stats calls:1434 layers:6 score_mean:0.000000 score_max:0.000000 active_pre_mean:0.0000 active_mean:1.0000 active_min:1.0000 active_max:1.0000 active_by_layer:3:1.000,4:1.000,5:1.000,6:1.000,7:1.000,8:1.000 compute_mode:full_block_then_freeze computed_token_ratio:1.0000 active_token_ratio:1.0000 frozen_token_ratio:0.0000 actual_skip_ratio:0.0000 theoretical_skip_ratio:0.0000 skip_efficiency:0.0000 computed_by_layer:3:1.000,4:1.000,5:1.000,6:1.000,7:1.000,8:1.000 actual_skip_by_layer:3:0.000,4:0.000,5:0.000,6:0.000,7:0.000,8:0.000
step:2/2000 train_loss:17.1786 train_time:1780ms step_avg:890.05ms
step:2/2000 stf_stats calls:12 layers:6 score_mean:0.071438 score_max:0.084361 active_pre_mean:1.0000 active_mean:0.3500 active_min:0.3500 active_max:0.3500 active_by_layer:3:0.350,4:0.350,5:0.350,6:0.350,7:0.350,8:0.350 compute_mode:full_block_then_freeze computed_token_ratio:1.0000 active_token_ratio:0.3500 frozen_token_ratio:0.6500 actual_skip_ratio:0.0000 theoretical_skip_ratio:0.6500 skip_efficiency:0.0000 computed_by_layer:3:1.000,4:1.000,5:1.000,6:1.000,7:1.000,8:1.000 actual_skip_by_layer:3:0.000,4:0.000,5:0.000,6:0.000,7:0.000,8:0.000
step:3/2000 train_loss:9.1836 train_time:2277ms step_avg:759.08ms
step:3/2000 stf_stats calls:12 layers:6 score_mean:0.125478 score_max:0.149767 active_pre_mean:1.0000 active_mean:0.3500 active_min:0.3500 active_max:0.3500 active_by_layer:3:0.350,4:0.350,5:0.350,6:0.350,7:0.350,8:0.350 compute_mode:full_block_then_freeze computed_token_ratio:1.0000 active_token_ratio:0.3500 frozen_token_ratio:0.6500 actual_skip_ratio:0.0000 theoretical_skip_ratio:0.6500 skip_efficiency:0.0000 computed_by_layer:3:1.000,4:1.000,5:1.000,6:1.000,7:1.000,8:1.000 actual_skip_by_layer:3:0.000,4:0.000,5:0.000,6:0.000,7:0.000,8:0.000
step:4/2000 train_loss:6.6214 train_time:2773ms step_avg:693.14ms
step:4/2000 stf_stats calls:12 layers:6 score_mean:0.173312 score_max:0.205663 active_pre_mean:1.0000 active_mean:0.3500 active_min:0.3500 active_max:0.3500 active_by_layer:3:0.350,4:0.350,5:0.350,6:0.350,7:0.350,8:0.350 compute_mode:full_block_then_freeze computed_token_ratio:1.0000 active_token_ratio:0.3500 frozen_token_ratio:0.6500 actual_skip_ratio:0.0000 theoretical_skip_ratio:0.6500 skip_efficiency:0.0000 computed_by_layer:3:1.000,4:1.000,5:1.000,6:1.000,7:1.000,8:1.000 actual_skip_by_layer:3:0.000,4:0.000,5:0.000,6:0.000,7:0.000,8:0.000
step:5/2000 train_loss:6.4830 train_time:3269ms step_avg:653.84ms
step:5/2000 stf_stats calls:12 layers:6 score_mean:0.211887 score_max:0.257087 active_pre_mean:1.0000 active_mean:0.3500 active_min:0.3500 active_max:0.3500 active_by_layer:3:0.350,4:0.350,5:0.350,6:0.350,7:0.350,8:0.350 compute_mode:full_block_then_freeze computed_token_ratio:1.0000 active_token_ratio:0.3500 frozen_token_ratio:0.6500 actual_skip_ratio:0.0000 theoretical_skip_ratio:0.6500 skip_efficiency:0.0000 computed_by_layer:3:1.000,4:1.000,5:1.000,6:1.000,7:1.000,8:1.000 actual_skip_by_layer:3:0.000,4:0.000,5:0.000,6:0.000,7:0.000,8:0.000
step:6/2000 train_loss:6.7912 train_time:3764ms step_avg:627.34ms
step:6/2000 stf_stats calls:12 layers:6 score_mean:0.241548 score_max:0.319743 active_pre_mean:1.0000 active_mean:0.3500 active_min:0.3500 active_max:0.3500 active_by_layer:3:0.350,4:0.350,5:0.350,6:0.350,7:0.350,8:0.350 compute_mode:full_block_then_freeze computed_token_ratio:1.0000 active_token_ratio:0.3500 frozen_token_ratio:0.6500 actual_skip_ratio:0.0000 theoretical_skip_ratio:0.6500 skip_efficiency:0.0000 computed_by_layer:3:1.000,4:1.000,5:1.000,6:1.000,7:1.000,8:1.000 actual_skip_by_layer:3:0.000,4:0.000,5:0.000,6:0.000,7:0.000,8:0.000
step:7/2000 train_loss:6.2481 train_time:4259ms step_avg:608.49ms
step:7/2000 stf_stats calls:12 layers:6 score_mean:0.268474 score_max:0.359468 active_pre_mean:1.0000 active_mean:0.3500 active_min:0.3500 active_max:0.3500 active_by_layer:3:0.350,4:0.350,5:0.350,6:0.350,7:0.350,8:0.350 compute_mode:full_block_then_freeze computed_token_ratio:1.0000 active_token_ratio:0.3500 frozen_token_ratio:0.6500 actual_skip_ratio:0.0000 theoretical_skip_ratio:0.6500 skip_efficiency:0.0000 computed_by_layer:3:1.000,4:1.000,5:1.000,6:1.000,7:1.000,8:1.000 actual_skip_by_layer:3:0.000,4:0.000,5:0.000,6:0.000,7:0.000,8:0.000
step:8/2000 train_loss:6.1142 train_time:4753ms step_avg:594.09ms
step:8/2000 stf_stats calls:12 layers:6 score_mean:0.292355 score_max:0.422697 active_pre_mean:1.0000 active_mean:0.3500 active_min:0.3500 active_max:0.3501 active_by_layer:3:0.350,4:0.350,5:0.350,6:0.350,7:0.350,8:0.350 compute_mode:full_block_then_freeze computed_token_ratio:1.0000 active_token_ratio:0.3500 frozen_token_ratio:0.6500 actual_skip_ratio:0.0000 theoretical_skip_ratio:0.6500 skip_efficiency:0.0000 computed_by_layer:3:1.000,4:1.000,5:1.000,6:1.000,7:1.000,8:1.000 actual_skip_by_layer:3:0.000,4:0.000,5:0.000,6:0.000,7:0.000,8:0.000
step:9/2000 train_loss:6.0743 train_time:5247ms step_avg:583.00ms
step:9/2000 stf_stats calls:12 layers:6 score_mean:0.312065 score_max:0.460678 active_pre_mean:1.0000 active_mean:0.3500 active_min:0.3500 active_max:0.3500 active_by_layer:3:0.350,4:0.350,5:0.350,6:0.350,7:0.350,8:0.350 compute_mode:full_block_then_freeze computed_token_ratio:1.0000 active_token_ratio:0.3500 frozen_token_ratio:0.6500 actual_skip_ratio:0.0000 theoretical_skip_ratio:0.6500 skip_efficiency:0.0000 computed_by_layer:3:1.000,4:1.000,5:1.000,6:1.000,7:1.000,8:1.000 actual_skip_by_layer:3:0.000,4:0.000,5:0.000,6:0.000,7:0.000,8:0.000
step:10/2000 train_loss:5.9742 train_time:5740ms step_avg:574.03ms
step:10/2000 stf_stats calls:12 layers:6 score_mean:0.328890 score_max:0.436457 active_pre_mean:1.0000 active_mean:0.3500 active_min:0.3500 active_max:0.3500 active_by_layer:3:0.350,4:0.350,5:0.350,6:0.350,7:0.350,8:0.350 compute_mode:full_block_then_freeze computed_token_ratio:1.0000 active_token_ratio:0.3500 frozen_token_ratio:0.6500 actual_skip_ratio:0.0000 theoretical_skip_ratio:0.6500 skip_efficiency:0.0000 computed_by_layer:3:1.000,4:1.000,5:1.000,6:1.000,7:1.000,8:1.000 actual_skip_by_layer:3:0.000,4:0.000,5:0.000,6:0.000,7:0.000,8:0.000
step:100/2000 train_loss:3.8105 train_time:50137ms step_avg:501.37ms
step:100/2000 stf_stats calls:1080 layers:6 score_mean:0.417916 score_max:2.713720 active_pre_mean:1.0000 active_mean:0.3500 active_min:0.3500 active_max:0.3500 active_by_layer:3:0.350,4:0.350,5:0.350,6:0.350,7:0.350,8:0.350 compute_mode:full_block_then_freeze computed_token_ratio:1.0000 active_token_ratio:0.3500 frozen_token_ratio:0.6500 actual_skip_ratio:0.0000 theoretical_skip_ratio:0.6500 skip_efficiency:0.0000 computed_by_layer:3:1.000,4:1.000,5:1.000,6:1.000,7:1.000,8:1.000 actual_skip_by_layer:3:0.000,4:0.000,5:0.000,6:0.000,7:0.000,8:0.000
step:200/2000 train_loss:3.1451 train_time:99510ms step_avg:497.55ms
step:200/2000 stf_stats calls:1200 layers:6 score_mean:0.549480 score_max:4.168195 active_pre_mean:1.0000 active_mean:0.3500 active_min:0.3500 active_max:0.3500 active_by_layer:3:0.350,4:0.350,5:0.350,6:0.350,7:0.350,8:0.350 compute_mode:full_block_then_freeze computed_token_ratio:1.0000 active_token_ratio:0.3500 frozen_token_ratio:0.6500 actual_skip_ratio:0.0000 theoretical_skip_ratio:0.6500 skip_efficiency:0.0000 computed_by_layer:3:1.000,4:1.000,5:1.000,6:1.000,7:1.000,8:1.000 actual_skip_by_layer:3:0.000,4:0.000,5:0.000,6:0.000,7:0.000,8:0.000
step:200/2000 val_loss:3.1992 val_bpb:1.8947 train_time:99580ms step_avg:497.90ms
step:300/2000 train_loss:2.8170 train_time:148925ms step_avg:496.42ms
step:300/2000 stf_stats calls:2622 layers:6 score_mean:0.708230 score_max:4.685696 active_pre_mean:1.0000 active_mean:0.3500 active_min:0.3500 active_max:0.3500 active_by_layer:3:0.350,4:0.350,5:0.350,6:0.350,7:0.350,8:0.350 compute_mode:full_block_then_freeze computed_token_ratio:1.0000 active_token_ratio:0.3500 frozen_token_ratio:0.6500 actual_skip_ratio:0.0000 theoretical_skip_ratio:0.6500 skip_efficiency:0.0000 computed_by_layer:3:1.000,4:1.000,5:1.000,6:1.000,7:1.000,8:1.000 actual_skip_by_layer:3:0.000,4:0.000,5:0.000,6:0.000,7:0.000,8:0.000
step:400/2000 train_loss:2.5362 train_time:198372ms step_avg:495.93ms
step:400/2000 stf_stats calls:1200 layers:6 score_mean:0.981086 score_max:5.216239 active_pre_mean:1.0000 active_mean:0.3500 active_min:0.3500 active_max:0.3500 active_by_layer:3:0.350,4:0.350,5:0.350,6:0.350,7:0.350,8:0.350 compute_mode:full_block_then_freeze computed_token_ratio:1.0000 active_token_ratio:0.3500 frozen_token_ratio:0.6500 actual_skip_ratio:0.0000 theoretical_skip_ratio:0.6500 skip_efficiency:0.0000 computed_by_layer:3:1.000,4:1.000,5:1.000,6:1.000,7:1.000,8:1.000 actual_skip_by_layer:3:0.000,4:0.000,5:0.000,6:0.000,7:0.000,8:0.000
step:400/2000 val_loss:2.7507 val_bpb:1.6291 train_time:198442ms step_avg:496.11ms
step:500/2000 train_loss:2.5980 train_time:247822ms step_avg:495.64ms
step:500/2000 stf_stats calls:2622 layers:6 score_mean:1.129063 score_max:6.341870 active_pre_mean:1.0000 active_mean:0.3500 active_min:0.3500 active_max:0.3500 active_by_layer:3:0.350,4:0.350,5:0.350,6:0.350,7:0.350,8:0.350 compute_mode:full_block_then_freeze computed_token_ratio:1.0000 active_token_ratio:0.3500 frozen_token_ratio:0.6500 actual_skip_ratio:0.0000 theoretical_skip_ratio:0.6500 skip_efficiency:0.0000 computed_by_layer:3:1.000,4:1.000,5:1.000,6:1.000,7:1.000,8:1.000 actual_skip_by_layer:3:0.000,4:0.000,5:0.000,6:0.000,7:0.000,8:0.000
step:600/2000 train_loss:2.6737 train_time:297297ms step_avg:495.50ms
step:600/2000 stf_stats calls:1200 layers:6 score_mean:1.356842 score_max:6.913045 active_pre_mean:1.0000 active_mean:0.3500 active_min:0.3500 active_max:0.3500 active_by_layer:3:0.350,4:0.350,5:0.350,6:0.350,7:0.350,8:0.350 compute_mode:full_block_then_freeze computed_token_ratio:1.0000 active_token_ratio:0.3500 frozen_token_ratio:0.6500 actual_skip_ratio:0.0000 theoretical_skip_ratio:0.6500 skip_efficiency:0.0000 computed_by_layer:3:1.000,4:1.000,5:1.000,6:1.000,7:1.000,8:1.000 actual_skip_by_layer:3:0.000,4:0.000,5:0.000,6:0.000,7:0.000,8:0.000
step:600/2000 val_loss:2.5953 val_bpb:1.5371 train_time:297367ms step_avg:495.61ms
step:700/2000 train_loss:2.5417 train_time:346761ms step_avg:495.37ms
step:700/2000 stf_stats calls:2622 layers:6 score_mean:1.472186 score_max:7.258685 active_pre_mean:1.0000 active_mean:0.3500 active_min:0.3500 active_max:0.3500 active_by_layer:3:0.350,4:0.350,5:0.350,6:0.350,7:0.350,8:0.350 compute_mode:full_block_then_freeze computed_token_ratio:1.0000 active_token_ratio:0.3500 frozen_token_ratio:0.6500 actual_skip_ratio:0.0000 theoretical_skip_ratio:0.6500 skip_efficiency:0.0000 computed_by_layer:3:1.000,4:1.000,5:1.000,6:1.000,7:1.000,8:1.000 actual_skip_by_layer:3:0.000,4:0.000,5:0.000,6:0.000,7:0.000,8:0.000
step:800/2000 train_loss:2.4316 train_time:396232ms step_avg:495.29ms
step:800/2000 stf_stats calls:1200 layers:6 score_mean:1.626942 score_max:7.987610 active_pre_mean:1.0000 active_mean:0.3500 active_min:0.3500 active_max:0.3500 active_by_layer:3:0.350,4:0.350,5:0.350,6:0.350,7:0.350,8:0.350 compute_mode:full_block_then_freeze computed_token_ratio:1.0000 active_token_ratio:0.3500 frozen_token_ratio:0.6500 actual_skip_ratio:0.0000 theoretical_skip_ratio:0.6500 skip_efficiency:0.0000 computed_by_layer:3:1.000,4:1.000,5:1.000,6:1.000,7:1.000,8:1.000 actual_skip_by_layer:3:0.000,4:0.000,5:0.000,6:0.000,7:0.000,8:0.000
step:800/2000 val_loss:2.5018 val_bpb:1.4817 train_time:396302ms step_avg:495.38ms
step:900/2000 train_loss:2.4438 train_time:445739ms step_avg:495.27ms
step:900/2000 stf_stats calls:2622 layers:6 score_mean:1.707593 score_max:7.890913 active_pre_mean:1.0000 active_mean:0.3500 active_min:0.3500 active_max:0.3500 active_by_layer:3:0.350,4:0.350,5:0.350,6:0.350,7:0.350,8:0.350 compute_mode:full_block_then_freeze computed_token_ratio:1.0000 active_token_ratio:0.3500 frozen_token_ratio:0.6500 actual_skip_ratio:0.0000 theoretical_skip_ratio:0.6500 skip_efficiency:0.0000 computed_by_layer:3:1.000,4:1.000,5:1.000,6:1.000,7:1.000,8:1.000 actual_skip_by_layer:3:0.000,4:0.000,5:0.000,6:0.000,7:0.000,8:0.000
step:1000/2000 train_loss:2.4682 train_time:495236ms step_avg:495.24ms
step:1000/2000 stf_stats calls:1200 layers:6 score_mean:1.851865 score_max:8.272161 active_pre_mean:1.0000 active_mean:0.3500 active_min:0.3500 active_max:0.3500 active_by_layer:3:0.350,4:0.350,5:0.350,6:0.350,7:0.350,8:0.350 compute_mode:full_block_then_freeze computed_token_ratio:1.0000 active_token_ratio:0.3500 frozen_token_ratio:0.6500 actual_skip_ratio:0.0000 theoretical_skip_ratio:0.6500 skip_efficiency:0.0000 computed_by_layer:3:1.000,4:1.000,5:1.000,6:1.000,7:1.000,8:1.000 actual_skip_by_layer:3:0.000,4:0.000,5:0.000,6:0.000,7:0.000,8:0.000
step:1000/2000 val_loss:2.4302 val_bpb:1.4393 train_time:495306ms step_avg:495.31ms
step:1100/2000 train_loss:2.4040 train_time:544745ms step_avg:495.22ms
step:1100/2000 stf_stats calls:2622 layers:6 score_mean:1.920894 score_max:8.481355 active_pre_mean:1.0000 active_mean:0.3500 active_min:0.3500 active_max:0.3500 active_by_layer:3:0.350,4:0.350,5:0.350,6:0.350,7:0.350,8:0.350 compute_mode:full_block_then_freeze computed_token_ratio:1.0000 active_token_ratio:0.3500 frozen_token_ratio:0.6500 actual_skip_ratio:0.0000 theoretical_skip_ratio:0.6500 skip_efficiency:0.0000 computed_by_layer:3:1.000,4:1.000,5:1.000,6:1.000,7:1.000,8:1.000 actual_skip_by_layer:3:0.000,4:0.000,5:0.000,6:0.000,7:0.000,8:0.000
step:1200/2000 train_loss:2.4391 train_time:594273ms step_avg:495.23ms
step:1200/2000 stf_stats calls:1200 layers:6 score_mean:1.995126 score_max:7.692175 active_pre_mean:1.0000 active_mean:0.3500 active_min:0.3500 active_max:0.3500 active_by_layer:3:0.350,4:0.350,5:0.350,6:0.350,7:0.350,8:0.350 compute_mode:full_block_then_freeze computed_token_ratio:1.0000 active_token_ratio:0.3500 frozen_token_ratio:0.6500 actual_skip_ratio:0.0000 theoretical_skip_ratio:0.6500 skip_efficiency:0.0000 computed_by_layer:3:1.000,4:1.000,5:1.000,6:1.000,7:1.000,8:1.000 actual_skip_by_layer:3:0.000,4:0.000,5:0.000,6:0.000,7:0.000,8:0.000
step:1200/2000 val_loss:2.3819 val_bpb:1.4107 train_time:594343ms step_avg:495.29ms
step:1300/2000 train_loss:2.4265 train_time:643784ms step_avg:495.22ms
step:1300/2000 stf_stats calls:2622 layers:6 score_mean:2.031635 score_max:7.869146 active_pre_mean:1.0000 active_mean:0.3500 active_min:0.3500 active_max:0.3500 active_by_layer:3:0.350,4:0.350,5:0.350,6:0.350,7:0.350,8:0.350 compute_mode:full_block_then_freeze computed_token_ratio:1.0000 active_token_ratio:0.3500 frozen_token_ratio:0.6500 actual_skip_ratio:0.0000 theoretical_skip_ratio:0.6500 skip_efficiency:0.0000 computed_by_layer:3:1.000,4:1.000,5:1.000,6:1.000,7:1.000,8:1.000 actual_skip_by_layer:3:0.000,4:0.000,5:0.000,6:0.000,7:0.000,8:0.000
step:1400/2000 train_loss:2.4372 train_time:693301ms step_avg:495.22ms
step:1400/2000 stf_stats calls:1200 layers:6 score_mean:2.070692 score_max:8.002531 active_pre_mean:1.0000 active_mean:0.3500 active_min:0.3500 active_max:0.3500 active_by_layer:3:0.350,4:0.350,5:0.350,6:0.350,7:0.350,8:0.350 compute_mode:full_block_then_freeze computed_token_ratio:1.0000 active_token_ratio:0.3500 frozen_token_ratio:0.6500 actual_skip_ratio:0.0000 theoretical_skip_ratio:0.6500 skip_efficiency:0.0000 computed_by_layer:3:1.000,4:1.000,5:1.000,6:1.000,7:1.000,8:1.000 actual_skip_by_layer:3:0.000,4:0.000,5:0.000,6:0.000,7:0.000,8:0.000
step:1400/2000 val_loss:2.3468 val_bpb:1.3899 train_time:693371ms step_avg:495.26ms
step:1500/2000 train_loss:2.3558 train_time:742804ms step_avg:495.20ms
step:1500/2000 stf_stats calls:2622 layers:6 score_mean:2.083954 score_max:7.517669 active_pre_mean:1.0000 active_mean:0.3500 active_min:0.3500 active_max:0.3500 active_by_layer:3:0.350,4:0.350,5:0.350,6:0.350,7:0.350,8:0.350 compute_mode:full_block_then_freeze computed_token_ratio:1.0000 active_token_ratio:0.3500 frozen_token_ratio:0.6500 actual_skip_ratio:0.0000 theoretical_skip_ratio:0.6500 skip_efficiency:0.0000 computed_by_layer:3:1.000,4:1.000,5:1.000,6:1.000,7:1.000,8:1.000 actual_skip_by_layer:3:0.000,4:0.000,5:0.000,6:0.000,7:0.000,8:0.000
step:1600/2000 train_loss:2.2093 train_time:792311ms step_avg:495.19ms
step:1600/2000 stf_stats calls:1200 layers:6 score_mean:2.114425 score_max:8.252056 active_pre_mean:1.0000 active_mean:0.3500 active_min:0.3500 active_max:0.3500 active_by_layer:3:0.350,4:0.350,5:0.350,6:0.350,7:0.350,8:0.350 compute_mode:full_block_then_freeze computed_token_ratio:1.0000 active_token_ratio:0.3500 frozen_token_ratio:0.6500 actual_skip_ratio:0.0000 theoretical_skip_ratio:0.6500 skip_efficiency:0.0000 computed_by_layer:3:1.000,4:1.000,5:1.000,6:1.000,7:1.000,8:1.000 actual_skip_by_layer:3:0.000,4:0.000,5:0.000,6:0.000,7:0.000,8:0.000
step:1600/2000 val_loss:2.3197 val_bpb:1.3739 train_time:792380ms step_avg:495.24ms
step:1700/2000 train_loss:2.2590 train_time:841814ms step_avg:495.18ms
step:1700/2000 stf_stats calls:2622 layers:6 score_mean:2.122161 score_max:8.770444 active_pre_mean:1.0000 active_mean:0.3500 active_min:0.3500 active_max:0.3500 active_by_layer:3:0.350,4:0.350,5:0.350,6:0.350,7:0.350,8:0.350 compute_mode:full_block_then_freeze computed_token_ratio:1.0000 active_token_ratio:0.3500 frozen_token_ratio:0.6500 actual_skip_ratio:0.0000 theoretical_skip_ratio:0.6500 skip_efficiency:0.0000 computed_by_layer:3:1.000,4:1.000,5:1.000,6:1.000,7:1.000,8:1.000 actual_skip_by_layer:3:0.000,4:0.000,5:0.000,6:0.000,7:0.000,8:0.000
step:1800/2000 train_loss:2.3133 train_time:891312ms step_avg:495.17ms
step:1800/2000 stf_stats calls:1200 layers:6 score_mean:2.141103 score_max:8.879498 active_pre_mean:1.0000 active_mean:0.3500 active_min:0.3500 active_max:0.3500 active_by_layer:3:0.350,4:0.350,5:0.350,6:0.350,7:0.350,8:0.350 compute_mode:full_block_then_freeze computed_token_ratio:1.0000 active_token_ratio:0.3500 frozen_token_ratio:0.6500 actual_skip_ratio:0.0000 theoretical_skip_ratio:0.6500 skip_efficiency:0.0000 computed_by_layer:3:1.000,4:1.000,5:1.000,6:1.000,7:1.000,8:1.000 actual_skip_by_layer:3:0.000,4:0.000,5:0.000,6:0.000,7:0.000,8:0.000
step:1800/2000 val_loss:2.2941 val_bpb:1.3587 train_time:891381ms step_avg:495.21ms
step:1900/2000 train_loss:2.2533 train_time:940809ms step_avg:495.16ms
step:1900/2000 stf_stats calls:2622 layers:6 score_mean:2.150641 score_max:9.007821 active_pre_mean:1.0000 active_mean:0.3500 active_min:0.3500 active_max:0.3500 active_by_layer:3:0.350,4:0.350,5:0.350,6:0.350,7:0.350,8:0.350 compute_mode:full_block_then_freeze computed_token_ratio:1.0000 active_token_ratio:0.3500 frozen_token_ratio:0.6500 actual_skip_ratio:0.0000 theoretical_skip_ratio:0.6500 skip_efficiency:0.0000 computed_by_layer:3:1.000,4:1.000,5:1.000,6:1.000,7:1.000,8:1.000 actual_skip_by_layer:3:0.000,4:0.000,5:0.000,6:0.000,7:0.000,8:0.000
step:2000/2000 train_loss:2.2744 train_time:990312ms step_avg:495.16ms
step:2000/2000 stf_stats calls:1200 layers:6 score_mean:2.155562 score_max:8.805109 active_pre_mean:1.0000 active_mean:0.3500 active_min:0.3500 active_max:0.3500 active_by_layer:3:0.350,4:0.350,5:0.350,6:0.350,7:0.350,8:0.350 compute_mode:full_block_then_freeze computed_token_ratio:1.0000 active_token_ratio:0.3500 frozen_token_ratio:0.6500 actual_skip_ratio:0.0000 theoretical_skip_ratio:0.6500 skip_efficiency:0.0000 computed_by_layer:3:1.000,4:1.000,5:1.000,6:1.000,7:1.000,8:1.000 actual_skip_by_layer:3:0.000,4:0.000,5:0.000,6:0.000,7:0.000,8:0.000
step:2000/2000 val_loss:2.2769 val_bpb:1.3485 train_time:990383ms step_avg:495.19ms
peak memory allocated: 15391 MiB reserved: 15736 MiB
Serialized model: 67224983 bytes
Code size: 65627 bytes
Total submission size: 67290610 bytes
Serialized model int8+zlib: 14006222 bytes (payload:17178912 raw_torch:17224025 payload_ratio:3.91x)
Total submission size int8+zlib: 14071849 bytes
final_int8_zlib_roundtrip val_loss:2.2795 val_bpb:1.3501 eval_time:20463ms
final_int8_zlib_roundtrip_exact val_loss:2.27953271 val_bpb:1.35006767
