code_snapshot sha256_16:94366fcaf0249b1e bytes:47968
train_gpt.py is archived separately by save.sh
====================================================================================================
Running Python 3.12.3 (main, Nov  6 2025, 13:44:16) [GCC 13.3.0]
Running PyTorch 2.9.1+cu128
Wed Apr 15 16:31:11 2026       
+-----------------------------------------------------------------------------------------+
| NVIDIA-SMI 580.105.08             Driver Version: 580.105.08     CUDA Version: 13.0     |
+-----------------------------------------+------------------------+----------------------+
| GPU  Name                 Persistence-M | Bus-Id          Disp.A | Volatile Uncorr. ECC |
| Fan  Temp   Perf          Pwr:Usage/Cap |           Memory-Usage | GPU-Util  Compute M. |
|                                         |                        |               MIG M. |
|=========================================+========================+======================|
|   0  NVIDIA GeForce RTX 4090        On  |   00000000:01:00.0 Off |                  Off |
| 30%   28C    P2             66W /  450W |     585MiB /  24564MiB |      7%      Default |
|                                         |                        |                  N/A |
+-----------------------------------------+------------------------+----------------------+
|   1  NVIDIA GeForce RTX 4090        On  |   00000000:25:00.0 Off |                  Off |
| 30%   26C    P2             64W /  450W |     585MiB /  24564MiB |      7%      Default |
|                                         |                        |                  N/A |
+-----------------------------------------+------------------------+----------------------+
|   2  NVIDIA GeForce RTX 4090        On  |   00000000:41:00.0 Off |                  Off |
| 30%   25C    P2             61W /  450W |     585MiB /  24564MiB |      0%      Default |
|                                         |                        |                  N/A |
+-----------------------------------------+------------------------+----------------------+
|   3  NVIDIA GeForce RTX 4090        On  |   00000000:61:00.0 Off |                  Off |
| 30%   27C    P2             63W /  450W |     585MiB /  24564MiB |      0%      Default |
|                                         |                        |                  N/A |
+-----------------------------------------+------------------------+----------------------+

+-----------------------------------------------------------------------------------------+
| Processes:                                                                              |
|  GPU   GI   CI              PID   Type   Process name                        GPU Memory |
|        ID   ID                                                               Usage      |
|=========================================================================================|
|    0   N/A  N/A             719      C   /usr/local/bin/python                   576MiB |
|    1   N/A  N/A             720      C   /usr/local/bin/python                   576MiB |
|    2   N/A  N/A             721      C   /usr/local/bin/python                   596MiB |
|    3   N/A  N/A             722      C   /usr/local/bin/python                   576MiB |
+-----------------------------------------------------------------------------------------+

====================================================================================================
val_bpb:enabled tokenizer_kind=sentencepiece tokenizer_path=./data/tokenizers/fineweb_1024_bpe.model
train_loader:dataset:fineweb10B_sp1024 train_shards:1
val_loader:shards pattern=./data/datasets/fineweb10B_sp1024/fineweb_val_*.bin tokens:62021632
model_params:17059912
world_size:4 grad_accum_steps:2
sdp_backends:cudnn=False flash=True mem_efficient=False math=False
attention_mode:gqa num_heads:8 num_kv_heads:4
tie_embeddings:True embed_lr:0.05 head_lr:0.0 matrix_lr:0.04 scalar_lr:0.04
train_batch_tokens:524288 train_seq_len:1024 iterations:2000 warmup_steps:20 max_wallclock_seconds:0.000
seed:1337
warmup_step:1/20
warmup_step:2/20
warmup_step:3/20
warmup_step:4/20
warmup_step:5/20
warmup_step:6/20
warmup_step:7/20
warmup_step:8/20
warmup_step:9/20
warmup_step:10/20
warmup_step:11/20
warmup_step:12/20
warmup_step:13/20
warmup_step:14/20
warmup_step:15/20
warmup_step:16/20
warmup_step:17/20
warmup_step:18/20
warmup_step:19/20
warmup_step:20/20
step:0/2000 val_loss:6.9357 val_bpb:4.1077 train_time:0ms step_avg:0.04ms
step:1/2000 train_loss:6.9366 train_time:220ms step_avg:219.72ms
step:2/2000 train_loss:16.7173 train_time:460ms step_avg:229.80ms
step:3/2000 train_loss:8.7542 train_time:693ms step_avg:230.97ms
step:4/2000 train_loss:6.6192 train_time:926ms step_avg:231.58ms
step:5/2000 train_loss:6.6431 train_time:1162ms step_avg:232.46ms
step:6/2000 train_loss:6.9465 train_time:1395ms step_avg:232.50ms
step:7/2000 train_loss:6.3663 train_time:1628ms step_avg:232.63ms
step:8/2000 train_loss:6.1756 train_time:1861ms step_avg:232.64ms
step:9/2000 train_loss:6.0965 train_time:2095ms step_avg:232.75ms
step:10/2000 train_loss:5.9789 train_time:2328ms step_avg:232.76ms
step:200/2000 train_loss:2.8276 train_time:46480ms step_avg:232.40ms
step:200/2000 val_loss:2.8281 val_bpb:1.6750 train_time:46508ms step_avg:232.54ms
step:400/2000 train_loss:2.5374 train_time:93344ms step_avg:233.36ms
step:400/2000 val_loss:2.5616 val_bpb:1.5171 train_time:93373ms step_avg:233.43ms
step:600/2000 train_loss:2.4157 train_time:140267ms step_avg:233.78ms
step:600/2000 val_loss:2.4497 val_bpb:1.4508 train_time:140296ms step_avg:233.83ms
step:800/2000 train_loss:2.2478 train_time:187139ms step_avg:233.92ms
step:800/2000 val_loss:2.3838 val_bpb:1.4118 train_time:187168ms step_avg:233.96ms
step:1000/2000 train_loss:2.6405 train_time:233996ms step_avg:234.00ms
step:1000/2000 val_loss:2.3397 val_bpb:1.3857 train_time:234025ms step_avg:234.02ms
step:1200/2000 train_loss:2.1628 train_time:280946ms step_avg:234.12ms
step:1200/2000 val_loss:2.3129 val_bpb:1.3698 train_time:280975ms step_avg:234.15ms
step:1400/2000 train_loss:2.2077 train_time:327832ms step_avg:234.17ms
step:1400/2000 val_loss:2.2966 val_bpb:1.3602 train_time:327862ms step_avg:234.19ms
step:1600/2000 train_loss:2.2170 train_time:374725ms step_avg:234.20ms
step:1600/2000 val_loss:2.2822 val_bpb:1.3516 train_time:374754ms step_avg:234.22ms
step:1800/2000 train_loss:2.1268 train_time:421602ms step_avg:234.22ms
step:1800/2000 val_loss:2.2718 val_bpb:1.3455 train_time:421631ms step_avg:234.24ms
step:2000/2000 train_loss:2.1673 train_time:468527ms step_avg:234.26ms
step:2000/2000 val_loss:2.2613 val_bpb:1.3393 train_time:468556ms step_avg:234.28ms
peak memory allocated: 10145 MiB reserved: 10402 MiB
Serialized model: 67224983 bytes
Code size: 47968 bytes
Total submission size: 67272951 bytes
Serialized model int8+zlib: 15003848 bytes (payload:17178912 raw_torch:17224025 payload_ratio:3.91x)
Total submission size int8+zlib: 15051816 bytes
final_int8_zlib_roundtrip val_loss:2.2635 val_bpb:1.3406 eval_time:7800ms
final_int8_zlib_roundtrip_exact val_loss:2.26346886 val_bpb:1.34055375
