timestamp=2026-04-19T09:58:26Z
branch=stf-quantization
run_id=2026-04-19_stf-quantization_direction_nvidia-geforce-rtx-4090_4gpu_i500_run1
score_fn=direction
nproc_per_node=4
W0419 09:58:28.232000 8328 torch/distributed/run.py:803] 
W0419 09:58:28.232000 8328 torch/distributed/run.py:803] *****************************************
W0419 09:58:28.232000 8328 torch/distributed/run.py:803] Setting OMP_NUM_THREADS environment variable for each process to be 1 in default, to avoid your system being overloaded, please further tune the variable for optimal performance in your application as needed. 
W0419 09:58:28.232000 8328 torch/distributed/run.py:803] *****************************************
logs/2026-04-19_stf-quantization_direction_nvidia-geforce-rtx-4090_4gpu_i500_run1.txt
val_bpb:enabled tokenizer_kind=sentencepiece tokenizer_path=./data/tokenizers/fineweb_1024_bpe.model
train_loader:dataset:fineweb10B_sp1024 train_shards:80
val_loader:shards pattern=./data/datasets/fineweb10B_sp1024/fineweb_val_*.bin tokens:62021632
model_params:17059912
world_size:4 grad_accum_steps:2
sdp_backends:cudnn=False flash=True mem_efficient=False math=False
attention_mode:gqa num_heads:8 num_kv_heads:4
tie_embeddings:True embed_lr:0.05 head_lr:0.0 matrix_lr:0.04 scalar_lr:0.04
train_batch_tokens:524288 train_seq_len:1024 iterations:500 warmup_steps:0 max_wallclock_seconds:0.000
compile_model:False
stf_mode:quantization stf_warmup_layers:3 stf_depth_cap:0 stf_threshold:0.045 stf_ema_decay:0.85 stf_min_active_ratio:0.35 stf_score_fn:direction stf_telemetry:True
seed:1337
step:0/500 val_loss:6.9357 val_bpb:4.1077 train_time:0ms step_avg:0.02ms
step:1/500 train_loss:6.9367 train_time:1573ms step_avg:1572.61ms
step:1/500 stf_stats calls:1434 layers:6 score_mean:0.000000 score_max:0.000000 active_pre_mean:0.0000 active_mean:1.0000 active_min:1.0000 active_max:1.0000 active_by_layer:3:1.000,4:1.000,5:1.000,6:1.000,7:1.000,8:1.000
step:2/500 train_loss:9.0839 train_time:2102ms step_avg:1051.16ms
step:2/500 stf_stats calls:12 layers:6 score_mean:0.172237 score_max:0.355361 active_pre_mean:0.9967 active_mean:0.3500 active_min:0.3500 active_max:0.3500 active_by_layer:3:0.350,4:0.350,5:0.350,6:0.350,7:0.350,8:0.350
step:3/500 train_loss:6.6229 train_time:2609ms step_avg:869.73ms
step:3/500 stf_stats calls:12 layers:6 score_mean:0.533065 score_max:0.862480 active_pre_mean:1.0000 active_mean:0.3500 active_min:0.3500 active_max:0.3500 active_by_layer:3:0.350,4:0.350,5:0.350,6:0.350,7:0.350,8:0.350
step:4/500 train_loss:6.2731 train_time:3120ms step_avg:779.92ms
step:4/500 stf_stats calls:12 layers:6 score_mean:0.704210 score_max:0.920474 active_pre_mean:0.9998 active_mean:0.3500 active_min:0.3500 active_max:0.3500 active_by_layer:3:0.350,4:0.350,5:0.350,6:0.350,7:0.350,8:0.350
step:5/500 train_loss:6.6056 train_time:3628ms step_avg:725.54ms
step:5/500 stf_stats calls:12 layers:6 score_mean:0.683045 score_max:0.861436 active_pre_mean:0.9999 active_mean:0.3500 active_min:0.3500 active_max:0.3500 active_by_layer:3:0.350,4:0.350,5:0.350,6:0.350,7:0.350,8:0.350
step:6/500 train_loss:6.9052 train_time:4139ms step_avg:689.89ms
step:6/500 stf_stats calls:12 layers:6 score_mean:0.660010 score_max:0.867082 active_pre_mean:1.0000 active_mean:0.3500 active_min:0.3500 active_max:0.3500 active_by_layer:3:0.350,4:0.350,5:0.350,6:0.350,7:0.350,8:0.350
step:7/500 train_loss:6.7361 train_time:4649ms step_avg:664.13ms
step:7/500 stf_stats calls:12 layers:6 score_mean:0.676289 score_max:0.888738 active_pre_mean:1.0000 active_mean:0.3500 active_min:0.3500 active_max:0.3500 active_by_layer:3:0.350,4:0.350,5:0.350,6:0.350,7:0.350,8:0.350
step:8/500 train_loss:6.5522 train_time:5161ms step_avg:645.09ms
step:8/500 stf_stats calls:12 layers:6 score_mean:0.715443 score_max:0.908748 active_pre_mean:1.0000 active_mean:0.3500 active_min:0.3500 active_max:0.3500 active_by_layer:3:0.350,4:0.350,5:0.350,6:0.350,7:0.350,8:0.350
step:9/500 train_loss:6.3336 train_time:5671ms step_avg:630.13ms
step:9/500 stf_stats calls:12 layers:6 score_mean:0.760836 score_max:0.914913 active_pre_mean:1.0000 active_mean:0.3500 active_min:0.3500 active_max:0.3500 active_by_layer:3:0.350,4:0.350,5:0.350,6:0.350,7:0.350,8:0.350
step:10/500 train_loss:6.1473 train_time:6181ms step_avg:618.11ms
step:10/500 stf_stats calls:12 layers:6 score_mean:0.795589 score_max:0.934623 active_pre_mean:1.0000 active_mean:0.3500 active_min:0.3500 active_max:0.3500 active_by_layer:3:0.350,4:0.350,5:0.350,6:0.350,7:0.350,8:0.350
step:50/500 train_loss:5.5128 train_time:26540ms step_avg:530.80ms
step:50/500 stf_stats calls:480 layers:6 score_mean:0.827682 score_max:0.955283 active_pre_mean:1.0000 active_mean:0.3500 active_min:0.3500 active_max:0.3500 active_by_layer:3:0.350,4:0.350,5:0.350,6:0.350,7:0.350,8:0.350
step:50/500 val_loss:5.5207 val_bpb:3.2697 train_time:26627ms step_avg:532.54ms
step:100/500 train_loss:5.1112 train_time:51990ms step_avg:519.90ms
step:100/500 stf_stats calls:2022 layers:6 score_mean:0.765198 score_max:0.946752 active_pre_mean:1.0000 active_mean:0.3500 active_min:0.3500 active_max:0.3500 active_by_layer:3:0.350,4:0.350,5:0.350,6:0.350,7:0.350,8:0.350
step:100/500 val_loss:4.9823 val_bpb:2.9508 train_time:52080ms step_avg:520.80ms
step:150/500 train_loss:4.6312 train_time:77436ms step_avg:516.24ms
step:150/500 stf_stats calls:2022 layers:6 score_mean:0.747004 score_max:0.947127 active_pre_mean:1.0000 active_mean:0.3500 active_min:0.3500 active_max:0.3500 active_by_layer:3:0.350,4:0.350,5:0.350,6:0.350,7:0.350,8:0.350
step:150/500 val_loss:4.5704 val_bpb:2.7068 train_time:77524ms step_avg:516.82ms
step:200/500 train_loss:4.2207 train_time:102880ms step_avg:514.40ms
step:200/500 stf_stats calls:2022 layers:6 score_mean:0.682727 score_max:0.932710 active_pre_mean:1.0000 active_mean:0.3500 active_min:0.3500 active_max:0.3500 active_by_layer:3:0.350,4:0.350,5:0.350,6:0.350,7:0.350,8:0.350
step:200/500 val_loss:4.2114 val_bpb:2.4943 train_time:102967ms step_avg:514.83ms
step:250/500 train_loss:4.0013 train_time:128312ms step_avg:513.25ms
step:250/500 stf_stats calls:2022 layers:6 score_mean:0.618495 score_max:0.919341 active_pre_mean:1.0000 active_mean:0.3500 active_min:0.3500 active_max:0.3500 active_by_layer:3:0.350,4:0.350,5:0.350,6:0.350,7:0.350,8:0.350
step:250/500 val_loss:3.9455 val_bpb:2.3368 train_time:128402ms step_avg:513.61ms
step:300/500 train_loss:3.6820 train_time:153774ms step_avg:512.58ms
step:300/500 stf_stats calls:2022 layers:6 score_mean:0.556557 score_max:0.900039 active_pre_mean:1.0000 active_mean:0.3500 active_min:0.3500 active_max:0.3500 active_by_layer:3:0.350,4:0.350,5:0.350,6:0.350,7:0.350,8:0.350
step:300/500 val_loss:3.7561 val_bpb:2.2246 train_time:153860ms step_avg:512.87ms
step:350/500 train_loss:3.5928 train_time:179231ms step_avg:512.09ms
step:350/500 stf_stats calls:2022 layers:6 score_mean:0.505259 score_max:0.872806 active_pre_mean:1.0000 active_mean:0.3500 active_min:0.3500 active_max:0.3500 active_by_layer:3:0.350,4:0.350,5:0.350,6:0.350,7:0.350,8:0.350
step:350/500 val_loss:3.5565 val_bpb:2.1064 train_time:179320ms step_avg:512.34ms
step:400/500 train_loss:3.2678 train_time:204685ms step_avg:511.71ms
step:400/500 stf_stats calls:2022 layers:6 score_mean:0.465358 score_max:0.856747 active_pre_mean:1.0000 active_mean:0.3500 active_min:0.3500 active_max:0.3500 active_by_layer:3:0.350,4:0.350,5:0.350,6:0.350,7:0.350,8:0.350
step:400/500 val_loss:3.4321 val_bpb:2.0327 train_time:204771ms step_avg:511.93ms
step:450/500 train_loss:3.3334 train_time:230145ms step_avg:511.43ms
step:450/500 stf_stats calls:2022 layers:6 score_mean:0.419398 score_max:0.836555 active_pre_mean:1.0000 active_mean:0.3500 active_min:0.3500 active_max:0.3500 active_by_layer:3:0.350,4:0.350,5:0.350,6:0.350,7:0.350,8:0.350
step:450/500 val_loss:3.3416 val_bpb:1.9791 train_time:230232ms step_avg:511.63ms
step:500/500 train_loss:3.2481 train_time:255602ms step_avg:511.20ms
step:500/500 stf_stats calls:2022 layers:6 score_mean:0.392764 score_max:0.831138 active_pre_mean:0.9999 active_mean:0.3500 active_min:0.3500 active_max:0.3500 active_by_layer:3:0.350,4:0.350,5:0.350,6:0.350,7:0.350,8:0.350
step:500/500 val_loss:3.3009 val_bpb:1.9550 train_time:255688ms step_avg:511.38ms
peak memory allocated: 16930 MiB reserved: 17274 MiB
Serialized model: 67224983 bytes
Code size: 62180 bytes
Total submission size: 67287163 bytes
Serialized model int8+zlib: 8114999 bytes (payload:17178912 raw_torch:17224025 payload_ratio:3.91x)
Total submission size int8+zlib: 8177179 bytes
final_int8_zlib_roundtrip val_loss:3.3592 val_bpb:1.9895 eval_time:21069ms
final_int8_zlib_roundtrip_exact val_loss:3.35920479 val_bpb:1.98951029
