timestamp=2026-04-19T12:07:26Z
branch=stf-soft-freeze-telemetry
run_id=2026-04-19_stf-soft-freeze-telemetry_l2_nvidia-geforce-rtx-4090_4gpu_i2000_run1
score_fn=l2
nproc_per_node=4
W0419 12:07:28.030000 10891 torch/distributed/run.py:803] 
W0419 12:07:28.030000 10891 torch/distributed/run.py:803] *****************************************
W0419 12:07:28.030000 10891 torch/distributed/run.py:803] Setting OMP_NUM_THREADS environment variable for each process to be 1 in default, to avoid your system being overloaded, please further tune the variable for optimal performance in your application as needed. 
W0419 12:07:28.030000 10891 torch/distributed/run.py:803] *****************************************
logs/2026-04-19_stf-soft-freeze-telemetry_l2_nvidia-geforce-rtx-4090_4gpu_i2000_run1.txt
val_bpb:enabled tokenizer_kind=sentencepiece tokenizer_path=./data/tokenizers/fineweb_1024_bpe.model
train_loader:dataset:fineweb10B_sp1024 train_shards:80
val_loader:shards pattern=./data/datasets/fineweb10B_sp1024/fineweb_val_*.bin tokens:62021632
model_params:17059912
world_size:4 grad_accum_steps:2
sdp_backends:cudnn=False flash=True mem_efficient=False math=False
attention_mode:gqa num_heads:8 num_kv_heads:4
tie_embeddings:True embed_lr:0.05 head_lr:0.0 matrix_lr:0.04 scalar_lr:0.04
train_batch_tokens:524288 train_seq_len:1024 iterations:2000 warmup_steps:0 max_wallclock_seconds:0.000
compile_model:False
stf_mode:soft_freeze stf_warmup_layers:3 stf_depth_cap:0 stf_threshold:0.045 stf_ema_decay:0.85 stf_min_active_ratio:0.35 stf_score_fn:l2 stf_telemetry:True
seed:1337
step:0/2000 val_loss:6.9357 val_bpb:4.1077 train_time:0ms step_avg:0.02ms
step:1/2000 train_loss:6.9367 train_time:1546ms step_avg:1546.03ms
step:1/2000 stf_stats calls:1434 layers:6 score_mean:0.000000 score_max:0.000000 active_pre_mean:0.0000 active_mean:1.0000 active_min:1.0000 active_max:1.0000 active_by_layer:3:1.000,4:1.000,5:1.000,6:1.000,7:1.000,8:1.000 compute_mode:full_block_then_freeze computed_token_ratio:1.0000 active_token_ratio:1.0000 frozen_token_ratio:0.0000 actual_skip_ratio:0.0000 theoretical_skip_ratio:0.0000 skip_efficiency:0.0000 computed_by_layer:3:1.000,4:1.000,5:1.000,6:1.000,7:1.000,8:1.000 actual_skip_by_layer:3:0.000,4:0.000,5:0.000,6:0.000,7:0.000,8:0.000
step:2/2000 train_loss:17.1779 train_time:2056ms step_avg:1027.90ms
step:2/2000 stf_stats calls:12 layers:6 score_mean:2.564649 score_max:3.755267 active_pre_mean:1.0000 active_mean:0.3500 active_min:0.3500 active_max:0.3500 active_by_layer:3:0.350,4:0.350,5:0.350,6:0.350,7:0.350,8:0.350 compute_mode:full_block_then_freeze computed_token_ratio:1.0000 active_token_ratio:0.3500 frozen_token_ratio:0.6500 actual_skip_ratio:0.0000 theoretical_skip_ratio:0.6500 skip_efficiency:0.0000 computed_by_layer:3:1.000,4:1.000,5:1.000,6:1.000,7:1.000,8:1.000 actual_skip_by_layer:3:0.000,4:0.000,5:0.000,6:0.000,7:0.000,8:0.000
step:3/2000 train_loss:9.2147 train_time:2552ms step_avg:850.77ms
step:3/2000 stf_stats calls:12 layers:6 score_mean:5.861059 score_max:9.731220 active_pre_mean:1.0000 active_mean:0.3500 active_min:0.3500 active_max:0.3500 active_by_layer:3:0.350,4:0.350,5:0.350,6:0.350,7:0.350,8:0.350 compute_mode:full_block_then_freeze computed_token_ratio:1.0000 active_token_ratio:0.3500 frozen_token_ratio:0.6500 actual_skip_ratio:0.0000 theoretical_skip_ratio:0.6500 skip_efficiency:0.0000 computed_by_layer:3:1.000,4:1.000,5:1.000,6:1.000,7:1.000,8:1.000 actual_skip_by_layer:3:0.000,4:0.000,5:0.000,6:0.000,7:0.000,8:0.000
step:4/2000 train_loss:6.6143 train_time:3052ms step_avg:762.95ms
step:4/2000 stf_stats calls:12 layers:6 score_mean:10.392156 score_max:18.059948 active_pre_mean:1.0000 active_mean:0.3500 active_min:0.3500 active_max:0.3500 active_by_layer:3:0.350,4:0.350,5:0.350,6:0.350,7:0.350,8:0.350 compute_mode:full_block_then_freeze computed_token_ratio:1.0000 active_token_ratio:0.3500 frozen_token_ratio:0.6500 actual_skip_ratio:0.0000 theoretical_skip_ratio:0.6500 skip_efficiency:0.0000 computed_by_layer:3:1.000,4:1.000,5:1.000,6:1.000,7:1.000,8:1.000 actual_skip_by_layer:3:0.000,4:0.000,5:0.000,6:0.000,7:0.000,8:0.000
step:5/2000 train_loss:6.4723 train_time:3549ms step_avg:709.82ms
step:5/2000 stf_stats calls:12 layers:6 score_mean:15.337379 score_max:27.050669 active_pre_mean:1.0000 active_mean:0.3500 active_min:0.3500 active_max:0.3500 active_by_layer:3:0.350,4:0.350,5:0.350,6:0.350,7:0.350,8:0.350 compute_mode:full_block_then_freeze computed_token_ratio:1.0000 active_token_ratio:0.3500 frozen_token_ratio:0.6500 actual_skip_ratio:0.0000 theoretical_skip_ratio:0.6500 skip_efficiency:0.0000 computed_by_layer:3:1.000,4:1.000,5:1.000,6:1.000,7:1.000,8:1.000 actual_skip_by_layer:3:0.000,4:0.000,5:0.000,6:0.000,7:0.000,8:0.000
step:6/2000 train_loss:6.7683 train_time:4046ms step_avg:674.40ms
step:6/2000 stf_stats calls:12 layers:6 score_mean:20.096798 score_max:36.865730 active_pre_mean:1.0000 active_mean:0.3500 active_min:0.3500 active_max:0.3500 active_by_layer:3:0.350,4:0.350,5:0.350,6:0.350,7:0.350,8:0.350 compute_mode:full_block_then_freeze computed_token_ratio:1.0000 active_token_ratio:0.3500 frozen_token_ratio:0.6500 actual_skip_ratio:0.0000 theoretical_skip_ratio:0.6500 skip_efficiency:0.0000 computed_by_layer:3:1.000,4:1.000,5:1.000,6:1.000,7:1.000,8:1.000 actual_skip_by_layer:3:0.000,4:0.000,5:0.000,6:0.000,7:0.000,8:0.000
step:7/2000 train_loss:6.2227 train_time:4544ms step_avg:649.08ms
step:7/2000 stf_stats calls:12 layers:6 score_mean:25.869192 score_max:49.233582 active_pre_mean:1.0000 active_mean:0.3500 active_min:0.3500 active_max:0.3500 active_by_layer:3:0.350,4:0.350,5:0.350,6:0.350,7:0.350,8:0.350 compute_mode:full_block_then_freeze computed_token_ratio:1.0000 active_token_ratio:0.3500 frozen_token_ratio:0.6500 actual_skip_ratio:0.0000 theoretical_skip_ratio:0.6500 skip_efficiency:0.0000 computed_by_layer:3:1.000,4:1.000,5:1.000,6:1.000,7:1.000,8:1.000 actual_skip_by_layer:3:0.000,4:0.000,5:0.000,6:0.000,7:0.000,8:0.000
step:8/2000 train_loss:6.1031 train_time:5041ms step_avg:630.19ms
step:8/2000 stf_stats calls:12 layers:6 score_mean:31.858282 score_max:63.119370 active_pre_mean:1.0000 active_mean:0.3500 active_min:0.3500 active_max:0.3500 active_by_layer:3:0.350,4:0.350,5:0.350,6:0.350,7:0.350,8:0.350 compute_mode:full_block_then_freeze computed_token_ratio:1.0000 active_token_ratio:0.3500 frozen_token_ratio:0.6500 actual_skip_ratio:0.0000 theoretical_skip_ratio:0.6500 skip_efficiency:0.0000 computed_by_layer:3:1.000,4:1.000,5:1.000,6:1.000,7:1.000,8:1.000 actual_skip_by_layer:3:0.000,4:0.000,5:0.000,6:0.000,7:0.000,8:0.000
step:9/2000 train_loss:6.0733 train_time:5541ms step_avg:615.67ms
step:9/2000 stf_stats calls:12 layers:6 score_mean:37.812786 score_max:77.329620 active_pre_mean:1.0000 active_mean:0.3500 active_min:0.3500 active_max:0.3500 active_by_layer:3:0.350,4:0.350,5:0.350,6:0.350,7:0.350,8:0.350 compute_mode:full_block_then_freeze computed_token_ratio:1.0000 active_token_ratio:0.3500 frozen_token_ratio:0.6500 actual_skip_ratio:0.0000 theoretical_skip_ratio:0.6500 skip_efficiency:0.0000 computed_by_layer:3:1.000,4:1.000,5:1.000,6:1.000,7:1.000,8:1.000 actual_skip_by_layer:3:0.000,4:0.000,5:0.000,6:0.000,7:0.000,8:0.000
step:10/2000 train_loss:5.9805 train_time:6040ms step_avg:604.00ms
step:10/2000 stf_stats calls:12 layers:6 score_mean:43.786556 score_max:91.440544 active_pre_mean:1.0000 active_mean:0.3500 active_min:0.3500 active_max:0.3500 active_by_layer:3:0.350,4:0.350,5:0.350,6:0.350,7:0.350,8:0.350 compute_mode:full_block_then_freeze computed_token_ratio:1.0000 active_token_ratio:0.3500 frozen_token_ratio:0.6500 actual_skip_ratio:0.0000 theoretical_skip_ratio:0.6500 skip_efficiency:0.0000 computed_by_layer:3:1.000,4:1.000,5:1.000,6:1.000,7:1.000,8:1.000 actual_skip_by_layer:3:0.000,4:0.000,5:0.000,6:0.000,7:0.000,8:0.000
step:100/2000 train_loss:3.8144 train_time:50806ms step_avg:508.06ms
step:100/2000 stf_stats calls:1080 layers:6 score_mean:120.421616 score_max:902.143311 active_pre_mean:1.0000 active_mean:0.3500 active_min:0.3500 active_max:0.3500 active_by_layer:3:0.350,4:0.350,5:0.350,6:0.350,7:0.350,8:0.350 compute_mode:full_block_then_freeze computed_token_ratio:1.0000 active_token_ratio:0.3500 frozen_token_ratio:0.6500 actual_skip_ratio:0.0000 theoretical_skip_ratio:0.6500 skip_efficiency:0.0000 computed_by_layer:3:1.000,4:1.000,5:1.000,6:1.000,7:1.000,8:1.000 actual_skip_by_layer:3:0.000,4:0.000,5:0.000,6:0.000,7:0.000,8:0.000
step:200/2000 train_loss:3.1532 train_time:100564ms step_avg:502.82ms
step:200/2000 stf_stats calls:1200 layers:6 score_mean:192.497223 score_max:1038.388428 active_pre_mean:1.0000 active_mean:0.3500 active_min:0.3500 active_max:0.3500 active_by_layer:3:0.350,4:0.350,5:0.350,6:0.350,7:0.350,8:0.350 compute_mode:full_block_then_freeze computed_token_ratio:1.0000 active_token_ratio:0.3500 frozen_token_ratio:0.6500 actual_skip_ratio:0.0000 theoretical_skip_ratio:0.6500 skip_efficiency:0.0000 computed_by_layer:3:1.000,4:1.000,5:1.000,6:1.000,7:1.000,8:1.000 actual_skip_by_layer:3:0.000,4:0.000,5:0.000,6:0.000,7:0.000,8:0.000
step:200/2000 val_loss:3.1998 val_bpb:1.8951 train_time:100652ms step_avg:503.26ms
step:300/2000 train_loss:2.8000 train_time:150265ms step_avg:500.88ms
step:300/2000 stf_stats calls:2622 layers:6 score_mean:259.384308 score_max:1754.606201 active_pre_mean:1.0000 active_mean:0.3500 active_min:0.3500 active_max:0.3500 active_by_layer:3:0.350,4:0.350,5:0.350,6:0.350,7:0.350,8:0.350 compute_mode:full_block_then_freeze computed_token_ratio:1.0000 active_token_ratio:0.3500 frozen_token_ratio:0.6500 actual_skip_ratio:0.0000 theoretical_skip_ratio:0.6500 skip_efficiency:0.0000 computed_by_layer:3:1.000,4:1.000,5:1.000,6:1.000,7:1.000,8:1.000 actual_skip_by_layer:3:0.000,4:0.000,5:0.000,6:0.000,7:0.000,8:0.000
step:400/2000 train_loss:2.5269 train_time:200000ms step_avg:500.00ms
step:400/2000 stf_stats calls:1200 layers:6 score_mean:467.180511 score_max:3051.850342 active_pre_mean:1.0000 active_mean:0.3500 active_min:0.3500 active_max:0.3500 active_by_layer:3:0.350,4:0.350,5:0.350,6:0.350,7:0.350,8:0.350 compute_mode:full_block_then_freeze computed_token_ratio:1.0000 active_token_ratio:0.3500 frozen_token_ratio:0.6500 actual_skip_ratio:0.0000 theoretical_skip_ratio:0.6500 skip_efficiency:0.0000 computed_by_layer:3:1.000,4:1.000,5:1.000,6:1.000,7:1.000,8:1.000 actual_skip_by_layer:3:0.000,4:0.000,5:0.000,6:0.000,7:0.000,8:0.000
step:400/2000 val_loss:2.7487 val_bpb:1.6279 train_time:200089ms step_avg:500.22ms
step:500/2000 train_loss:2.5892 train_time:249759ms step_avg:499.52ms
step:500/2000 stf_stats calls:2622 layers:6 score_mean:662.937805 score_max:5588.277344 active_pre_mean:1.0000 active_mean:0.3500 active_min:0.3500 active_max:0.3500 active_by_layer:3:0.350,4:0.350,5:0.350,6:0.350,7:0.350,8:0.350 compute_mode:full_block_then_freeze computed_token_ratio:1.0000 active_token_ratio:0.3500 frozen_token_ratio:0.6500 actual_skip_ratio:0.0000 theoretical_skip_ratio:0.6500 skip_efficiency:0.0000 computed_by_layer:3:1.000,4:1.000,5:1.000,6:1.000,7:1.000,8:1.000 actual_skip_by_layer:3:0.000,4:0.000,5:0.000,6:0.000,7:0.000,8:0.000
step:600/2000 train_loss:2.6571 train_time:299487ms step_avg:499.14ms
step:600/2000 stf_stats calls:1200 layers:6 score_mean:1212.736206 score_max:8507.366211 active_pre_mean:1.0000 active_mean:0.3500 active_min:0.3500 active_max:0.3500 active_by_layer:3:0.350,4:0.350,5:0.350,6:0.350,7:0.350,8:0.350 compute_mode:full_block_then_freeze computed_token_ratio:1.0000 active_token_ratio:0.3500 frozen_token_ratio:0.6500 actual_skip_ratio:0.0000 theoretical_skip_ratio:0.6500 skip_efficiency:0.0000 computed_by_layer:3:1.000,4:1.000,5:1.000,6:1.000,7:1.000,8:1.000 actual_skip_by_layer:3:0.000,4:0.000,5:0.000,6:0.000,7:0.000,8:0.000
step:600/2000 val_loss:2.5803 val_bpb:1.5282 train_time:299576ms step_avg:499.29ms
step:700/2000 train_loss:2.5322 train_time:349213ms step_avg:498.88ms
step:700/2000 stf_stats calls:2622 layers:6 score_mean:1630.131836 score_max:13305.560547 active_pre_mean:1.0000 active_mean:0.3500 active_min:0.3500 active_max:0.3500 active_by_layer:3:0.350,4:0.350,5:0.350,6:0.350,7:0.350,8:0.350 compute_mode:full_block_then_freeze computed_token_ratio:1.0000 active_token_ratio:0.3500 frozen_token_ratio:0.6500 actual_skip_ratio:0.0000 theoretical_skip_ratio:0.6500 skip_efficiency:0.0000 computed_by_layer:3:1.000,4:1.000,5:1.000,6:1.000,7:1.000,8:1.000 actual_skip_by_layer:3:0.000,4:0.000,5:0.000,6:0.000,7:0.000,8:0.000
step:800/2000 train_loss:2.4166 train_time:398942ms step_avg:498.68ms
step:800/2000 stf_stats calls:1200 layers:6 score_mean:2401.578125 score_max:17985.996094 active_pre_mean:1.0000 active_mean:0.3500 active_min:0.3500 active_max:0.3500 active_by_layer:3:0.350,4:0.350,5:0.350,6:0.350,7:0.350,8:0.350 compute_mode:full_block_then_freeze computed_token_ratio:1.0000 active_token_ratio:0.3500 frozen_token_ratio:0.6500 actual_skip_ratio:0.0000 theoretical_skip_ratio:0.6500 skip_efficiency:0.0000 computed_by_layer:3:1.000,4:1.000,5:1.000,6:1.000,7:1.000,8:1.000 actual_skip_by_layer:3:0.000,4:0.000,5:0.000,6:0.000,7:0.000,8:0.000
step:800/2000 val_loss:2.4873 val_bpb:1.4731 train_time:399030ms step_avg:498.79ms
step:900/2000 train_loss:2.4375 train_time:448683ms step_avg:498.54ms
step:900/2000 stf_stats calls:2622 layers:6 score_mean:2902.058594 score_max:24708.769531 active_pre_mean:1.0000 active_mean:0.3500 active_min:0.3500 active_max:0.3500 active_by_layer:3:0.350,4:0.350,5:0.350,6:0.350,7:0.350,8:0.350 compute_mode:full_block_then_freeze computed_token_ratio:1.0000 active_token_ratio:0.3500 frozen_token_ratio:0.6500 actual_skip_ratio:0.0000 theoretical_skip_ratio:0.6500 skip_efficiency:0.0000 computed_by_layer:3:1.000,4:1.000,5:1.000,6:1.000,7:1.000,8:1.000 actual_skip_by_layer:3:0.000,4:0.000,5:0.000,6:0.000,7:0.000,8:0.000
step:1000/2000 train_loss:2.4543 train_time:498414ms step_avg:498.41ms
step:1000/2000 stf_stats calls:1200 layers:6 score_mean:3771.795898 score_max:30443.251953 active_pre_mean:1.0000 active_mean:0.3500 active_min:0.3500 active_max:0.3500 active_by_layer:3:0.350,4:0.350,5:0.350,6:0.350,7:0.350,8:0.350 compute_mode:full_block_then_freeze computed_token_ratio:1.0000 active_token_ratio:0.3500 frozen_token_ratio:0.6500 actual_skip_ratio:0.0000 theoretical_skip_ratio:0.6500 skip_efficiency:0.0000 computed_by_layer:3:1.000,4:1.000,5:1.000,6:1.000,7:1.000,8:1.000 actual_skip_by_layer:3:0.000,4:0.000,5:0.000,6:0.000,7:0.000,8:0.000
step:1000/2000 val_loss:2.4192 val_bpb:1.4328 train_time:498502ms step_avg:498.50ms
step:1100/2000 train_loss:2.3942 train_time:548106ms step_avg:498.28ms
step:1100/2000 stf_stats calls:2622 layers:6 score_mean:4260.420898 score_max:36270.234375 active_pre_mean:1.0000 active_mean:0.3500 active_min:0.3500 active_max:0.3500 active_by_layer:3:0.350,4:0.350,5:0.350,6:0.350,7:0.350,8:0.350 compute_mode:full_block_then_freeze computed_token_ratio:1.0000 active_token_ratio:0.3500 frozen_token_ratio:0.6500 actual_skip_ratio:0.0000 theoretical_skip_ratio:0.6500 skip_efficiency:0.0000 computed_by_layer:3:1.000,4:1.000,5:1.000,6:1.000,7:1.000,8:1.000 actual_skip_by_layer:3:0.000,4:0.000,5:0.000,6:0.000,7:0.000,8:0.000
step:1200/2000 train_loss:2.4320 train_time:597823ms step_avg:498.19ms
step:1200/2000 stf_stats calls:1200 layers:6 score_mean:4959.148438 score_max:40492.988281 active_pre_mean:1.0000 active_mean:0.3500 active_min:0.3500 active_max:0.3500 active_by_layer:3:0.350,4:0.350,5:0.350,6:0.350,7:0.350,8:0.350 compute_mode:full_block_then_freeze computed_token_ratio:1.0000 active_token_ratio:0.3500 frozen_token_ratio:0.6500 actual_skip_ratio:0.0000 theoretical_skip_ratio:0.6500 skip_efficiency:0.0000 computed_by_layer:3:1.000,4:1.000,5:1.000,6:1.000,7:1.000,8:1.000 actual_skip_by_layer:3:0.000,4:0.000,5:0.000,6:0.000,7:0.000,8:0.000
step:1200/2000 val_loss:2.3718 val_bpb:1.4047 train_time:597911ms step_avg:498.26ms
step:1300/2000 train_loss:2.4160 train_time:647544ms step_avg:498.11ms
step:1300/2000 stf_stats calls:2622 layers:6 score_mean:5337.086914 score_max:46029.843750 active_pre_mean:1.0000 active_mean:0.3500 active_min:0.3500 active_max:0.3500 active_by_layer:3:0.350,4:0.350,5:0.350,6:0.350,7:0.350,8:0.350 compute_mode:full_block_then_freeze computed_token_ratio:1.0000 active_token_ratio:0.3500 frozen_token_ratio:0.6500 actual_skip_ratio:0.0000 theoretical_skip_ratio:0.6500 skip_efficiency:0.0000 computed_by_layer:3:1.000,4:1.000,5:1.000,6:1.000,7:1.000,8:1.000 actual_skip_by_layer:3:0.000,4:0.000,5:0.000,6:0.000,7:0.000,8:0.000
step:1400/2000 train_loss:2.4281 train_time:697251ms step_avg:498.04ms
step:1400/2000 stf_stats calls:1200 layers:6 score_mean:5844.259277 score_max:49136.703125 active_pre_mean:1.0000 active_mean:0.3500 active_min:0.3500 active_max:0.3500 active_by_layer:3:0.350,4:0.350,5:0.350,6:0.350,7:0.350,8:0.350 compute_mode:full_block_then_freeze computed_token_ratio:1.0000 active_token_ratio:0.3500 frozen_token_ratio:0.6500 actual_skip_ratio:0.0000 theoretical_skip_ratio:0.6500 skip_efficiency:0.0000 computed_by_layer:3:1.000,4:1.000,5:1.000,6:1.000,7:1.000,8:1.000 actual_skip_by_layer:3:0.000,4:0.000,5:0.000,6:0.000,7:0.000,8:0.000
step:1400/2000 val_loss:2.3369 val_bpb:1.3840 train_time:697339ms step_avg:498.10ms
step:1500/2000 train_loss:2.3485 train_time:746980ms step_avg:497.99ms
step:1500/2000 stf_stats calls:2622 layers:6 score_mean:6054.067383 score_max:51894.195312 active_pre_mean:1.0000 active_mean:0.3500 active_min:0.3500 active_max:0.3500 active_by_layer:3:0.350,4:0.350,5:0.350,6:0.350,7:0.350,8:0.350 compute_mode:full_block_then_freeze computed_token_ratio:1.0000 active_token_ratio:0.3500 frozen_token_ratio:0.6500 actual_skip_ratio:0.0000 theoretical_skip_ratio:0.6500 skip_efficiency:0.0000 computed_by_layer:3:1.000,4:1.000,5:1.000,6:1.000,7:1.000,8:1.000 actual_skip_by_layer:3:0.000,4:0.000,5:0.000,6:0.000,7:0.000,8:0.000
step:1600/2000 train_loss:2.2031 train_time:796723ms step_avg:497.95ms
step:1600/2000 stf_stats calls:1200 layers:6 score_mean:6378.917480 score_max:54323.300781 active_pre_mean:1.0000 active_mean:0.3500 active_min:0.3500 active_max:0.3500 active_by_layer:3:0.350,4:0.350,5:0.350,6:0.350,7:0.350,8:0.350 compute_mode:full_block_then_freeze computed_token_ratio:1.0000 active_token_ratio:0.3500 frozen_token_ratio:0.6500 actual_skip_ratio:0.0000 theoretical_skip_ratio:0.6500 skip_efficiency:0.0000 computed_by_layer:3:1.000,4:1.000,5:1.000,6:1.000,7:1.000,8:1.000 actual_skip_by_layer:3:0.000,4:0.000,5:0.000,6:0.000,7:0.000,8:0.000
step:1600/2000 val_loss:2.3102 val_bpb:1.3682 train_time:796811ms step_avg:498.01ms
step:1700/2000 train_loss:2.2507 train_time:846453ms step_avg:497.91ms
step:1700/2000 stf_stats calls:2622 layers:6 score_mean:6464.216309 score_max:57646.968750 active_pre_mean:1.0000 active_mean:0.3500 active_min:0.3500 active_max:0.3500 active_by_layer:3:0.350,4:0.350,5:0.350,6:0.350,7:0.350,8:0.350 compute_mode:full_block_then_freeze computed_token_ratio:1.0000 active_token_ratio:0.3500 frozen_token_ratio:0.6500 actual_skip_ratio:0.0000 theoretical_skip_ratio:0.6500 skip_efficiency:0.0000 computed_by_layer:3:1.000,4:1.000,5:1.000,6:1.000,7:1.000,8:1.000 actual_skip_by_layer:3:0.000,4:0.000,5:0.000,6:0.000,7:0.000,8:0.000
step:1800/2000 train_loss:2.3000 train_time:896231ms step_avg:497.91ms
step:1800/2000 stf_stats calls:1200 layers:6 score_mean:6626.278809 score_max:55841.632812 active_pre_mean:1.0000 active_mean:0.3500 active_min:0.3500 active_max:0.3500 active_by_layer:3:0.350,4:0.350,5:0.350,6:0.350,7:0.350,8:0.350 compute_mode:full_block_then_freeze computed_token_ratio:1.0000 active_token_ratio:0.3500 frozen_token_ratio:0.6500 actual_skip_ratio:0.0000 theoretical_skip_ratio:0.6500 skip_efficiency:0.0000 computed_by_layer:3:1.000,4:1.000,5:1.000,6:1.000,7:1.000,8:1.000 actual_skip_by_layer:3:0.000,4:0.000,5:0.000,6:0.000,7:0.000,8:0.000
step:1800/2000 val_loss:2.2849 val_bpb:1.3533 train_time:896322ms step_avg:497.96ms
step:1900/2000 train_loss:2.2461 train_time:945995ms step_avg:497.89ms
step:1900/2000 stf_stats calls:2622 layers:6 score_mean:6664.882812 score_max:57121.148438 active_pre_mean:1.0000 active_mean:0.3500 active_min:0.3500 active_max:0.3500 active_by_layer:3:0.350,4:0.350,5:0.350,6:0.350,7:0.350,8:0.350 compute_mode:full_block_then_freeze computed_token_ratio:1.0000 active_token_ratio:0.3500 frozen_token_ratio:0.6500 actual_skip_ratio:0.0000 theoretical_skip_ratio:0.6500 skip_efficiency:0.0000 computed_by_layer:3:1.000,4:1.000,5:1.000,6:1.000,7:1.000,8:1.000 actual_skip_by_layer:3:0.000,4:0.000,5:0.000,6:0.000,7:0.000,8:0.000
step:2000/2000 train_loss:2.2636 train_time:995720ms step_avg:497.86ms
step:2000/2000 stf_stats calls:1200 layers:6 score_mean:6698.121094 score_max:57146.906250 active_pre_mean:1.0000 active_mean:0.3500 active_min:0.3500 active_max:0.3500 active_by_layer:3:0.350,4:0.350,5:0.350,6:0.350,7:0.350,8:0.350 compute_mode:full_block_then_freeze computed_token_ratio:1.0000 active_token_ratio:0.3500 frozen_token_ratio:0.6500 actual_skip_ratio:0.0000 theoretical_skip_ratio:0.6500 skip_efficiency:0.0000 computed_by_layer:3:1.000,4:1.000,5:1.000,6:1.000,7:1.000,8:1.000 actual_skip_by_layer:3:0.000,4:0.000,5:0.000,6:0.000,7:0.000,8:0.000
step:2000/2000 val_loss:2.2677 val_bpb:1.3431 train_time:995807ms step_avg:497.90ms
peak memory allocated: 14620 MiB reserved: 14966 MiB
Serialized model: 67224983 bytes
Code size: 65627 bytes
Total submission size: 67290610 bytes
Serialized model int8+zlib: 14102151 bytes (payload:17178912 raw_torch:17224025 payload_ratio:3.91x)
Total submission size int8+zlib: 14167778 bytes
final_int8_zlib_roundtrip val_loss:2.2706 val_bpb:1.3448 eval_time:19426ms
final_int8_zlib_roundtrip_exact val_loss:2.27061201 val_bpb:1.34478433
