timestamp=2026-04-19T09:19:29Z
branch=stf-recurrence
run_id=2026-04-19_stf-recurrence_cosine_nvidia-geforce-rtx-4090_4gpu_i500_run1
score_fn=cosine
nproc_per_node=4
W0419 09:19:31.048000 5763 torch/distributed/run.py:803] 
W0419 09:19:31.048000 5763 torch/distributed/run.py:803] *****************************************
W0419 09:19:31.048000 5763 torch/distributed/run.py:803] Setting OMP_NUM_THREADS environment variable for each process to be 1 in default, to avoid your system being overloaded, please further tune the variable for optimal performance in your application as needed. 
W0419 09:19:31.048000 5763 torch/distributed/run.py:803] *****************************************
logs/2026-04-19_stf-recurrence_cosine_nvidia-geforce-rtx-4090_4gpu_i500_run1.txt
val_bpb:enabled tokenizer_kind=sentencepiece tokenizer_path=./data/tokenizers/fineweb_1024_bpe.model
train_loader:dataset:fineweb10B_sp1024 train_shards:80
val_loader:shards pattern=./data/datasets/fineweb10B_sp1024/fineweb_val_*.bin tokens:62021632
model_params:17059912
world_size:4 grad_accum_steps:2
sdp_backends:cudnn=False flash=True mem_efficient=False math=False
attention_mode:gqa num_heads:8 num_kv_heads:4
tie_embeddings:True embed_lr:0.05 head_lr:0.0 matrix_lr:0.04 scalar_lr:0.04
train_batch_tokens:262144 train_seq_len:1024 iterations:500 warmup_steps:0 max_wallclock_seconds:0.000
compile_model:False
stf_mode:recurrence stf_warmup_layers:3 stf_depth_cap:0 stf_threshold:0.045 stf_ema_decay:0.85 stf_min_active_ratio:0.35 stf_score_fn:cosine stf_telemetry:True
seed:1337
step:0/500 val_loss:6.9357 val_bpb:4.1077 train_time:0ms step_avg:0.02ms
step:1/500 train_loss:6.9368 train_time:1296ms step_avg:1296.00ms
step:1/500 stf_stats calls:1434 layers:6 score_mean:-0.000000 score_max:0.000000 active_pre_mean:0.0000 active_mean:0.5312 active_min:0.3642 active_max:0.8014 active_by_layer:3:0.801,4:0.801,5:0.427,6:0.427,7:0.364,8:0.366
step:2/500 train_loss:9.0962 train_time:1652ms step_avg:826.15ms
step:2/500 stf_stats calls:12 layers:6 score_mean:0.000214 score_max:0.000287 active_pre_mean:0.0000 active_mean:0.3501 active_min:0.3500 active_max:0.3507 active_by_layer:3:0.351,4:0.350,5:0.350,6:0.350,7:0.350,8:0.350
step:3/500 train_loss:6.4003 train_time:1919ms step_avg:639.65ms
step:3/500 stf_stats calls:12 layers:6 score_mean:0.000412 score_max:0.000860 active_pre_mean:0.0000 active_mean:0.3500 active_min:0.3500 active_max:0.3501 active_by_layer:3:0.350,4:0.350,5:0.350,6:0.350,7:0.350,8:0.350
step:4/500 train_loss:6.0220 train_time:2185ms step_avg:546.34ms
step:4/500 stf_stats calls:12 layers:6 score_mean:0.000535 score_max:0.001751 active_pre_mean:0.0000 active_mean:0.3500 active_min:0.3500 active_max:0.3501 active_by_layer:3:0.350,4:0.350,5:0.350,6:0.350,7:0.350,8:0.350
step:5/500 train_loss:6.3204 train_time:2451ms step_avg:490.25ms
step:5/500 stf_stats calls:12 layers:6 score_mean:0.000793 score_max:0.002820 active_pre_mean:0.0000 active_mean:0.3500 active_min:0.3500 active_max:0.3500 active_by_layer:3:0.350,4:0.350,5:0.350,6:0.350,7:0.350,8:0.350
step:6/500 train_loss:6.3025 train_time:2718ms step_avg:452.93ms
step:6/500 stf_stats calls:12 layers:6 score_mean:0.001151 score_max:0.003874 active_pre_mean:0.0000 active_mean:0.3500 active_min:0.3500 active_max:0.3500 active_by_layer:3:0.350,4:0.350,5:0.350,6:0.350,7:0.350,8:0.350
step:7/500 train_loss:6.2261 train_time:2984ms step_avg:426.33ms
step:7/500 stf_stats calls:12 layers:6 score_mean:0.001436 score_max:0.006260 active_pre_mean:0.0000 active_mean:0.3500 active_min:0.3500 active_max:0.3500 active_by_layer:3:0.350,4:0.350,5:0.350,6:0.350,7:0.350,8:0.350
step:8/500 train_loss:6.1330 train_time:3250ms step_avg:406.21ms
step:8/500 stf_stats calls:12 layers:6 score_mean:0.001693 score_max:0.008649 active_pre_mean:0.0000 active_mean:0.3500 active_min:0.3500 active_max:0.3500 active_by_layer:3:0.350,4:0.350,5:0.350,6:0.350,7:0.350,8:0.350
step:9/500 train_loss:5.9085 train_time:3516ms step_avg:390.67ms
step:9/500 stf_stats calls:12 layers:6 score_mean:0.001858 score_max:0.012183 active_pre_mean:0.0000 active_mean:0.3500 active_min:0.3500 active_max:0.3500 active_by_layer:3:0.350,4:0.350,5:0.350,6:0.350,7:0.350,8:0.350
step:10/500 train_loss:5.8273 train_time:3784ms step_avg:378.35ms
step:10/500 stf_stats calls:12 layers:6 score_mean:0.002005 score_max:0.010877 active_pre_mean:0.0000 active_mean:0.3500 active_min:0.3500 active_max:0.3501 active_by_layer:3:0.350,4:0.350,5:0.350,6:0.350,7:0.350,8:0.350
step:50/500 train_loss:4.4007 train_time:14431ms step_avg:288.62ms
step:50/500 stf_stats calls:480 layers:6 score_mean:0.004149 score_max:0.034515 active_pre_mean:0.0000 active_mean:0.3500 active_min:0.3500 active_max:0.3500 active_by_layer:3:0.350,4:0.350,5:0.350,6:0.350,7:0.350,8:0.350
step:50/500 val_loss:4.3492 val_bpb:2.5758 train_time:14498ms step_avg:289.96ms
step:100/500 train_loss:3.8247 train_time:27728ms step_avg:277.28ms
step:100/500 stf_stats calls:2022 layers:6 score_mean:0.005584 score_max:0.108365 active_pre_mean:0.0003 active_mean:0.3500 active_min:0.3500 active_max:0.3500 active_by_layer:3:0.350,4:0.350,5:0.350,6:0.350,7:0.350,8:0.350
step:100/500 val_loss:3.7902 val_bpb:2.2448 train_time:27795ms step_avg:277.95ms
step:150/500 train_loss:3.4167 train_time:41075ms step_avg:273.83ms
step:150/500 stf_stats calls:2022 layers:6 score_mean:0.015291 score_max:0.198868 active_pre_mean:0.0243 active_mean:0.3500 active_min:0.3500 active_max:0.3500 active_by_layer:3:0.350,4:0.350,5:0.350,6:0.350,7:0.350,8:0.350
step:150/500 val_loss:3.4635 val_bpb:2.0513 train_time:41137ms step_avg:274.25ms
step:200/500 train_loss:3.2381 train_time:54385ms step_avg:271.93ms
step:200/500 stf_stats calls:2022 layers:6 score_mean:0.030356 score_max:0.250276 active_pre_mean:0.1652 active_mean:0.3500 active_min:0.3500 active_max:0.3500 active_by_layer:3:0.350,4:0.350,5:0.350,6:0.350,7:0.350,8:0.350
step:200/500 val_loss:3.1885 val_bpb:1.8884 train_time:54448ms step_avg:272.24ms
step:250/500 train_loss:2.9792 train_time:67699ms step_avg:270.80ms
step:250/500 stf_stats calls:2022 layers:6 score_mean:0.041795 score_max:0.278816 active_pre_mean:0.3426 active_mean:0.3500 active_min:0.3500 active_max:0.3500 active_by_layer:3:0.350,4:0.350,5:0.350,6:0.350,7:0.350,8:0.350
step:250/500 val_loss:2.9935 val_bpb:1.7729 train_time:67761ms step_avg:271.04ms
step:300/500 train_loss:2.9067 train_time:81013ms step_avg:270.04ms
step:300/500 stf_stats calls:2022 layers:6 score_mean:0.051431 score_max:0.313110 active_pre_mean:0.5492 active_mean:0.3500 active_min:0.3500 active_max:0.3500 active_by_layer:3:0.350,4:0.350,5:0.350,6:0.350,7:0.350,8:0.350
step:300/500 val_loss:2.8848 val_bpb:1.7085 train_time:81079ms step_avg:270.26ms
step:350/500 train_loss:2.7455 train_time:94320ms step_avg:269.49ms
step:350/500 stf_stats calls:2022 layers:6 score_mean:0.057808 score_max:0.317709 active_pre_mean:0.6862 active_mean:0.3500 active_min:0.3500 active_max:0.3500 active_by_layer:3:0.350,4:0.350,5:0.350,6:0.350,7:0.350,8:0.350
step:350/500 val_loss:2.8112 val_bpb:1.6649 train_time:94384ms step_avg:269.67ms
step:400/500 train_loss:2.6842 train_time:107639ms step_avg:269.10ms
step:400/500 stf_stats calls:2022 layers:6 score_mean:0.064048 score_max:0.312934 active_pre_mean:0.8098 active_mean:0.3500 active_min:0.3500 active_max:0.3500 active_by_layer:3:0.350,4:0.350,5:0.350,6:0.350,7:0.350,8:0.350
step:400/500 val_loss:2.7590 val_bpb:1.6341 train_time:107705ms step_avg:269.26ms
step:450/500 train_loss:2.7061 train_time:120930ms step_avg:268.73ms
step:450/500 stf_stats calls:2022 layers:6 score_mean:0.067818 score_max:0.317947 active_pre_mean:0.8685 active_mean:0.3500 active_min:0.3500 active_max:0.3500 active_by_layer:3:0.350,4:0.350,5:0.350,6:0.350,7:0.350,8:0.350
step:450/500 val_loss:2.7114 val_bpb:1.6059 train_time:120992ms step_avg:268.87ms
step:500/500 train_loss:2.6523 train_time:134216ms step_avg:268.43ms
step:500/500 stf_stats calls:2022 layers:6 score_mean:0.071029 score_max:0.322200 active_pre_mean:0.9058 active_mean:0.3500 active_min:0.3500 active_max:0.3500 active_by_layer:3:0.350,4:0.350,5:0.350,6:0.350,7:0.350,8:0.350
step:500/500 val_loss:2.6869 val_bpb:1.5913 train_time:134282ms step_avg:268.56ms
peak memory allocated: 7056 MiB reserved: 7406 MiB
Serialized model: 67224983 bytes
Code size: 62196 bytes
Total submission size: 67287179 bytes
Serialized model int8+zlib: 8867112 bytes (payload:17178912 raw_torch:17224025 payload_ratio:3.91x)
Total submission size int8+zlib: 8929308 bytes
final_int8_zlib_roundtrip val_loss:2.7057 val_bpb:1.6025 eval_time:21146ms
final_int8_zlib_roundtrip_exact val_loss:2.70574189 val_bpb:1.60249275
