timestamp=2026-04-19T09:26:14Z
branch=stf-recurrence
run_id=2026-04-19_stf-recurrence_direction_nvidia-geforce-rtx-4090_4gpu_i500_run1
score_fn=direction
nproc_per_node=4
W0419 09:26:16.390000 6269 torch/distributed/run.py:803] 
W0419 09:26:16.390000 6269 torch/distributed/run.py:803] *****************************************
W0419 09:26:16.390000 6269 torch/distributed/run.py:803] Setting OMP_NUM_THREADS environment variable for each process to be 1 in default, to avoid your system being overloaded, please further tune the variable for optimal performance in your application as needed. 
W0419 09:26:16.390000 6269 torch/distributed/run.py:803] *****************************************
logs/2026-04-19_stf-recurrence_direction_nvidia-geforce-rtx-4090_4gpu_i500_run1.txt
val_bpb:enabled tokenizer_kind=sentencepiece tokenizer_path=./data/tokenizers/fineweb_1024_bpe.model
train_loader:dataset:fineweb10B_sp1024 train_shards:80
val_loader:shards pattern=./data/datasets/fineweb10B_sp1024/fineweb_val_*.bin tokens:62021632
model_params:17059912
world_size:4 grad_accum_steps:2
sdp_backends:cudnn=False flash=True mem_efficient=False math=False
attention_mode:gqa num_heads:8 num_kv_heads:4
tie_embeddings:True embed_lr:0.05 head_lr:0.0 matrix_lr:0.04 scalar_lr:0.04
train_batch_tokens:262144 train_seq_len:1024 iterations:500 warmup_steps:0 max_wallclock_seconds:0.000
compile_model:False
stf_mode:recurrence stf_warmup_layers:3 stf_depth_cap:0 stf_threshold:0.045 stf_ema_decay:0.85 stf_min_active_ratio:0.35 stf_score_fn:direction stf_telemetry:True
seed:1337
step:0/500 val_loss:6.9357 val_bpb:4.1077 train_time:0ms step_avg:0.02ms
step:1/500 train_loss:6.9368 train_time:1307ms step_avg:1306.70ms
step:1/500 stf_stats calls:1434 layers:6 score_mean:0.000000 score_max:0.000000 active_pre_mean:0.0000 active_mean:1.0000 active_min:1.0000 active_max:1.0000 active_by_layer:3:1.000,4:1.000,5:1.000,6:1.000,7:1.000,8:1.000
step:2/500 train_loss:9.0879 train_time:1610ms step_avg:805.01ms
step:2/500 stf_stats calls:12 layers:6 score_mean:0.179212 score_max:0.339701 active_pre_mean:0.9981 active_mean:0.3500 active_min:0.3500 active_max:0.3500 active_by_layer:3:0.350,4:0.350,5:0.350,6:0.350,7:0.350,8:0.350
step:3/500 train_loss:6.4274 train_time:1876ms step_avg:625.19ms
step:3/500 stf_stats calls:12 layers:6 score_mean:0.680481 score_max:0.859832 active_pre_mean:1.0000 active_mean:0.3500 active_min:0.3500 active_max:0.3500 active_by_layer:3:0.350,4:0.350,5:0.350,6:0.350,7:0.350,8:0.350
step:4/500 train_loss:6.0374 train_time:2145ms step_avg:536.36ms
step:4/500 stf_stats calls:12 layers:6 score_mean:0.807517 score_max:0.929361 active_pre_mean:0.9999 active_mean:0.3500 active_min:0.3500 active_max:0.3500 active_by_layer:3:0.350,4:0.350,5:0.350,6:0.350,7:0.350,8:0.350
step:5/500 train_loss:6.3185 train_time:2411ms step_avg:482.20ms
step:5/500 stf_stats calls:12 layers:6 score_mean:0.825193 score_max:0.920776 active_pre_mean:1.0000 active_mean:0.3500 active_min:0.3500 active_max:0.3500 active_by_layer:3:0.350,4:0.350,5:0.350,6:0.350,7:0.350,8:0.350
step:6/500 train_loss:6.2854 train_time:2677ms step_avg:446.22ms
step:6/500 stf_stats calls:12 layers:6 score_mean:0.817870 score_max:0.920359 active_pre_mean:1.0000 active_mean:0.3500 active_min:0.3500 active_max:0.3500 active_by_layer:3:0.350,4:0.350,5:0.350,6:0.350,7:0.350,8:0.350
step:7/500 train_loss:6.2354 train_time:2948ms step_avg:421.11ms
step:7/500 stf_stats calls:12 layers:6 score_mean:0.822390 score_max:0.913158 active_pre_mean:1.0000 active_mean:0.3500 active_min:0.3500 active_max:0.3500 active_by_layer:3:0.350,4:0.350,5:0.350,6:0.350,7:0.350,8:0.350
step:8/500 train_loss:6.1377 train_time:3214ms step_avg:401.72ms
step:8/500 stf_stats calls:12 layers:6 score_mean:0.834311 score_max:0.921855 active_pre_mean:1.0000 active_mean:0.3500 active_min:0.3500 active_max:0.3500 active_by_layer:3:0.350,4:0.350,5:0.350,6:0.350,7:0.350,8:0.350
step:9/500 train_loss:5.9253 train_time:3479ms step_avg:386.51ms
step:9/500 stf_stats calls:12 layers:6 score_mean:0.850365 score_max:0.930354 active_pre_mean:1.0000 active_mean:0.3500 active_min:0.3500 active_max:0.3500 active_by_layer:3:0.350,4:0.350,5:0.350,6:0.350,7:0.350,8:0.350
step:10/500 train_loss:5.8354 train_time:3745ms step_avg:374.45ms
step:10/500 stf_stats calls:12 layers:6 score_mean:0.863718 score_max:0.941999 active_pre_mean:1.0000 active_mean:0.3500 active_min:0.3500 active_max:0.3500 active_by_layer:3:0.350,4:0.350,5:0.350,6:0.350,7:0.350,8:0.350
step:50/500 train_loss:4.4017 train_time:14377ms step_avg:287.53ms
step:50/500 stf_stats calls:480 layers:6 score_mean:0.864184 score_max:0.962939 active_pre_mean:1.0000 active_mean:0.3500 active_min:0.3500 active_max:0.3500 active_by_layer:3:0.350,4:0.350,5:0.350,6:0.350,7:0.350,8:0.350
step:50/500 val_loss:4.3446 val_bpb:2.5731 train_time:14439ms step_avg:288.78ms
step:100/500 train_loss:3.8029 train_time:27673ms step_avg:276.73ms
step:100/500 stf_stats calls:2022 layers:6 score_mean:0.803113 score_max:0.962910 active_pre_mean:1.0000 active_mean:0.3500 active_min:0.3500 active_max:0.3500 active_by_layer:3:0.350,4:0.350,5:0.350,6:0.350,7:0.350,8:0.350
step:100/500 val_loss:3.7776 val_bpb:2.2373 train_time:27741ms step_avg:277.41ms
step:150/500 train_loss:3.4265 train_time:40970ms step_avg:273.13ms
step:150/500 stf_stats calls:2022 layers:6 score_mean:0.598875 score_max:0.939541 active_pre_mean:0.9999 active_mean:0.3500 active_min:0.3500 active_max:0.3500 active_by_layer:3:0.350,4:0.350,5:0.350,6:0.350,7:0.350,8:0.350
step:150/500 val_loss:3.4652 val_bpb:2.0523 train_time:41033ms step_avg:273.56ms
step:200/500 train_loss:3.2729 train_time:54249ms step_avg:271.25ms
step:200/500 stf_stats calls:2022 layers:6 score_mean:0.470952 score_max:0.877642 active_pre_mean:0.9993 active_mean:0.3500 active_min:0.3500 active_max:0.3500 active_by_layer:3:0.350,4:0.350,5:0.350,6:0.350,7:0.350,8:0.350
step:200/500 val_loss:3.2377 val_bpb:1.9175 train_time:54311ms step_avg:271.56ms
step:250/500 train_loss:3.0032 train_time:67530ms step_avg:270.12ms
step:250/500 stf_stats calls:2022 layers:6 score_mean:0.406900 score_max:0.781939 active_pre_mean:0.9985 active_mean:0.3500 active_min:0.3500 active_max:0.3500 active_by_layer:3:0.350,4:0.350,5:0.350,6:0.350,7:0.350,8:0.350
step:250/500 val_loss:3.0153 val_bpb:1.7858 train_time:67592ms step_avg:270.37ms
step:300/500 train_loss:2.9160 train_time:80825ms step_avg:269.42ms
step:300/500 stf_stats calls:2022 layers:6 score_mean:0.364730 score_max:0.737022 active_pre_mean:0.9969 active_mean:0.3500 active_min:0.3500 active_max:0.3500 active_by_layer:3:0.350,4:0.350,5:0.350,6:0.350,7:0.350,8:0.350
step:300/500 val_loss:2.8935 val_bpb:1.7137 train_time:80888ms step_avg:269.63ms
step:350/500 train_loss:2.7497 train_time:94116ms step_avg:268.90ms
step:350/500 stf_stats calls:2022 layers:6 score_mean:0.341291 score_max:0.701585 active_pre_mean:0.9968 active_mean:0.3500 active_min:0.3500 active_max:0.3500 active_by_layer:3:0.350,4:0.350,5:0.350,6:0.350,7:0.350,8:0.350
step:350/500 val_loss:2.8098 val_bpb:1.6641 train_time:94182ms step_avg:269.09ms
step:400/500 train_loss:2.6818 train_time:107406ms step_avg:268.51ms
step:400/500 stf_stats calls:2022 layers:6 score_mean:0.314478 score_max:0.676831 active_pre_mean:0.9953 active_mean:0.3500 active_min:0.3500 active_max:0.3500 active_by_layer:3:0.350,4:0.350,5:0.350,6:0.350,7:0.350,8:0.350
step:400/500 val_loss:2.7533 val_bpb:1.6307 train_time:107471ms step_avg:268.68ms
step:450/500 train_loss:2.7000 train_time:120689ms step_avg:268.20ms
step:450/500 stf_stats calls:2022 layers:6 score_mean:0.298427 score_max:0.663144 active_pre_mean:0.9946 active_mean:0.3500 active_min:0.3500 active_max:0.3500 active_by_layer:3:0.350,4:0.350,5:0.350,6:0.350,7:0.350,8:0.350
step:450/500 val_loss:2.7043 val_bpb:1.6017 train_time:120752ms step_avg:268.34ms
step:500/500 train_loss:2.6439 train_time:133990ms step_avg:267.98ms
step:500/500 stf_stats calls:2022 layers:6 score_mean:0.288377 score_max:0.664650 active_pre_mean:0.9940 active_mean:0.3500 active_min:0.3500 active_max:0.3500 active_by_layer:3:0.350,4:0.350,5:0.350,6:0.350,7:0.350,8:0.350
step:500/500 val_loss:2.6790 val_bpb:1.5867 train_time:134055ms step_avg:268.11ms
peak memory allocated: 7056 MiB reserved: 7406 MiB
Serialized model: 67224983 bytes
Code size: 62196 bytes
Total submission size: 67287179 bytes
Serialized model int8+zlib: 8863113 bytes (payload:17178912 raw_torch:17224025 payload_ratio:3.91x)
Total submission size int8+zlib: 8925309 bytes
final_int8_zlib_roundtrip val_loss:2.6982 val_bpb:1.5980 eval_time:21143ms
final_int8_zlib_roundtrip_exact val_loss:2.69818304 val_bpb:1.59801598
