code_snapshot sha256_16:f296f9586ab12c91 bytes:54830
train_gpt.py is archived separately by save.sh
====================================================================================================
Running Python 3.12.3 (main, Nov  6 2025, 13:44:16) [GCC 13.3.0]
Running PyTorch 2.9.1+cu128
Wed Apr 15 15:46:08 2026       
+-----------------------------------------------------------------------------------------+
| NVIDIA-SMI 580.126.09             Driver Version: 580.126.09     CUDA Version: 13.0     |
+-----------------------------------------+------------------------+----------------------+
| GPU  Name                 Persistence-M | Bus-Id          Disp.A | Volatile Uncorr. ECC |
| Fan  Temp   Perf          Pwr:Usage/Cap |           Memory-Usage | GPU-Util  Compute M. |
|                                         |                        |               MIG M. |
|=========================================+========================+======================|
|   0  NVIDIA GeForce RTX 4090        On  |   00000000:01:00.0 Off |                  Off |
| 30%   34C    P2             66W /  450W |     597MiB /  24564MiB |      8%      Default |
|                                         |                        |                  N/A |
+-----------------------------------------+------------------------+----------------------+
|   1  NVIDIA GeForce RTX 4090        On  |   00000000:25:00.0 Off |                  Off |
| 30%   36C    P2             55W /  450W |     597MiB /  24564MiB |      5%      Default |
|                                         |                        |                  N/A |
+-----------------------------------------+------------------------+----------------------+
|   2  NVIDIA GeForce RTX 4090        On  |   00000000:41:00.0 Off |                  Off |
| 31%   33C    P2             58W /  450W |     597MiB /  24564MiB |      0%      Default |
|                                         |                        |                  N/A |
+-----------------------------------------+------------------------+----------------------+
|   3  NVIDIA GeForce RTX 4090        On  |   00000000:61:00.0 Off |                  Off |
| 30%   30C    P2             58W /  450W |     597MiB /  24564MiB |      0%      Default |
|                                         |                        |                  N/A |
+-----------------------------------------+------------------------+----------------------+

+-----------------------------------------------------------------------------------------+
| Processes:                                                                              |
|  GPU   GI   CI              PID   Type   Process name                        GPU Memory |
|        ID   ID                                                               Usage      |
|=========================================================================================|
|    0   N/A  N/A           76759      C   /usr/local/bin/python                   588MiB |
|    1   N/A  N/A           76760      C   /usr/local/bin/python                   588MiB |
|    2   N/A  N/A           76761      C   /usr/local/bin/python                   588MiB |
|    3   N/A  N/A           76762      C   /usr/local/bin/python                   588MiB |
+-----------------------------------------------------------------------------------------+

====================================================================================================
val_bpb:enabled tokenizer_kind=sentencepiece tokenizer_path=./data/tokenizers/fineweb_1024_bpe.model
train_loader:dataset:fineweb10B_sp1024 train_shards:1
val_loader:shards pattern=./data/datasets/fineweb10B_sp1024/fineweb_val_*.bin tokens:62021632
model_params:17059912
world_size:4 grad_accum_steps:2
sdp_backends:cudnn=False flash=True mem_efficient=False math=False
attention_mode:gqa num_heads:8 num_kv_heads:4
tie_embeddings:True embed_lr:0.05 head_lr:0.0 matrix_lr:0.04 scalar_lr:0.04
train_batch_tokens:524288 train_seq_len:1024 iterations:2000 warmup_steps:20 max_wallclock_seconds:0.000
compile_model:False
stf_mode:quantization stf_warmup_layers:3 stf_depth_cap:0 stf_threshold:0.045 stf_ema_decay:0.85 stf_min_active_ratio:0.35
seed:1337
warmup_step:1/20
warmup_step:2/20
warmup_step:3/20
warmup_step:4/20
warmup_step:5/20
warmup_step:6/20
warmup_step:7/20
warmup_step:8/20
warmup_step:9/20
warmup_step:10/20
warmup_step:11/20
warmup_step:12/20
warmup_step:13/20
warmup_step:14/20
warmup_step:15/20
warmup_step:16/20
warmup_step:17/20
warmup_step:18/20
warmup_step:19/20
warmup_step:20/20
step:0/2000 val_loss:6.9357 val_bpb:4.1077 train_time:0ms step_avg:0.04ms
step:1/2000 train_loss:6.9367 train_time:464ms step_avg:464.18ms
step:2/2000 train_loss:17.3463 train_time:938ms step_avg:469.09ms
step:3/2000 train_loss:10.2632 train_time:1425ms step_avg:474.84ms
step:4/2000 train_loss:8.1189 train_time:1912ms step_avg:477.97ms
step:5/2000 train_loss:7.6135 train_time:2405ms step_avg:481.07ms
step:6/2000 train_loss:7.9377 train_time:2895ms step_avg:482.55ms
step:7/2000 train_loss:7.4502 train_time:3396ms step_avg:485.14ms
step:8/2000 train_loss:6.9930 train_time:3884ms step_avg:485.48ms
step:9/2000 train_loss:6.6477 train_time:4363ms step_avg:484.82ms
step:10/2000 train_loss:6.3363 train_time:4853ms step_avg:485.32ms
step:200/2000 train_loss:3.4785 train_time:97632ms step_avg:488.16ms
step:200/2000 val_loss:3.5035 val_bpb:2.0750 train_time:97671ms step_avg:488.35ms
step:400/2000 train_loss:3.1849 train_time:195245ms step_avg:488.11ms
step:400/2000 val_loss:3.2043 val_bpb:1.8978 train_time:195285ms step_avg:488.21ms
step:600/2000 train_loss:3.0844 train_time:292690ms step_avg:487.82ms
step:600/2000 val_loss:3.1156 val_bpb:1.8452 train_time:292734ms step_avg:487.89ms
step:800/2000 train_loss:2.9388 train_time:390149ms step_avg:487.69ms
step:800/2000 val_loss:3.0460 val_bpb:1.8040 train_time:390189ms step_avg:487.74ms
step:1000/2000 train_loss:3.3147 train_time:487767ms step_avg:487.77ms
step:1000/2000 val_loss:2.9861 val_bpb:1.7686 train_time:487815ms step_avg:487.81ms
step:1200/2000 train_loss:2.8414 train_time:585249ms step_avg:487.71ms
step:1200/2000 val_loss:2.9552 val_bpb:1.7502 train_time:585287ms step_avg:487.74ms
step:1400/2000 train_loss:2.8863 train_time:683041ms step_avg:487.89ms
step:1400/2000 val_loss:2.9282 val_bpb:1.7343 train_time:683086ms step_avg:487.92ms
step:1600/2000 train_loss:2.9158 train_time:780765ms step_avg:487.98ms
step:1600/2000 val_loss:2.9071 val_bpb:1.7217 train_time:780815ms step_avg:488.01ms
step:1800/2000 train_loss:2.8188 train_time:878424ms step_avg:488.01ms
step:1800/2000 val_loss:2.8886 val_bpb:1.7108 train_time:878471ms step_avg:488.04ms
step:2000/2000 train_loss:2.8472 train_time:976186ms step_avg:488.09ms
step:2000/2000 val_loss:2.8675 val_bpb:1.6983 train_time:976236ms step_avg:488.12ms
peak memory allocated: 14620 MiB reserved: 14966 MiB
Serialized model: 67224983 bytes
Code size: 54830 bytes
Total submission size: 67279813 bytes
Serialized model int8+zlib: 14990607 bytes (payload:17178912 raw_torch:17224025 payload_ratio:3.91x)
Total submission size int8+zlib: 15045437 bytes
final_int8_zlib_roundtrip val_loss:2.8689 val_bpb:1.6991 eval_time:19665ms
final_int8_zlib_roundtrip_exact val_loss:2.86893451 val_bpb:1.69914461
