timestamp=2026-04-19T12:04:32Z
branch=stf-soft-freeze-telemetry
run_id=2026-04-19_stf-soft-freeze-telemetry_direction_nvidia-geforce-rtx-4090_4gpu_i2000_run1
score_fn=direction
nproc_per_node=4
W0419 12:04:33.654000 12543 torch/distributed/run.py:803] 
W0419 12:04:33.654000 12543 torch/distributed/run.py:803] *****************************************
W0419 12:04:33.654000 12543 torch/distributed/run.py:803] Setting OMP_NUM_THREADS environment variable for each process to be 1 in default, to avoid your system being overloaded, please further tune the variable for optimal performance in your application as needed. 
W0419 12:04:33.654000 12543 torch/distributed/run.py:803] *****************************************
logs/2026-04-19_stf-soft-freeze-telemetry_direction_nvidia-geforce-rtx-4090_4gpu_i2000_run1.txt
val_bpb:enabled tokenizer_kind=sentencepiece tokenizer_path=./data/tokenizers/fineweb_1024_bpe.model
train_loader:dataset:fineweb10B_sp1024 train_shards:80
val_loader:shards pattern=./data/datasets/fineweb10B_sp1024/fineweb_val_*.bin tokens:62021632
model_params:17059912
world_size:4 grad_accum_steps:2
sdp_backends:cudnn=False flash=True mem_efficient=False math=False
attention_mode:gqa num_heads:8 num_kv_heads:4
tie_embeddings:True embed_lr:0.05 head_lr:0.0 matrix_lr:0.04 scalar_lr:0.04
train_batch_tokens:524288 train_seq_len:1024 iterations:2000 warmup_steps:0 max_wallclock_seconds:0.000
compile_model:False
stf_mode:soft_freeze stf_warmup_layers:3 stf_depth_cap:0 stf_threshold:0.045 stf_ema_decay:0.85 stf_min_active_ratio:0.35 stf_score_fn:direction stf_telemetry:True
seed:1337
step:0/2000 val_loss:6.9357 val_bpb:4.1077 train_time:0ms step_avg:0.03ms
step:1/2000 train_loss:6.9367 train_time:1280ms step_avg:1280.35ms
step:1/2000 stf_stats calls:1434 layers:6 score_mean:0.000000 score_max:0.000000 active_pre_mean:0.0000 active_mean:1.0000 active_min:1.0000 active_max:1.0000 active_by_layer:3:1.000,4:1.000,5:1.000,6:1.000,7:1.000,8:1.000 compute_mode:full_block_then_freeze computed_token_ratio:1.0000 active_token_ratio:1.0000 frozen_token_ratio:0.0000 actual_skip_ratio:0.0000 theoretical_skip_ratio:0.0000 skip_efficiency:0.0000 computed_by_layer:3:1.000,4:1.000,5:1.000,6:1.000,7:1.000,8:1.000 actual_skip_by_layer:3:0.000,4:0.000,5:0.000,6:0.000,7:0.000,8:0.000
step:2/2000 train_loss:17.1830 train_time:1807ms step_avg:903.52ms
step:2/2000 stf_stats calls:12 layers:6 score_mean:0.391956 score_max:0.551267 active_pre_mean:1.0000 active_mean:0.3500 active_min:0.3500 active_max:0.3500 active_by_layer:3:0.350,4:0.350,5:0.350,6:0.350,7:0.350,8:0.350 compute_mode:full_block_then_freeze computed_token_ratio:1.0000 active_token_ratio:0.3500 frozen_token_ratio:0.6500 actual_skip_ratio:0.0000 theoretical_skip_ratio:0.6500 skip_efficiency:0.0000 computed_by_layer:3:1.000,4:1.000,5:1.000,6:1.000,7:1.000,8:1.000 actual_skip_by_layer:3:0.000,4:0.000,5:0.000,6:0.000,7:0.000,8:0.000
step:3/2000 train_loss:9.2270 train_time:2317ms step_avg:772.25ms
step:3/2000 stf_stats calls:12 layers:6 score_mean:0.794349 score_max:0.927653 active_pre_mean:1.0000 active_mean:0.3500 active_min:0.3500 active_max:0.3500 active_by_layer:3:0.350,4:0.350,5:0.350,6:0.350,7:0.350,8:0.350 compute_mode:full_block_then_freeze computed_token_ratio:1.0000 active_token_ratio:0.3500 frozen_token_ratio:0.6500 actual_skip_ratio:0.0000 theoretical_skip_ratio:0.6500 skip_efficiency:0.0000 computed_by_layer:3:1.000,4:1.000,5:1.000,6:1.000,7:1.000,8:1.000 actual_skip_by_layer:3:0.000,4:0.000,5:0.000,6:0.000,7:0.000,8:0.000
step:4/2000 train_loss:6.6322 train_time:2829ms step_avg:707.23ms
step:4/2000 stf_stats calls:12 layers:6 score_mean:0.910280 score_max:0.970986 active_pre_mean:1.0000 active_mean:0.3500 active_min:0.3500 active_max:0.3500 active_by_layer:3:0.350,4:0.350,5:0.350,6:0.350,7:0.350,8:0.350 compute_mode:full_block_then_freeze computed_token_ratio:1.0000 active_token_ratio:0.3500 frozen_token_ratio:0.6500 actual_skip_ratio:0.0000 theoretical_skip_ratio:0.6500 skip_efficiency:0.0000 computed_by_layer:3:1.000,4:1.000,5:1.000,6:1.000,7:1.000,8:1.000 actual_skip_by_layer:3:0.000,4:0.000,5:0.000,6:0.000,7:0.000,8:0.000
step:5/2000 train_loss:6.4916 train_time:3339ms step_avg:667.88ms
step:5/2000 stf_stats calls:12 layers:6 score_mean:0.947418 score_max:0.976277 active_pre_mean:1.0000 active_mean:0.3500 active_min:0.3500 active_max:0.3500 active_by_layer:3:0.350,4:0.350,5:0.350,6:0.350,7:0.350,8:0.350 compute_mode:full_block_then_freeze computed_token_ratio:1.0000 active_token_ratio:0.3500 frozen_token_ratio:0.6500 actual_skip_ratio:0.0000 theoretical_skip_ratio:0.6500 skip_efficiency:0.0000 computed_by_layer:3:1.000,4:1.000,5:1.000,6:1.000,7:1.000,8:1.000 actual_skip_by_layer:3:0.000,4:0.000,5:0.000,6:0.000,7:0.000,8:0.000
step:6/2000 train_loss:6.7894 train_time:3851ms step_avg:641.89ms
step:6/2000 stf_stats calls:12 layers:6 score_mean:0.957635 score_max:0.980818 active_pre_mean:1.0000 active_mean:0.3500 active_min:0.3500 active_max:0.3500 active_by_layer:3:0.350,4:0.350,5:0.350,6:0.350,7:0.350,8:0.350 compute_mode:full_block_then_freeze computed_token_ratio:1.0000 active_token_ratio:0.3500 frozen_token_ratio:0.6500 actual_skip_ratio:0.0000 theoretical_skip_ratio:0.6500 skip_efficiency:0.0000 computed_by_layer:3:1.000,4:1.000,5:1.000,6:1.000,7:1.000,8:1.000 actual_skip_by_layer:3:0.000,4:0.000,5:0.000,6:0.000,7:0.000,8:0.000
step:7/2000 train_loss:6.2445 train_time:4361ms step_avg:623.01ms
step:7/2000 stf_stats calls:12 layers:6 score_mean:0.967366 score_max:0.982913 active_pre_mean:1.0000 active_mean:0.3500 active_min:0.3500 active_max:0.3500 active_by_layer:3:0.350,4:0.350,5:0.350,6:0.350,7:0.350,8:0.350 compute_mode:full_block_then_freeze computed_token_ratio:1.0000 active_token_ratio:0.3500 frozen_token_ratio:0.6500 actual_skip_ratio:0.0000 theoretical_skip_ratio:0.6500 skip_efficiency:0.0000 computed_by_layer:3:1.000,4:1.000,5:1.000,6:1.000,7:1.000,8:1.000 actual_skip_by_layer:3:0.000,4:0.000,5:0.000,6:0.000,7:0.000,8:0.000
step:8/2000 train_loss:6.1111 train_time:4871ms step_avg:608.86ms
step:8/2000 stf_stats calls:12 layers:6 score_mean:0.971666 score_max:0.984980 active_pre_mean:1.0000 active_mean:0.3500 active_min:0.3500 active_max:0.3500 active_by_layer:3:0.350,4:0.350,5:0.350,6:0.350,7:0.350,8:0.350 compute_mode:full_block_then_freeze computed_token_ratio:1.0000 active_token_ratio:0.3500 frozen_token_ratio:0.6500 actual_skip_ratio:0.0000 theoretical_skip_ratio:0.6500 skip_efficiency:0.0000 computed_by_layer:3:1.000,4:1.000,5:1.000,6:1.000,7:1.000,8:1.000 actual_skip_by_layer:3:0.000,4:0.000,5:0.000,6:0.000,7:0.000,8:0.000
step:9/2000 train_loss:6.0739 train_time:5380ms step_avg:597.82ms
step:9/2000 stf_stats calls:12 layers:6 score_mean:0.974815 score_max:0.986775 active_pre_mean:1.0000 active_mean:0.3500 active_min:0.3500 active_max:0.3500 active_by_layer:3:0.350,4:0.350,5:0.350,6:0.350,7:0.350,8:0.350 compute_mode:full_block_then_freeze computed_token_ratio:1.0000 active_token_ratio:0.3500 frozen_token_ratio:0.6500 actual_skip_ratio:0.0000 theoretical_skip_ratio:0.6500 skip_efficiency:0.0000 computed_by_layer:3:1.000,4:1.000,5:1.000,6:1.000,7:1.000,8:1.000 actual_skip_by_layer:3:0.000,4:0.000,5:0.000,6:0.000,7:0.000,8:0.000
step:10/2000 train_loss:5.9800 train_time:5891ms step_avg:589.05ms
step:10/2000 stf_stats calls:12 layers:6 score_mean:0.978251 score_max:0.988319 active_pre_mean:1.0000 active_mean:0.3500 active_min:0.3500 active_max:0.3500 active_by_layer:3:0.350,4:0.350,5:0.350,6:0.350,7:0.350,8:0.350 compute_mode:full_block_then_freeze computed_token_ratio:1.0000 active_token_ratio:0.3500 frozen_token_ratio:0.6500 actual_skip_ratio:0.0000 theoretical_skip_ratio:0.6500 skip_efficiency:0.0000 computed_by_layer:3:1.000,4:1.000,5:1.000,6:1.000,7:1.000,8:1.000 actual_skip_by_layer:3:0.000,4:0.000,5:0.000,6:0.000,7:0.000,8:0.000
step:100/2000 train_loss:3.8182 train_time:51686ms step_avg:516.86ms
step:100/2000 stf_stats calls:1080 layers:6 score_mean:0.861935 score_max:0.989626 active_pre_mean:1.0000 active_mean:0.3500 active_min:0.3500 active_max:0.3500 active_by_layer:3:0.350,4:0.350,5:0.350,6:0.350,7:0.350,8:0.350 compute_mode:full_block_then_freeze computed_token_ratio:1.0000 active_token_ratio:0.3500 frozen_token_ratio:0.6500 actual_skip_ratio:0.0000 theoretical_skip_ratio:0.6500 skip_efficiency:0.0000 computed_by_layer:3:1.000,4:1.000,5:1.000,6:1.000,7:1.000,8:1.000 actual_skip_by_layer:3:0.000,4:0.000,5:0.000,6:0.000,7:0.000,8:0.000
step:200/2000 train_loss:3.1996 train_time:102586ms step_avg:512.93ms
step:200/2000 stf_stats calls:1200 layers:6 score_mean:0.604839 score_max:0.929815 active_pre_mean:1.0000 active_mean:0.3500 active_min:0.3500 active_max:0.3500 active_by_layer:3:0.350,4:0.350,5:0.350,6:0.350,7:0.350,8:0.350 compute_mode:full_block_then_freeze computed_token_ratio:1.0000 active_token_ratio:0.3500 frozen_token_ratio:0.6500 actual_skip_ratio:0.0000 theoretical_skip_ratio:0.6500 skip_efficiency:0.0000 computed_by_layer:3:1.000,4:1.000,5:1.000,6:1.000,7:1.000,8:1.000 actual_skip_by_layer:3:0.000,4:0.000,5:0.000,6:0.000,7:0.000,8:0.000
step:200/2000 val_loss:3.2432 val_bpb:1.9208 train_time:102655ms step_avg:513.28ms
step:300/2000 train_loss:2.7720 train_time:153515ms step_avg:511.72ms
step:300/2000 stf_stats calls:2622 layers:6 score_mean:0.519666 score_max:0.833394 active_pre_mean:1.0000 active_mean:0.3500 active_min:0.3500 active_max:0.3500 active_by_layer:3:0.350,4:0.350,5:0.350,6:0.350,7:0.350,8:0.350 compute_mode:full_block_then_freeze computed_token_ratio:1.0000 active_token_ratio:0.3500 frozen_token_ratio:0.6500 actual_skip_ratio:0.0000 theoretical_skip_ratio:0.6500 skip_efficiency:0.0000 computed_by_layer:3:1.000,4:1.000,5:1.000,6:1.000,7:1.000,8:1.000 actual_skip_by_layer:3:0.000,4:0.000,5:0.000,6:0.000,7:0.000,8:0.000
step:400/2000 train_loss:2.5200 train_time:204461ms step_avg:511.15ms
step:400/2000 stf_stats calls:1200 layers:6 score_mean:0.550469 score_max:0.865867 active_pre_mean:1.0000 active_mean:0.3500 active_min:0.3500 active_max:0.3500 active_by_layer:3:0.350,4:0.350,5:0.350,6:0.350,7:0.350,8:0.350 compute_mode:full_block_then_freeze computed_token_ratio:1.0000 active_token_ratio:0.3500 frozen_token_ratio:0.6500 actual_skip_ratio:0.0000 theoretical_skip_ratio:0.6500 skip_efficiency:0.0000 computed_by_layer:3:1.000,4:1.000,5:1.000,6:1.000,7:1.000,8:1.000 actual_skip_by_layer:3:0.000,4:0.000,5:0.000,6:0.000,7:0.000,8:0.000
step:400/2000 val_loss:2.7308 val_bpb:1.6173 train_time:204530ms step_avg:511.32ms
step:500/2000 train_loss:2.5802 train_time:255392ms step_avg:510.78ms
step:500/2000 stf_stats calls:2622 layers:6 score_mean:0.559760 score_max:0.917387 active_pre_mean:1.0000 active_mean:0.3500 active_min:0.3500 active_max:0.3500 active_by_layer:3:0.350,4:0.350,5:0.350,6:0.350,7:0.350,8:0.350 compute_mode:full_block_then_freeze computed_token_ratio:1.0000 active_token_ratio:0.3500 frozen_token_ratio:0.6500 actual_skip_ratio:0.0000 theoretical_skip_ratio:0.6500 skip_efficiency:0.0000 computed_by_layer:3:1.000,4:1.000,5:1.000,6:1.000,7:1.000,8:1.000 actual_skip_by_layer:3:0.000,4:0.000,5:0.000,6:0.000,7:0.000,8:0.000
step:600/2000 train_loss:2.6481 train_time:306325ms step_avg:510.54ms
step:600/2000 stf_stats calls:1200 layers:6 score_mean:0.544451 score_max:0.909976 active_pre_mean:1.0000 active_mean:0.3500 active_min:0.3500 active_max:0.3500 active_by_layer:3:0.350,4:0.350,5:0.350,6:0.350,7:0.350,8:0.350 compute_mode:full_block_then_freeze computed_token_ratio:1.0000 active_token_ratio:0.3500 frozen_token_ratio:0.6500 actual_skip_ratio:0.0000 theoretical_skip_ratio:0.6500 skip_efficiency:0.0000 computed_by_layer:3:1.000,4:1.000,5:1.000,6:1.000,7:1.000,8:1.000 actual_skip_by_layer:3:0.000,4:0.000,5:0.000,6:0.000,7:0.000,8:0.000
step:600/2000 val_loss:2.5672 val_bpb:1.5204 train_time:306394ms step_avg:510.66ms
step:700/2000 train_loss:2.5189 train_time:357247ms step_avg:510.35ms
step:700/2000 stf_stats calls:2622 layers:6 score_mean:0.544915 score_max:0.895417 active_pre_mean:1.0000 active_mean:0.3500 active_min:0.3500 active_max:0.3500 active_by_layer:3:0.350,4:0.350,5:0.350,6:0.350,7:0.350,8:0.350 compute_mode:full_block_then_freeze computed_token_ratio:1.0000 active_token_ratio:0.3500 frozen_token_ratio:0.6500 actual_skip_ratio:0.0000 theoretical_skip_ratio:0.6500 skip_efficiency:0.0000 computed_by_layer:3:1.000,4:1.000,5:1.000,6:1.000,7:1.000,8:1.000 actual_skip_by_layer:3:0.000,4:0.000,5:0.000,6:0.000,7:0.000,8:0.000
step:800/2000 train_loss:2.4051 train_time:408162ms step_avg:510.20ms
step:800/2000 stf_stats calls:1200 layers:6 score_mean:0.542541 score_max:0.897350 active_pre_mean:1.0000 active_mean:0.3500 active_min:0.3500 active_max:0.3500 active_by_layer:3:0.350,4:0.350,5:0.350,6:0.350,7:0.350,8:0.350 compute_mode:full_block_then_freeze computed_token_ratio:1.0000 active_token_ratio:0.3500 frozen_token_ratio:0.6500 actual_skip_ratio:0.0000 theoretical_skip_ratio:0.6500 skip_efficiency:0.0000 computed_by_layer:3:1.000,4:1.000,5:1.000,6:1.000,7:1.000,8:1.000 actual_skip_by_layer:3:0.000,4:0.000,5:0.000,6:0.000,7:0.000,8:0.000
step:800/2000 val_loss:2.4755 val_bpb:1.4661 train_time:408233ms step_avg:510.29ms
step:900/2000 train_loss:2.4231 train_time:459085ms step_avg:510.09ms
step:900/2000 stf_stats calls:2622 layers:6 score_mean:0.546192 score_max:0.905919 active_pre_mean:1.0000 active_mean:0.3500 active_min:0.3500 active_max:0.3500 active_by_layer:3:0.350,4:0.350,5:0.350,6:0.350,7:0.350,8:0.350 compute_mode:full_block_then_freeze computed_token_ratio:1.0000 active_token_ratio:0.3500 frozen_token_ratio:0.6500 actual_skip_ratio:0.0000 theoretical_skip_ratio:0.6500 skip_efficiency:0.0000 computed_by_layer:3:1.000,4:1.000,5:1.000,6:1.000,7:1.000,8:1.000 actual_skip_by_layer:3:0.000,4:0.000,5:0.000,6:0.000,7:0.000,8:0.000
step:1000/2000 train_loss:2.4468 train_time:509995ms step_avg:510.00ms
step:1000/2000 stf_stats calls:1200 layers:6 score_mean:0.547913 score_max:0.897278 active_pre_mean:1.0000 active_mean:0.3500 active_min:0.3500 active_max:0.3500 active_by_layer:3:0.350,4:0.350,5:0.350,6:0.350,7:0.350,8:0.350 compute_mode:full_block_then_freeze computed_token_ratio:1.0000 active_token_ratio:0.3500 frozen_token_ratio:0.6500 actual_skip_ratio:0.0000 theoretical_skip_ratio:0.6500 skip_efficiency:0.0000 computed_by_layer:3:1.000,4:1.000,5:1.000,6:1.000,7:1.000,8:1.000 actual_skip_by_layer:3:0.000,4:0.000,5:0.000,6:0.000,7:0.000,8:0.000
step:1000/2000 val_loss:2.4075 val_bpb:1.4259 train_time:510064ms step_avg:510.06ms
step:1100/2000 train_loss:2.3860 train_time:560904ms step_avg:509.91ms
step:1100/2000 stf_stats calls:2622 layers:6 score_mean:0.547252 score_max:0.905969 active_pre_mean:1.0000 active_mean:0.3500 active_min:0.3500 active_max:0.3500 active_by_layer:3:0.350,4:0.350,5:0.350,6:0.350,7:0.350,8:0.350 compute_mode:full_block_then_freeze computed_token_ratio:1.0000 active_token_ratio:0.3500 frozen_token_ratio:0.6500 actual_skip_ratio:0.0000 theoretical_skip_ratio:0.6500 skip_efficiency:0.0000 computed_by_layer:3:1.000,4:1.000,5:1.000,6:1.000,7:1.000,8:1.000 actual_skip_by_layer:3:0.000,4:0.000,5:0.000,6:0.000,7:0.000,8:0.000
step:1200/2000 train_loss:2.4180 train_time:611815ms step_avg:509.85ms
step:1200/2000 stf_stats calls:1200 layers:6 score_mean:0.549733 score_max:0.897151 active_pre_mean:1.0000 active_mean:0.3500 active_min:0.3500 active_max:0.3500 active_by_layer:3:0.350,4:0.350,5:0.350,6:0.350,7:0.350,8:0.350 compute_mode:full_block_then_freeze computed_token_ratio:1.0000 active_token_ratio:0.3500 frozen_token_ratio:0.6500 actual_skip_ratio:0.0000 theoretical_skip_ratio:0.6500 skip_efficiency:0.0000 computed_by_layer:3:1.000,4:1.000,5:1.000,6:1.000,7:1.000,8:1.000 actual_skip_by_layer:3:0.000,4:0.000,5:0.000,6:0.000,7:0.000,8:0.000
step:1200/2000 val_loss:2.3609 val_bpb:1.3983 train_time:611884ms step_avg:509.90ms
step:1300/2000 train_loss:2.4047 train_time:662712ms step_avg:509.78ms
step:1300/2000 stf_stats calls:2622 layers:6 score_mean:0.548315 score_max:0.897301 active_pre_mean:1.0000 active_mean:0.3500 active_min:0.3500 active_max:0.3500 active_by_layer:3:0.350,4:0.350,5:0.350,6:0.350,7:0.350,8:0.350 compute_mode:full_block_then_freeze computed_token_ratio:1.0000 active_token_ratio:0.3500 frozen_token_ratio:0.6500 actual_skip_ratio:0.0000 theoretical_skip_ratio:0.6500 skip_efficiency:0.0000 computed_by_layer:3:1.000,4:1.000,5:1.000,6:1.000,7:1.000,8:1.000 actual_skip_by_layer:3:0.000,4:0.000,5:0.000,6:0.000,7:0.000,8:0.000
step:1400/2000 train_loss:2.4161 train_time:713620ms step_avg:509.73ms
step:1400/2000 stf_stats calls:1200 layers:6 score_mean:0.551757 score_max:0.900744 active_pre_mean:1.0000 active_mean:0.3500 active_min:0.3500 active_max:0.3500 active_by_layer:3:0.350,4:0.350,5:0.350,6:0.350,7:0.350,8:0.350 compute_mode:full_block_then_freeze computed_token_ratio:1.0000 active_token_ratio:0.3500 frozen_token_ratio:0.6500 actual_skip_ratio:0.0000 theoretical_skip_ratio:0.6500 skip_efficiency:0.0000 computed_by_layer:3:1.000,4:1.000,5:1.000,6:1.000,7:1.000,8:1.000 actual_skip_by_layer:3:0.000,4:0.000,5:0.000,6:0.000,7:0.000,8:0.000
step:1400/2000 val_loss:2.3267 val_bpb:1.3780 train_time:713689ms step_avg:509.78ms
step:1500/2000 train_loss:2.3338 train_time:764534ms step_avg:509.69ms
step:1500/2000 stf_stats calls:2622 layers:6 score_mean:0.551269 score_max:0.897973 active_pre_mean:1.0000 active_mean:0.3500 active_min:0.3500 active_max:0.3500 active_by_layer:3:0.350,4:0.350,5:0.350,6:0.350,7:0.350,8:0.350 compute_mode:full_block_then_freeze computed_token_ratio:1.0000 active_token_ratio:0.3500 frozen_token_ratio:0.6500 actual_skip_ratio:0.0000 theoretical_skip_ratio:0.6500 skip_efficiency:0.0000 computed_by_layer:3:1.000,4:1.000,5:1.000,6:1.000,7:1.000,8:1.000 actual_skip_by_layer:3:0.000,4:0.000,5:0.000,6:0.000,7:0.000,8:0.000
step:1600/2000 train_loss:2.1907 train_time:815463ms step_avg:509.66ms
step:1600/2000 stf_stats calls:1200 layers:6 score_mean:0.552431 score_max:0.900000 active_pre_mean:1.0000 active_mean:0.3500 active_min:0.3500 active_max:0.3500 active_by_layer:3:0.350,4:0.350,5:0.350,6:0.350,7:0.350,8:0.350 compute_mode:full_block_then_freeze computed_token_ratio:1.0000 active_token_ratio:0.3500 frozen_token_ratio:0.6500 actual_skip_ratio:0.0000 theoretical_skip_ratio:0.6500 skip_efficiency:0.0000 computed_by_layer:3:1.000,4:1.000,5:1.000,6:1.000,7:1.000,8:1.000 actual_skip_by_layer:3:0.000,4:0.000,5:0.000,6:0.000,7:0.000,8:0.000
step:1600/2000 val_loss:2.3002 val_bpb:1.3623 train_time:815532ms step_avg:509.71ms
step:1700/2000 train_loss:2.2420 train_time:866354ms step_avg:509.62ms
step:1700/2000 stf_stats calls:2622 layers:6 score_mean:0.550647 score_max:0.898544 active_pre_mean:1.0000 active_mean:0.3500 active_min:0.3500 active_max:0.3500 active_by_layer:3:0.350,4:0.350,5:0.350,6:0.350,7:0.350,8:0.350 compute_mode:full_block_then_freeze computed_token_ratio:1.0000 active_token_ratio:0.3500 frozen_token_ratio:0.6500 actual_skip_ratio:0.0000 theoretical_skip_ratio:0.6500 skip_efficiency:0.0000 computed_by_layer:3:1.000,4:1.000,5:1.000,6:1.000,7:1.000,8:1.000 actual_skip_by_layer:3:0.000,4:0.000,5:0.000,6:0.000,7:0.000,8:0.000
step:1800/2000 train_loss:2.2933 train_time:917254ms step_avg:509.59ms
step:1800/2000 stf_stats calls:1200 layers:6 score_mean:0.552237 score_max:0.892663 active_pre_mean:1.0000 active_mean:0.3500 active_min:0.3500 active_max:0.3500 active_by_layer:3:0.350,4:0.350,5:0.350,6:0.350,7:0.350,8:0.350 compute_mode:full_block_then_freeze computed_token_ratio:1.0000 active_token_ratio:0.3500 frozen_token_ratio:0.6500 actual_skip_ratio:0.0000 theoretical_skip_ratio:0.6500 skip_efficiency:0.0000 computed_by_layer:3:1.000,4:1.000,5:1.000,6:1.000,7:1.000,8:1.000 actual_skip_by_layer:3:0.000,4:0.000,5:0.000,6:0.000,7:0.000,8:0.000
step:1800/2000 val_loss:2.2751 val_bpb:1.3474 train_time:917323ms step_avg:509.62ms
step:1900/2000 train_loss:2.2359 train_time:968157ms step_avg:509.56ms
step:1900/2000 stf_stats calls:2622 layers:6 score_mean:0.552614 score_max:0.901822 active_pre_mean:1.0000 active_mean:0.3500 active_min:0.3500 active_max:0.3500 active_by_layer:3:0.350,4:0.350,5:0.350,6:0.350,7:0.350,8:0.350 compute_mode:full_block_then_freeze computed_token_ratio:1.0000 active_token_ratio:0.3500 frozen_token_ratio:0.6500 actual_skip_ratio:0.0000 theoretical_skip_ratio:0.6500 skip_efficiency:0.0000 computed_by_layer:3:1.000,4:1.000,5:1.000,6:1.000,7:1.000,8:1.000 actual_skip_by_layer:3:0.000,4:0.000,5:0.000,6:0.000,7:0.000,8:0.000
step:2000/2000 train_loss:2.2552 train_time:1019067ms step_avg:509.53ms
step:2000/2000 stf_stats calls:1200 layers:6 score_mean:0.553864 score_max:0.896215 active_pre_mean:1.0000 active_mean:0.3500 active_min:0.3500 active_max:0.3500 active_by_layer:3:0.350,4:0.350,5:0.350,6:0.350,7:0.350,8:0.350 compute_mode:full_block_then_freeze computed_token_ratio:1.0000 active_token_ratio:0.3500 frozen_token_ratio:0.6500 actual_skip_ratio:0.0000 theoretical_skip_ratio:0.6500 skip_efficiency:0.0000 computed_by_layer:3:1.000,4:1.000,5:1.000,6:1.000,7:1.000,8:1.000 actual_skip_by_layer:3:0.000,4:0.000,5:0.000,6:0.000,7:0.000,8:0.000
step:2000/2000 val_loss:2.2580 val_bpb:1.3373 train_time:1019137ms step_avg:509.57ms
peak memory allocated: 16930 MiB reserved: 17274 MiB
Serialized model: 67224983 bytes
Code size: 65627 bytes
Total submission size: 67290610 bytes
Serialized model int8+zlib: 14135323 bytes (payload:17178912 raw_torch:17224025 payload_ratio:3.91x)
Total submission size int8+zlib: 14200950 bytes
final_int8_zlib_roundtrip val_loss:2.2607 val_bpb:1.3389 eval_time:22092ms
final_int8_zlib_roundtrip_exact val_loss:2.26073538 val_bpb:1.33893484
